[ 2017-04-22T15:04:05+08:00 ] ::1 /demo/
INFO: [ app_init ] --START--
INFO: Run Behavior\BuildLiteBehavior [ RunTime:0.000000s ]
INFO: [ app_init ] --END-- [ RunTime:0.003906s ]
INFO: [ app_begin ] --START--
INFO: Run Behavior\ReadHtmlCacheBehavior [ RunTime:0.000977s ]
INFO: [ app_begin ] --END-- [ RunTime:0.000977s ]
NOTIC: [8] Undefined index: email C:\Apache\htdocs\demo\app\Home\Model\UserModel.class.php 第 7 行.
ERR: 1364:Field 'username' doesn't have a default value
 [ SQL语句 ] : INSERT INTO `userinfo` () VALUES ()
ERR: 1364:Field 'username' doesn't have a default value
 [ SQL语句 ] : INSERT INTO `userinfo` () VALUES ()

[ 2017-04-22T15:07:16+08:00 ] ::1 /demo/
INFO: [ app_init ] --START--
INFO: Run Behavior\BuildLiteBehavior [ RunTime:0.000000s ]
INFO: [ app_init ] --END-- [ RunTime:0.000000s ]
INFO: [ app_begin ] --START--
INFO: Run Behavior\ReadHtmlCacheBehavior [ RunTime:0.000976s ]
INFO: [ app_begin ] --END-- [ RunTime:0.000976s ]
NOTIC: [8] Undefined index: email C:\Apache\htdocs\demo\app\Home\Model\UserModel.class.php 第 7 行.
ERR: 1364:Field 'username' doesn't have a default value
 [ SQL语句 ] : INSERT INTO `userinfo` () VALUES ()
ERR: 1364:Field 'username' doesn't have a default value
 [ SQL语句 ] : INSERT INTO `userinfo` () VALUES ()

[ 2017-04-22T15:08:12+08:00 ] ::1 /demo/
INFO: [ app_init ] --START--
INFO: Run Behavior\BuildLiteBehavior [ RunTime:0.000000s ]
INFO: [ app_init ] --END-- [ RunTime:0.000000s ]
INFO: [ app_begin ] --START--
INFO: Run Behavior\ReadHtmlCacheBehavior [ RunTime:0.000977s ]
INFO: [ app_begin ] --END-- [ RunTime:0.000977s ]
NOTIC: [8] Undefined index: email C:\Apache\htdocs\demo\app\Home\Model\UserModel.class.php 第 7 行.
ERR: 1364:Field 'username' doesn't have a default value
 [ SQL语句 ] : INSERT INTO `userinfo` () VALUES ()
ERR: 1364:Field 'username' doesn't have a default value
 [ SQL语句 ] : INSERT INTO `userinfo` () VALUES ()

[ 2017-04-22T15:08:53+08:00 ] ::1 /demo/
INFO: [ app_init ] --START--
INFO: Run Behavior\BuildLiteBehavior [ RunTime:0.000000s ]
INFO: [ app_init ] --END-- [ RunTime:0.000000s ]
INFO: [ app_begin ] --START--
INFO: Run Behavior\ReadHtmlCacheBehavior [ RunTime:0.000000s ]
INFO: [ app_begin ] --END-- [ RunTime:0.000000s ]
NOTIC: [8] Undefined index: email C:\Apache\htdocs\demo\app\Home\Model\UserModel.class.php 第 7 行.
ERR: 1364:Field 'username' doesn't have a default value
 [ SQL语句 ] : INSERT INTO `userinfo` () VALUES ()
ERR: 1364:Field 'username' doesn't have a default value
 [ SQL语句 ] : INSERT INTO `userinfo` () VALUES ()

[ 2017-04-22T15:45:59+08:00 ] ::1 /demo/
INFO: [ app_init ] --START--
INFO: Run Behavior\BuildLiteBehavior [ RunTime:0.000000s ]
INFO: [ app_init ] --END-- [ RunTime:0.000976s ]
INFO: [ app_begin ] --START--
INFO: Run Behavior\ReadHtmlCacheBehavior [ RunTime:0.000000s ]
INFO: [ app_begin ] --END-- [ RunTime:0.000000s ]
NOTIC: [8] Undefined index: email C:\Apache\htdocs\demo\app\Home\Model\UserModel.class.php 第 7 行.
ERR: 1364:Field 'userstatus' doesn't have a default value
 [ SQL语句 ] : INSERT INTO `userinfo` (`username`,`userpass`,`uniqid`) VALUES ('haopengfei','1233456s','kdfjklsdjf23423423')
ERR: 1364:Field 'userstatus' doesn't have a default value
 [ SQL语句 ] : INSERT INTO `userinfo` (`username`,`userpass`,`uniqid`) VALUES ('haopengfei','1233456s','kdfjklsdjf23423423')

[ 2017-04-22T15:46:44+08:00 ] ::1 /demo/
INFO: [ app_init ] --START--
INFO: Run Behavior\BuildLiteBehavior [ RunTime:0.000000s ]
INFO: [ app_init ] --END-- [ RunTime:0.000000s ]
INFO: [ app_begin ] --START--
INFO: Run Behavior\ReadHtmlCacheBehavior [ RunTime:0.000976s ]
INFO: [ app_begin ] --END-- [ RunTime:0.000976s ]
NOTIC: [8] Undefined index: email C:\Apache\htdocs\demo\app\Home\Model\UserModel.class.php 第 7 行.
ERR: 1364:Field 'useremaill' doesn't have a default value
 [ SQL语句 ] : INSERT INTO `userinfo` (`username`,`userpass`,`uniqid`,`userstatus`) VALUES ('haopengfei','1233456s','kdfjklsdjf23423423','0')
ERR: 1364:Field 'useremaill' doesn't have a default value
 [ SQL语句 ] : INSERT INTO `userinfo` (`username`,`userpass`,`uniqid`,`userstatus`) VALUES ('haopengfei','1233456s','kdfjklsdjf23423423','0')

[ 2017-04-22T15:46:46+08:00 ] ::1 /demo/
INFO: [ app_init ] --START--
INFO: Run Behavior\BuildLiteBehavior [ RunTime:0.000000s ]
INFO: [ app_init ] --END-- [ RunTime:0.000000s ]
INFO: [ app_begin ] --START--
INFO: Run Behavior\ReadHtmlCacheBehavior [ RunTime:0.000977s ]
INFO: [ app_begin ] --END-- [ RunTime:0.000977s ]
NOTIC: [8] Undefined index: email C:\Apache\htdocs\demo\app\Home\Model\UserModel.class.php 第 7 行.
ERR: 1364:Field 'useremaill' doesn't have a default value
 [ SQL语句 ] : INSERT INTO `userinfo` (`username`,`userpass`,`uniqid`,`userstatus`) VALUES ('haopengfei','1233456s','kdfjklsdjf23423423','0')
ERR: 1364:Field 'useremaill' doesn't have a default value
 [ SQL语句 ] : INSERT INTO `userinfo` (`username`,`userpass`,`uniqid`,`userstatus`) VALUES ('haopengfei','1233456s','kdfjklsdjf23423423','0')

[ 2017-04-22T15:47:04+08:00 ] ::1 /demo/
INFO: [ app_init ] --START--
INFO: Run Behavior\BuildLiteBehavior [ RunTime:0.000000s ]
INFO: [ app_init ] --END-- [ RunTime:0.000000s ]
INFO: [ app_begin ] --START--
INFO: Run Behavior\ReadHtmlCacheBehavior [ RunTime:0.000976s ]
INFO: [ app_begin ] --END-- [ RunTime:0.000976s ]
NOTIC: [8] Undefined index: email C:\Apache\htdocs\demo\app\Home\Model\UserModel.class.php 第 7 行.
ERR: 1364:Field 'useremaill' doesn't have a default value
 [ SQL语句 ] : INSERT INTO `userinfo` (`username`,`userpass`,`uniqid`,`userstatus`) VALUES ('haopengfei','1233456s','kdfjklsdjf23423423','0')
ERR: 1364:Field 'useremaill' doesn't have a default value
 [ SQL语句 ] : INSERT INTO `userinfo` (`username`,`userpass`,`uniqid`,`userstatus`) VALUES ('haopengfei','1233456s','kdfjklsdjf23423423','0')

[ 2017-04-22T15:47:06+08:00 ] ::1 /demo/
INFO: [ app_init ] --START--
INFO: Run Behavior\BuildLiteBehavior [ RunTime:0.000000s ]
INFO: [ app_init ] --END-- [ RunTime:0.000977s ]
INFO: [ app_begin ] --START--
INFO: Run Behavior\ReadHtmlCacheBehavior [ RunTime:0.000000s ]
INFO: [ app_begin ] --END-- [ RunTime:0.000977s ]
NOTIC: [8] Undefined index: email C:\Apache\htdocs\demo\app\Home\Model\UserModel.class.php 第 7 行.
ERR: 1364:Field 'useremaill' doesn't have a default value
 [ SQL语句 ] : INSERT INTO `userinfo` (`username`,`userpass`,`uniqid`,`userstatus`) VALUES ('haopengfei','1233456s','kdfjklsdjf23423423','0')
ERR: 1364:Field 'useremaill' doesn't have a default value
 [ SQL语句 ] : INSERT INTO `userinfo` (`username`,`userpass`,`uniqid`,`userstatus`) VALUES ('haopengfei','1233456s','kdfjklsdjf23423423','0')

[ 2017-04-22T15:47:39+08:00 ] ::1 /demo/
INFO: [ app_init ] --START--
INFO: Run Behavior\BuildLiteBehavior [ RunTime:0.000000s ]
INFO: [ app_init ] --END-- [ RunTime:0.000000s ]
INFO: [ app_begin ] --START--
INFO: Run Behavior\ReadHtmlCacheBehavior [ RunTime:0.000000s ]
INFO: [ app_begin ] --END-- [ RunTime:0.000000s ]
NOTIC: [8] Undefined index: email C:\Apache\htdocs\demo\app\Home\Model\UserModel.class.php 第 7 行.
ERR: 1364:Field 'useremaill' doesn't have a default value
 [ SQL语句 ] : INSERT INTO `userinfo` (`username`,`userpass`,`uniqid`,`userstatus`) VALUES ('haopengfei','1233456s','kdfjklsdjf23423423','0')
ERR: 1364:Field 'useremaill' doesn't have a default value
 [ SQL语句 ] : INSERT INTO `userinfo` (`username`,`userpass`,`uniqid`,`userstatus`) VALUES ('haopengfei','1233456s','kdfjklsdjf23423423','0')

[ 2017-04-22T15:47:41+08:00 ] ::1 /demo/
INFO: [ app_init ] --START--
INFO: Run Behavior\BuildLiteBehavior [ RunTime:0.000000s ]
INFO: [ app_init ] --END-- [ RunTime:0.000000s ]
INFO: [ app_begin ] --START--
INFO: Run Behavior\ReadHtmlCacheBehavior [ RunTime:0.000000s ]
INFO: [ app_begin ] --END-- [ RunTime:0.000000s ]
NOTIC: [8] Undefined index: email C:\Apache\htdocs\demo\app\Home\Model\UserModel.class.php 第 7 行.
ERR: 1364:Field 'useremaill' doesn't have a default value
 [ SQL语句 ] : INSERT INTO `userinfo` (`username`,`userpass`,`uniqid`,`userstatus`) VALUES ('haopengfei','1233456s','kdfjklsdjf23423423','0')
ERR: 1364:Field 'useremaill' doesn't have a default value
 [ SQL语句 ] : INSERT INTO `userinfo` (`username`,`userpass`,`uniqid`,`userstatus`) VALUES ('haopengfei','1233456s','kdfjklsdjf23423423','0')

[ 2017-04-22T15:47:43+08:00 ] ::1 /demo/
INFO: [ app_init ] --START--
INFO: Run Behavior\BuildLiteBehavior [ RunTime:0.000000s ]
INFO: [ app_init ] --END-- [ RunTime:0.000976s ]
INFO: [ app_begin ] --START--
INFO: Run Behavior\ReadHtmlCacheBehavior [ RunTime:0.000976s ]
INFO: [ app_begin ] --END-- [ RunTime:0.000976s ]
NOTIC: [8] Undefined index: email C:\Apache\htdocs\demo\app\Home\Model\UserModel.class.php 第 7 行.
ERR: 1364:Field 'useremaill' doesn't have a default value
 [ SQL语句 ] : INSERT INTO `userinfo` (`username`,`userpass`,`uniqid`,`userstatus`) VALUES ('haopengfei','1233456s','kdfjklsdjf23423423','0')
ERR: 1364:Field 'useremaill' doesn't have a default value
 [ SQL语句 ] : INSERT INTO `userinfo` (`username`,`userpass`,`uniqid`,`userstatus`) VALUES ('haopengfei','1233456s','kdfjklsdjf23423423','0')

[ 2017-04-22T15:47:43+08:00 ] ::1 /demo/
INFO: [ app_init ] --START--
INFO: Run Behavior\BuildLiteBehavior [ RunTime:0.000000s ]
INFO: [ app_init ] --END-- [ RunTime:0.000000s ]
INFO: [ app_begin ] --START--
INFO: Run Behavior\ReadHtmlCacheBehavior [ RunTime:0.000977s ]
INFO: [ app_begin ] --END-- [ RunTime:0.000977s ]
NOTIC: [8] Undefined index: email C:\Apache\htdocs\demo\app\Home\Model\UserModel.class.php 第 7 行.
ERR: 1364:Field 'useremaill' doesn't have a default value
 [ SQL语句 ] : INSERT INTO `userinfo` (`username`,`userpass`,`uniqid`,`userstatus`) VALUES ('haopengfei','1233456s','kdfjklsdjf23423423','0')
ERR: 1364:Field 'useremaill' doesn't have a default value
 [ SQL语句 ] : INSERT INTO `userinfo` (`username`,`userpass`,`uniqid`,`userstatus`) VALUES ('haopengfei','1233456s','kdfjklsdjf23423423','0')

[ 2017-04-22T15:47:44+08:00 ] ::1 /demo/
INFO: [ app_init ] --START--
INFO: Run Behavior\BuildLiteBehavior [ RunTime:0.000000s ]
INFO: [ app_init ] --END-- [ RunTime:0.000000s ]
INFO: [ app_begin ] --START--
INFO: Run Behavior\ReadHtmlCacheBehavior [ RunTime:0.000977s ]
INFO: [ app_begin ] --END-- [ RunTime:0.000977s ]
NOTIC: [8] Undefined index: email C:\Apache\htdocs\demo\app\Home\Model\UserModel.class.php 第 7 行.
ERR: 1364:Field 'useremaill' doesn't have a default value
 [ SQL语句 ] : INSERT INTO `userinfo` (`username`,`userpass`,`uniqid`,`userstatus`) VALUES ('haopengfei','1233456s','kdfjklsdjf23423423','0')
ERR: 1364:Field 'useremaill' doesn't have a default value
 [ SQL语句 ] : INSERT INTO `userinfo` (`username`,`userpass`,`uniqid`,`userstatus`) VALUES ('haopengfei','1233456s','kdfjklsdjf23423423','0')

[ 2017-04-22T15:47:44+08:00 ] ::1 /demo/
INFO: [ app_init ] --START--
INFO: Run Behavior\BuildLiteBehavior [ RunTime:0.000000s ]
INFO: [ app_init ] --END-- [ RunTime:0.000000s ]
INFO: [ app_begin ] --START--
INFO: Run Behavior\ReadHtmlCacheBehavior [ RunTime:0.000976s ]
INFO: [ app_begin ] --END-- [ RunTime:0.000976s ]
NOTIC: [8] Undefined index: email C:\Apache\htdocs\demo\app\Home\Model\UserModel.class.php 第 7 行.
ERR: 1364:Field 'useremaill' doesn't have a default value
 [ SQL语句 ] : INSERT INTO `userinfo` (`username`,`userpass`,`uniqid`,`userstatus`) VALUES ('haopengfei','1233456s','kdfjklsdjf23423423','0')
ERR: 1364:Field 'useremaill' doesn't have a default value
 [ SQL语句 ] : INSERT INTO `userinfo` (`username`,`userpass`,`uniqid`,`userstatus`) VALUES ('haopengfei','1233456s','kdfjklsdjf23423423','0')

[ 2017-04-22T15:47:44+08:00 ] ::1 /demo/
INFO: [ app_init ] --START--
INFO: Run Behavior\BuildLiteBehavior [ RunTime:0.000000s ]
INFO: [ app_init ] --END-- [ RunTime:0.000977s ]
INFO: [ app_begin ] --START--
INFO: Run Behavior\ReadHtmlCacheBehavior [ RunTime:0.000977s ]
INFO: [ app_begin ] --END-- [ RunTime:0.000977s ]
NOTIC: [8] Undefined index: email C:\Apache\htdocs\demo\app\Home\Model\UserModel.class.php 第 7 行.
ERR: 1364:Field 'useremaill' doesn't have a default value
 [ SQL语句 ] : INSERT INTO `userinfo` (`username`,`userpass`,`uniqid`,`userstatus`) VALUES ('haopengfei','1233456s','kdfjklsdjf23423423','0')
ERR: 1364:Field 'useremaill' doesn't have a default value
 [ SQL语句 ] : INSERT INTO `userinfo` (`username`,`userpass`,`uniqid`,`userstatus`) VALUES ('haopengfei','1233456s','kdfjklsdjf23423423','0')

[ 2017-04-22T15:47:44+08:00 ] ::1 /demo/
INFO: [ app_init ] --START--
INFO: Run Behavior\BuildLiteBehavior [ RunTime:0.000000s ]
INFO: [ app_init ] --END-- [ RunTime:0.000000s ]
INFO: [ app_begin ] --START--
INFO: Run Behavior\ReadHtmlCacheBehavior [ RunTime:0.000977s ]
INFO: [ app_begin ] --END-- [ RunTime:0.000977s ]
NOTIC: [8] Undefined index: email C:\Apache\htdocs\demo\app\Home\Model\UserModel.class.php 第 7 行.
ERR: 1364:Field 'useremaill' doesn't have a default value
 [ SQL语句 ] : INSERT INTO `userinfo` (`username`,`userpass`,`uniqid`,`userstatus`) VALUES ('haopengfei','1233456s','kdfjklsdjf23423423','0')
ERR: 1364:Field 'useremaill' doesn't have a default value
 [ SQL语句 ] : INSERT INTO `userinfo` (`username`,`userpass`,`uniqid`,`userstatus`) VALUES ('haopengfei','1233456s','kdfjklsdjf23423423','0')

[ 2017-04-22T15:47:45+08:00 ] ::1 /demo/
INFO: [ app_init ] --START--
INFO: Run Behavior\BuildLiteBehavior [ RunTime:0.000000s ]
INFO: [ app_init ] --END-- [ RunTime:0.000000s ]
INFO: [ app_begin ] --START--
INFO: Run Behavior\ReadHtmlCacheBehavior [ RunTime:0.000000s ]
INFO: [ app_begin ] --END-- [ RunTime:0.000000s ]
NOTIC: [8] Undefined index: email C:\Apache\htdocs\demo\app\Home\Model\UserModel.class.php 第 7 行.
ERR: 1364:Field 'useremaill' doesn't have a default value
 [ SQL语句 ] : INSERT INTO `userinfo` (`username`,`userpass`,`uniqid`,`userstatus`) VALUES ('haopengfei','1233456s','kdfjklsdjf23423423','0')
ERR: 1364:Field 'useremaill' doesn't have a default value
 [ SQL语句 ] : INSERT INTO `userinfo` (`username`,`userpass`,`uniqid`,`userstatus`) VALUES ('haopengfei','1233456s','kdfjklsdjf23423423','0')

[ 2017-04-22T15:47:45+08:00 ] ::1 /demo/
INFO: [ app_init ] --START--
INFO: Run Behavior\BuildLiteBehavior [ RunTime:0.000000s ]
INFO: [ app_init ] --END-- [ RunTime:0.000000s ]
INFO: [ app_begin ] --START--
INFO: Run Behavior\ReadHtmlCacheBehavior [ RunTime:0.000000s ]
INFO: [ app_begin ] --END-- [ RunTime:0.000000s ]
NOTIC: [8] Undefined index: email C:\Apache\htdocs\demo\app\Home\Model\UserModel.class.php 第 7 行.
ERR: 1364:Field 'useremaill' doesn't have a default value
 [ SQL语句 ] : INSERT INTO `userinfo` (`username`,`userpass`,`uniqid`,`userstatus`) VALUES ('haopengfei','1233456s','kdfjklsdjf23423423','0')
ERR: 1364:Field 'useremaill' doesn't have a default value
 [ SQL语句 ] : INSERT INTO `userinfo` (`username`,`userpass`,`uniqid`,`userstatus`) VALUES ('haopengfei','1233456s','kdfjklsdjf23423423','0')

[ 2017-04-22T15:47:45+08:00 ] ::1 /demo/
INFO: [ app_init ] --START--
INFO: Run Behavior\BuildLiteBehavior [ RunTime:0.000000s ]
INFO: [ app_init ] --END-- [ RunTime:0.000000s ]
INFO: [ app_begin ] --START--
INFO: Run Behavior\ReadHtmlCacheBehavior [ RunTime:0.000977s ]
INFO: [ app_begin ] --END-- [ RunTime:0.000977s ]
NOTIC: [8] Undefined index: email C:\Apache\htdocs\demo\app\Home\Model\UserModel.class.php 第 7 行.
ERR: 1364:Field 'useremaill' doesn't have a default value
 [ SQL语句 ] : INSERT INTO `userinfo` (`username`,`userpass`,`uniqid`,`userstatus`) VALUES ('haopengfei','1233456s','kdfjklsdjf23423423','0')
ERR: 1364:Field 'useremaill' doesn't have a default value
 [ SQL语句 ] : INSERT INTO `userinfo` (`username`,`userpass`,`uniqid`,`userstatus`) VALUES ('haopengfei','1233456s','kdfjklsdjf23423423','0')

[ 2017-04-22T15:48:10+08:00 ] ::1 /demo/
INFO: [ app_init ] --START--
INFO: Run Behavior\BuildLiteBehavior [ RunTime:0.000000s ]
INFO: [ app_init ] --END-- [ RunTime:0.000000s ]
INFO: [ app_begin ] --START--
INFO: Run Behavior\ReadHtmlCacheBehavior [ RunTime:0.000977s ]
INFO: [ app_begin ] --END-- [ RunTime:0.000977s ]
NOTIC: [8] Undefined index: email C:\Apache\htdocs\demo\app\Home\Model\UserModel.class.php 第 7 行.
ERR: 1364:Field 'useremaill' doesn't have a default value
 [ SQL语句 ] : INSERT INTO `userinfo` (`username`,`userpass`,`uniqid`,`userstatus`) VALUES ('haopengfei','1233456s','kdfjklsdjf23423423','0')
ERR: 1364:Field 'useremaill' doesn't have a default value
 [ SQL语句 ] : INSERT INTO `userinfo` (`username`,`userpass`,`uniqid`,`userstatus`) VALUES ('haopengfei','1233456s','kdfjklsdjf23423423','0')

[ 2017-04-22T15:48:29+08:00 ] ::1 /demo/
INFO: [ app_init ] --START--
INFO: Run Behavior\BuildLiteBehavior [ RunTime:0.000000s ]
INFO: [ app_init ] --END-- [ RunTime:0.000000s ]
INFO: [ app_begin ] --START--
INFO: Run Behavior\ReadHtmlCacheBehavior [ RunTime:0.000000s ]
INFO: [ app_begin ] --END-- [ RunTime:0.000000s ]
NOTIC: [8] Undefined index: email C:\Apache\htdocs\demo\app\Home\Model\UserModel.class.php 第 7 行.
ERR: 1364:Field 'useremaill' doesn't have a default value
 [ SQL语句 ] : INSERT INTO `userinfo` (`username`,`userpass`,`uniqid`,`userstatus`) VALUES ('haopengfei','1233456s','kdfjklsdjf23423423','0')
ERR: 1364:Field 'useremaill' doesn't have a default value
 [ SQL语句 ] : INSERT INTO `userinfo` (`username`,`userpass`,`uniqid`,`userstatus`) VALUES ('haopengfei','1233456s','kdfjklsdjf23423423','0')

[ 2017-04-22T15:48:31+08:00 ] ::1 /demo/
INFO: [ app_init ] --START--
INFO: Run Behavior\BuildLiteBehavior [ RunTime:0.000000s ]
INFO: [ app_init ] --END-- [ RunTime:0.000000s ]
INFO: [ app_begin ] --START--
INFO: Run Behavior\ReadHtmlCacheBehavior [ RunTime:0.000977s ]
INFO: [ app_begin ] --END-- [ RunTime:0.000977s ]
NOTIC: [8] Undefined index: email C:\Apache\htdocs\demo\app\Home\Model\UserModel.class.php 第 7 行.
ERR: 1364:Field 'useremaill' doesn't have a default value
 [ SQL语句 ] : INSERT INTO `userinfo` (`username`,`userpass`,`uniqid`,`userstatus`) VALUES ('haopengfei','1233456s','kdfjklsdjf23423423','0')
ERR: 1364:Field 'useremaill' doesn't have a default value
 [ SQL语句 ] : INSERT INTO `userinfo` (`username`,`userpass`,`uniqid`,`userstatus`) VALUES ('haopengfei','1233456s','kdfjklsdjf23423423','0')

[ 2017-04-22T15:58:28+08:00 ] ::1 /demo/
INFO: [ app_init ] --START--
INFO: Run Behavior\BuildLiteBehavior [ RunTime:0.000000s ]
INFO: [ app_init ] --END-- [ RunTime:0.000000s ]
INFO: [ app_begin ] --START--
INFO: Run Behavior\ReadHtmlCacheBehavior [ RunTime:0.000000s ]
INFO: [ app_begin ] --END-- [ RunTime:0.000000s ]
NOTIC: [8] Undefined index: email C:\Apache\htdocs\demo\app\Home\Model\UserModel.class.php 第 7 行.
ERR: 1364:Field 'useremaill' doesn't have a default value
 [ SQL语句 ] : INSERT INTO `userinfo` (`username`,`userpass`,`uniqid`,`userstatus`) VALUES ('haopengfei','1233456s','kdfjklsdjf23423423','0')
ERR: 1364:Field 'useremaill' doesn't have a default value
 [ SQL语句 ] : INSERT INTO `userinfo` (`username`,`userpass`,`uniqid`,`userstatus`) VALUES ('haopengfei','1233456s','kdfjklsdjf23423423','0')

[ 2017-04-22T15:58:29+08:00 ] ::1 /demo/
INFO: [ app_init ] --START--
INFO: Run Behavior\BuildLiteBehavior [ RunTime:0.000000s ]
INFO: [ app_init ] --END-- [ RunTime:0.000000s ]
INFO: [ app_begin ] --START--
INFO: Run Behavior\ReadHtmlCacheBehavior [ RunTime:0.000000s ]
INFO: [ app_begin ] --END-- [ RunTime:0.000000s ]
NOTIC: [8] Undefined index: email C:\Apache\htdocs\demo\app\Home\Model\UserModel.class.php 第 7 行.
ERR: 1364:Field 'useremaill' doesn't have a default value
 [ SQL语句 ] : INSERT INTO `userinfo` (`username`,`userpass`,`uniqid`,`userstatus`) VALUES ('haopengfei','1233456s','kdfjklsdjf23423423','0')
ERR: 1364:Field 'useremaill' doesn't have a default value
 [ SQL语句 ] : INSERT INTO `userinfo` (`username`,`userpass`,`uniqid`,`userstatus`) VALUES ('haopengfei','1233456s','kdfjklsdjf23423423','0')

[ 2017-04-22T15:59:11+08:00 ] ::1 /demo/
INFO: [ app_init ] --START--
INFO: Run Behavior\BuildLiteBehavior [ RunTime:0.000000s ]
INFO: [ app_init ] --END-- [ RunTime:0.000000s ]
INFO: [ app_begin ] --START--
INFO: Run Behavior\ReadHtmlCacheBehavior [ RunTime:0.000976s ]
INFO: [ app_begin ] --END-- [ RunTime:0.000976s ]
NOTIC: [8] Undefined index: email C:\Apache\htdocs\demo\app\Home\Model\UserModel.class.php 第 7 行.
ERR: 1364:Field 'useremaill' doesn't have a default value
 [ SQL语句 ] : INSERT INTO `userinfo` (`username`,`userpass`,`uniqid`,`userstatus`) VALUES ('haopengfei','1233456s','kdfjklsdjf23423423','0')
ERR: 1364:Field 'useremaill' doesn't have a default value
 [ SQL语句 ] : INSERT INTO `userinfo` (`username`,`userpass`,`uniqid`,`userstatus`) VALUES ('haopengfei','1233456s','kdfjklsdjf23423423','0')

[ 2017-04-22T15:59:15+08:00 ] ::1 /demo/
INFO: [ app_init ] --START--
INFO: Run Behavior\BuildLiteBehavior [ RunTime:0.000000s ]
INFO: [ app_init ] --END-- [ RunTime:0.000977s ]
INFO: [ app_begin ] --START--
INFO: Run Behavior\ReadHtmlCacheBehavior [ RunTime:0.000000s ]
INFO: [ app_begin ] --END-- [ RunTime:0.000000s ]
NOTIC: [8] Undefined index: email C:\Apache\htdocs\demo\app\Home\Model\UserModel.class.php 第 7 行.
ERR: 1364:Field 'useremaill' doesn't have a default value
 [ SQL语句 ] : INSERT INTO `userinfo` (`username`,`userpass`,`uniqid`,`userstatus`) VALUES ('haopengfei','1233456s','kdfjklsdjf23423423','0')
ERR: 1364:Field 'useremaill' doesn't have a default value
 [ SQL语句 ] : INSERT INTO `userinfo` (`username`,`userpass`,`uniqid`,`userstatus`) VALUES ('haopengfei','1233456s','kdfjklsdjf23423423','0')

[ 2017-04-22T15:59:32+08:00 ] ::1 /demo/
INFO: [ app_init ] --START--
INFO: Run Behavior\BuildLiteBehavior [ RunTime:0.000000s ]
INFO: [ app_init ] --END-- [ RunTime:0.000000s ]
INFO: [ app_begin ] --START--
INFO: Run Behavior\ReadHtmlCacheBehavior [ RunTime:0.001954s ]
INFO: [ app_begin ] --END-- [ RunTime:0.001954s ]
ERR: 1364:Field 'useremaill' doesn't have a default value
 [ SQL语句 ] : INSERT INTO `userinfo` (`username`,`userpass`,`uniqid`,`userstatus`) VALUES ('haopengfei','1233456s','kdfjklsdjf23423423','0')
ERR: 1364:Field 'useremaill' doesn't have a default value
 [ SQL语句 ] : INSERT INTO `userinfo` (`username`,`userpass`,`uniqid`,`userstatus`) VALUES ('haopengfei','1233456s','kdfjklsdjf23423423','0')

[ 2017-04-22T15:59:33+08:00 ] ::1 /demo/
INFO: [ app_init ] --START--
INFO: Run Behavior\BuildLiteBehavior [ RunTime:0.000000s ]
INFO: [ app_init ] --END-- [ RunTime:0.000000s ]
INFO: [ app_begin ] --START--
INFO: Run Behavior\ReadHtmlCacheBehavior [ RunTime:0.000000s ]
INFO: [ app_begin ] --END-- [ RunTime:0.000000s ]
ERR: 1364:Field 'useremaill' doesn't have a default value
 [ SQL语句 ] : INSERT INTO `userinfo` (`username`,`userpass`,`uniqid`,`userstatus`) VALUES ('haopengfei','1233456s','kdfjklsdjf23423423','0')
ERR: 1364:Field 'useremaill' doesn't have a default value
 [ SQL语句 ] : INSERT INTO `userinfo` (`username`,`userpass`,`uniqid`,`userstatus`) VALUES ('haopengfei','1233456s','kdfjklsdjf23423423','0')

[ 2017-04-22T16:00:29+08:00 ] ::1 /demo/
INFO: [ app_init ] --START--
INFO: Run Behavior\BuildLiteBehavior [ RunTime:0.000000s ]
INFO: [ app_init ] --END-- [ RunTime:0.000977s ]
INFO: [ app_begin ] --START--
INFO: Run Behavior\ReadHtmlCacheBehavior [ RunTime:0.001953s ]
INFO: [ app_begin ] --END-- [ RunTime:0.001953s ]
ERR: 1364:Field 'useremaill' doesn't have a default value
 [ SQL语句 ] : INSERT INTO `userinfo` (`username`,`userpass`,`uniqid`,`userstatus`) VALUES ('haopengfei','1233456s','kdfjklsdjf23423423','0')
ERR: 1364:Field 'useremaill' doesn't have a default value
 [ SQL语句 ] : INSERT INTO `userinfo` (`username`,`userpass`,`uniqid`,`userstatus`) VALUES ('haopengfei','1233456s','kdfjklsdjf23423423','0')

[ 2017-04-22T16:03:18+08:00 ] ::1 /demo/
INFO: [ app_init ] --START--
INFO: Run Behavior\BuildLiteBehavior [ RunTime:0.000000s ]
INFO: [ app_init ] --END-- [ RunTime:0.000000s ]
INFO: [ app_begin ] --START--
INFO: Run Behavior\ReadHtmlCacheBehavior [ RunTime:0.000977s ]
INFO: [ app_begin ] --END-- [ RunTime:0.000977s ]
ERR: 1364:Field 'useremaill' doesn't have a default value
 [ SQL语句 ] : INSERT INTO `userinfo` (`username`,`userpass`,`uniqid`,`userstatus`) VALUES ('haopengfei','1233456s','kdfjklsdjf23423423','0')
ERR: 1364:Field 'useremaill' doesn't have a default value
 [ SQL语句 ] : INSERT INTO `userinfo` (`username`,`userpass`,`uniqid`,`userstatus`) VALUES ('haopengfei','1233456s','kdfjklsdjf23423423','0')

[ 2017-04-22T16:03:20+08:00 ] ::1 /demo/
INFO: [ app_init ] --START--
INFO: Run Behavior\BuildLiteBehavior [ RunTime:0.000000s ]
INFO: [ app_init ] --END-- [ RunTime:0.000976s ]
INFO: [ app_begin ] --START--
INFO: Run Behavior\ReadHtmlCacheBehavior [ RunTime:0.000000s ]
INFO: [ app_begin ] --END-- [ RunTime:0.000000s ]
ERR: 1364:Field 'useremaill' doesn't have a default value
 [ SQL语句 ] : INSERT INTO `userinfo` (`username`,`userpass`,`uniqid`,`userstatus`) VALUES ('haopengfei','1233456s','kdfjklsdjf23423423','0')
ERR: 1364:Field 'useremaill' doesn't have a default value
 [ SQL语句 ] : INSERT INTO `userinfo` (`username`,`userpass`,`uniqid`,`userstatus`) VALUES ('haopengfei','1233456s','kdfjklsdjf23423423','0')

