[ 2017-05-09T08:52:14+08:00 ] ::1 /order/
INFO: [ app_init ] --START--
INFO: Run Behavior\BuildLiteBehavior [ RunTime:0.000034s ]
INFO: [ app_init ] --END-- [ RunTime:0.028459s ]

[ 2017-05-09T08:52:19+08:00 ] ::1 /order/index.php/Index/index
INFO: [ app_init ] --START--
INFO: Run Behavior\BuildLiteBehavior [ RunTime:0.000032s ]
INFO: [ app_init ] --END-- [ RunTime:0.000604s ]

[ 2017-05-09T08:52:20+08:00 ] ::1 /order/index.php/Index/login
INFO: [ app_init ] --START--
INFO: Run Behavior\BuildLiteBehavior [ RunTime:0.000027s ]
INFO: [ app_init ] --END-- [ RunTime:0.000528s ]

[ 2017-05-09T08:52:23+08:00 ] ::1 /order/index.php/Index/administrationorder/state/0
INFO: [ app_init ] --START--
INFO: Run Behavior\BuildLiteBehavior [ RunTime:0.000030s ]
INFO: [ app_init ] --END-- [ RunTime:0.000579s ]

[ 2017-05-09T08:52:24+08:00 ] ::1 /order/index.php/Index/administrationorder/state/1
INFO: [ app_init ] --START--
INFO: Run Behavior\BuildLiteBehavior [ RunTime:0.000028s ]
INFO: [ app_init ] --END-- [ RunTime:0.000674s ]

[ 2017-05-09T08:52:25+08:00 ] ::1 /order/index.php/Index/administrationorder/state/1/page/2
INFO: [ app_init ] --START--
INFO: Run Behavior\BuildLiteBehavior [ RunTime:0.000027s ]
INFO: [ app_init ] --END-- [ RunTime:0.000548s ]

[ 2017-05-09T08:52:26+08:00 ] ::1 /order/index.php/Index/administrationorder/state/1/page/3
INFO: [ app_init ] --START--
INFO: Run Behavior\BuildLiteBehavior [ RunTime:0.000027s ]
INFO: [ app_init ] --END-- [ RunTime:0.000578s ]

[ 2017-05-09T08:52:27+08:00 ] ::1 /order/index.php/Index/administrationorder/state/1/page/4
INFO: [ app_init ] --START--
INFO: Run Behavior\BuildLiteBehavior [ RunTime:0.000025s ]
INFO: [ app_init ] --END-- [ RunTime:0.000509s ]

[ 2017-05-09T08:52:28+08:00 ] ::1 /order/index.php/Index/administrationorder/state/1/page/5
INFO: [ app_init ] --START--
INFO: Run Behavior\BuildLiteBehavior [ RunTime:0.000028s ]
INFO: [ app_init ] --END-- [ RunTime:0.000553s ]

[ 2017-05-09T08:52:35+08:00 ] ::1 /order/index.php/Index/administrationorder/state/1/page/6
INFO: [ app_init ] --START--
INFO: Run Behavior\BuildLiteBehavior [ RunTime:0.000026s ]
INFO: [ app_init ] --END-- [ RunTime:0.000516s ]

[ 2017-05-09T08:52:36+08:00 ] ::1 /order/index.php/Index/administrationorder/state/1
INFO: [ app_init ] --START--
INFO: Run Behavior\BuildLiteBehavior [ RunTime:0.000029s ]
INFO: [ app_init ] --END-- [ RunTime:0.000612s ]

[ 2017-05-09T08:52:36+08:00 ] ::1 /order/index.php/Index/administrationorder/state/0
INFO: [ app_init ] --START--
INFO: Run Behavior\BuildLiteBehavior [ RunTime:0.000028s ]
INFO: [ app_init ] --END-- [ RunTime:0.000559s ]

[ 2017-05-09T09:15:10+08:00 ] ::1 /order/index.php/Index/administrationorder/state/0
INFO: [ app_init ] --START--
INFO: Run Behavior\BuildLiteBehavior [ RunTime:0.000039s ]
INFO: [ app_init ] --END-- [ RunTime:0.000629s ]

[ 2017-05-09T09:15:28+08:00 ] ::1 /order/index.php/Index/administrationorder/state/0
INFO: [ app_init ] --START--
INFO: Run Behavior\BuildLiteBehavior [ RunTime:0.000030s ]
INFO: [ app_init ] --END-- [ RunTime:0.000588s ]
ERR: 1146:Table 'ordermanagement.think_menu' doesn't exist
 [ SQL语句 ] : SELECT * FROM `order` INNER JOIN think_menu ON think_menu.id in (think_order.dishes)  

[ 2017-05-09T09:16:08+08:00 ] ::1 /order/index.php/Index/administrationorder/state/0
INFO: [ app_init ] --START--
INFO: Run Behavior\BuildLiteBehavior [ RunTime:0.000030s ]
INFO: [ app_init ] --END-- [ RunTime:0.000582s ]

[ 2017-05-09T09:27:50+08:00 ] ::1 /order/index.php/Index/administrationorder/state/0
INFO: [ app_init ] --START--
INFO: Run Behavior\BuildLiteBehavior [ RunTime:0.000053s ]
INFO: [ app_init ] --END-- [ RunTime:0.000737s ]

[ 2017-05-09T09:28:32+08:00 ] ::1 /order/index.php/Index/administrationorder/state/0
INFO: [ app_init ] --START--
INFO: Run Behavior\BuildLiteBehavior [ RunTime:0.000032s ]
INFO: [ app_init ] --END-- [ RunTime:0.000614s ]

[ 2017-05-09T09:28:41+08:00 ] ::1 /order/index.php/Index/administrationorder/state/0
INFO: [ app_init ] --START--
INFO: Run Behavior\BuildLiteBehavior [ RunTime:0.000028s ]
INFO: [ app_init ] --END-- [ RunTime:0.000529s ]

[ 2017-05-09T09:30:22+08:00 ] ::1 /order/index.php/Index/administrationorder/state/0
INFO: [ app_init ] --START--
INFO: Run Behavior\BuildLiteBehavior [ RunTime:0.000074s ]
INFO: [ app_init ] --END-- [ RunTime:0.000768s ]

[ 2017-05-09T09:30:45+08:00 ] ::1 /order/index.php/Index/administrationorder/state/0
INFO: [ app_init ] --START--
INFO: Run Behavior\BuildLiteBehavior [ RunTime:0.000027s ]
INFO: [ app_init ] --END-- [ RunTime:0.000553s ]

[ 2017-05-09T09:33:40+08:00 ] ::1 /order/index.php/Index/administrationorder/state/0
INFO: [ app_init ] --START--
INFO: Run Behavior\BuildLiteBehavior [ RunTime:0.000025s ]
INFO: [ app_init ] --END-- [ RunTime:0.000540s ]

[ 2017-05-09T09:33:51+08:00 ] ::1 /order/index.php/Index/administrationorder/state/0
INFO: [ app_init ] --START--
INFO: Run Behavior\BuildLiteBehavior [ RunTime:0.000027s ]
INFO: [ app_init ] --END-- [ RunTime:0.000533s ]

[ 2017-05-09T09:34:02+08:00 ] ::1 /order/index.php/Index/administrationorder/state/0
INFO: [ app_init ] --START--
INFO: Run Behavior\BuildLiteBehavior [ RunTime:0.000030s ]
INFO: [ app_init ] --END-- [ RunTime:0.000578s ]

[ 2017-05-09T09:35:10+08:00 ] ::1 /order/index.php/Index/administrationorder/state/0
INFO: [ app_init ] --START--
INFO: Run Behavior\BuildLiteBehavior [ RunTime:0.000029s ]
INFO: [ app_init ] --END-- [ RunTime:0.000557s ]

[ 2017-05-09T09:35:18+08:00 ] ::1 /order/index.php/Index/administrationorder/state/0
INFO: [ app_init ] --START--
INFO: Run Behavior\BuildLiteBehavior [ RunTime:0.000029s ]
INFO: [ app_init ] --END-- [ RunTime:0.000524s ]

[ 2017-05-09T09:36:27+08:00 ] ::1 /order/index.php/Index/administrationorder/state/0
INFO: [ app_init ] --START--
INFO: Run Behavior\BuildLiteBehavior [ RunTime:0.000033s ]
INFO: [ app_init ] --END-- [ RunTime:0.000818s ]

[ 2017-05-09T09:36:41+08:00 ] ::1 /order/index.php/Index/administrationorder/state/0
INFO: [ app_init ] --START--
INFO: Run Behavior\BuildLiteBehavior [ RunTime:0.000033s ]
INFO: [ app_init ] --END-- [ RunTime:0.000758s ]

[ 2017-05-09T09:37:30+08:00 ] ::1 /order/index.php/Index/administrationorder/state/0
INFO: [ app_init ] --START--
INFO: Run Behavior\BuildLiteBehavior [ RunTime:0.000030s ]
INFO: [ app_init ] --END-- [ RunTime:0.000619s ]

[ 2017-05-09T09:38:15+08:00 ] ::1 /order/index.php/Index/administrationorder/state/0
INFO: [ app_init ] --START--
INFO: Run Behavior\BuildLiteBehavior [ RunTime:0.000027s ]
INFO: [ app_init ] --END-- [ RunTime:0.000571s ]

[ 2017-05-09T09:38:54+08:00 ] ::1 /order/index.php/Index/administrationorder/state/0
INFO: [ app_init ] --START--
INFO: Run Behavior\BuildLiteBehavior [ RunTime:0.000030s ]
INFO: [ app_init ] --END-- [ RunTime:0.000646s ]

[ 2017-05-09T09:39:18+08:00 ] ::1 /order/index.php/Index/administrationorder/state/0
INFO: [ app_init ] --START--
INFO: Run Behavior\BuildLiteBehavior [ RunTime:0.000030s ]
INFO: [ app_init ] --END-- [ RunTime:0.000560s ]

[ 2017-05-09T09:41:05+08:00 ] ::1 /order/index.php/Index/administrationorder/state/0
INFO: [ app_init ] --START--
INFO: Run Behavior\BuildLiteBehavior [ RunTime:0.000030s ]
INFO: [ app_init ] --END-- [ RunTime:0.000605s ]

[ 2017-05-09T09:49:46+08:00 ] ::1 /order/index.php/Index/administrationorder/state/0
INFO: [ app_init ] --START--
INFO: Run Behavior\BuildLiteBehavior [ RunTime:0.000030s ]
INFO: [ app_init ] --END-- [ RunTime:0.000615s ]

[ 2017-05-09T09:53:32+08:00 ] ::1 /order/index.php/Index/administrationorder/state/0
INFO: [ app_init ] --START--
INFO: Run Behavior\BuildLiteBehavior [ RunTime:0.000089s ]
INFO: [ app_init ] --END-- [ RunTime:0.000741s ]
ERR: 1064:You have an error in your SQL syntax; check the manual that corresponds to your MySQL server version for the right syntax to use near ')' at line 1
 [ SQL语句 ] : SELECT * FROM `order` INNER JOIN menu ON menu.id = order.id)  

[ 2017-05-09T09:57:11+08:00 ] ::1 /order/index.php/Index/administrationorder/state/0
INFO: [ app_init ] --START--
INFO: Run Behavior\BuildLiteBehavior [ RunTime:0.000029s ]
INFO: [ app_init ] --END-- [ RunTime:0.000564s ]
ERR: 1064:You have an error in your SQL syntax; check the manual that corresponds to your MySQL server version for the right syntax to use near ')' at line 1
 [ SQL语句 ] : SELECT * FROM `order` INNER JOIN orderManagement.menu ON orderManagement.menu.id = orderManagement.order.id)  

[ 2017-05-09T09:58:08+08:00 ] ::1 /order/index.php/Index/administrationorder/state/0
INFO: [ app_init ] --START--
INFO: Run Behavior\BuildLiteBehavior [ RunTime:0.000027s ]
INFO: [ app_init ] --END-- [ RunTime:0.000555s ]
ERR: 1064:You have an error in your SQL syntax; check the manual that corresponds to your MySQL server version for the right syntax to use near ')' at line 1
 [ SQL语句 ] : SELECT * FROM `order` INNER JOIN menu ON menu.id=order.id)  

[ 2017-05-09T09:58:47+08:00 ] ::1 /order/index.php/Index/administrationorder/state/0
INFO: [ app_init ] --START--
INFO: Run Behavior\BuildLiteBehavior [ RunTime:0.000028s ]
INFO: [ app_init ] --END-- [ RunTime:0.000553s ]
ERR: 1064:You have an error in your SQL syntax; check the manual that corresponds to your MySQL server version for the right syntax to use near ')' at line 1
 [ SQL语句 ] : SELECT * FROM `order` INNER JOIN think_menu ON think_menu.id=think_order.id)  

[ 2017-05-09T10:07:42+08:00 ] ::1 /order/index.php/Index/administrationorder/state/0
INFO: [ app_init ] --START--
INFO: Run Behavior\BuildLiteBehavior [ RunTime:0.000029s ]
INFO: [ app_init ] --END-- [ RunTime:0.000610s ]
ERR: 1064:You have an error in your SQL syntax; check the manual that corresponds to your MySQL server version for the right syntax to use near ')' at line 1
 [ SQL语句 ] : SELECT * FROM `order` INNER JOIN menu ON order.id=menu.id)  

[ 2017-05-09T10:24:21+08:00 ] ::1 /order/index.php/Index/administrationorder/state/0
INFO: [ app_init ] --START--
INFO: Run Behavior\BuildLiteBehavior [ RunTime:0.000025s ]
INFO: [ app_init ] --END-- [ RunTime:0.000556s ]
ERR: 1064:You have an error in your SQL syntax; check the manual that corresponds to your MySQL server version for the right syntax to use near ')' at line 1
 [ SQL语句 ] : SELECT * FROM `order` INNER JOIN menu ON order.id=menu.id)  

[ 2017-05-09T10:25:26+08:00 ] ::1 /order/index.php/Index/administrationorder/state/0
INFO: [ app_init ] --START--
INFO: Run Behavior\BuildLiteBehavior [ RunTime:0.000029s ]
INFO: [ app_init ] --END-- [ RunTime:0.000544s ]

[ 2017-05-09T10:28:35+08:00 ] ::1 /order/index.php/Index/administrationorder/state/0
INFO: [ app_init ] --START--
INFO: Run Behavior\BuildLiteBehavior [ RunTime:0.000029s ]
INFO: [ app_init ] --END-- [ RunTime:0.000556s ]

[ 2017-05-09T10:28:39+08:00 ] ::1 /order/index.php/Index/login
INFO: [ app_init ] --START--
INFO: Run Behavior\BuildLiteBehavior [ RunTime:0.000031s ]
INFO: [ app_init ] --END-- [ RunTime:0.000730s ]

[ 2017-05-09T10:28:42+08:00 ] ::1 /order/index.php/Index/administrationorder/state/1
INFO: [ app_init ] --START--
INFO: Run Behavior\BuildLiteBehavior [ RunTime:0.000031s ]
INFO: [ app_init ] --END-- [ RunTime:0.000643s ]

[ 2017-05-09T10:30:17+08:00 ] ::1 /order/index.php/Index/login
INFO: [ app_init ] --START--
INFO: Run Behavior\BuildLiteBehavior [ RunTime:0.000027s ]
INFO: [ app_init ] --END-- [ RunTime:0.000561s ]

[ 2017-05-09T10:30:20+08:00 ] ::1 /order/index.php/Index/administrationorder/state/1
INFO: [ app_init ] --START--
INFO: Run Behavior\BuildLiteBehavior [ RunTime:0.000026s ]
INFO: [ app_init ] --END-- [ RunTime:0.000515s ]

[ 2017-05-09T10:32:40+08:00 ] ::1 /order/index.php/Index/administrationorder/state/1
INFO: [ app_init ] --START--
INFO: Run Behavior\BuildLiteBehavior [ RunTime:0.000030s ]
INFO: [ app_init ] --END-- [ RunTime:0.000620s ]
ERR: 1064:You have an error in your SQL syntax; check the manual that corresponds to your MySQL server version for the right syntax to use near 'order.dishes' at line 1
 [ SQL语句 ] : SELECT * FROM `order` INNER JOIN menu ON menu.id IN order.dishes  

[ 2017-05-09T10:32:57+08:00 ] ::1 /order/index.php/Index/administrationorder/state/1
INFO: [ app_init ] --START--
INFO: Run Behavior\BuildLiteBehavior [ RunTime:0.000029s ]
INFO: [ app_init ] --END-- [ RunTime:0.000524s ]

[ 2017-05-09T10:35:10+08:00 ] ::1 /order/index.php/Index/administrationorder/state/1
INFO: [ app_init ] --START--
INFO: Run Behavior\BuildLiteBehavior [ RunTime:0.000028s ]
INFO: [ app_init ] --END-- [ RunTime:0.000683s ]

[ 2017-05-09T10:37:07+08:00 ] ::1 /order/index.php/Index/administrationorder/state/1
INFO: [ app_init ] --START--
INFO: Run Behavior\BuildLiteBehavior [ RunTime:0.000034s ]
INFO: [ app_init ] --END-- [ RunTime:0.000713s ]

[ 2017-05-09T10:38:02+08:00 ] ::1 /order/index.php/Index/administrationorder/state/1
INFO: [ app_init ] --START--
INFO: Run Behavior\BuildLiteBehavior [ RunTime:0.000031s ]
INFO: [ app_init ] --END-- [ RunTime:0.000607s ]

[ 2017-05-09T10:39:17+08:00 ] ::1 /order/index.php/Index/administrationorder/state/1
INFO: [ app_init ] --START--
INFO: Run Behavior\BuildLiteBehavior [ RunTime:0.000030s ]
INFO: [ app_init ] --END-- [ RunTime:0.000548s ]
ERR: 1052:Column 'id' in where clause is ambiguous
 [ SQL语句 ] : SELECT * FROM `order` INNER JOIN menu ON menu.id IN (order.dishes)  WHERE ( id=1 ) 

[ 2017-05-09T10:40:02+08:00 ] ::1 /order/index.php/Index/administrationorder/state/1
INFO: [ app_init ] --START--
INFO: Run Behavior\BuildLiteBehavior [ RunTime:0.000029s ]
INFO: [ app_init ] --END-- [ RunTime:0.000577s ]
ERR: 1052:Column 'id' in where clause is ambiguous
 [ SQL语句 ] : SELECT * FROM `order` INNER JOIN menu ON menu.id IN (order.dishes)  WHERE ( id=1 ) 

[ 2017-05-09T10:40:27+08:00 ] ::1 /order/index.php/Index/administrationorder/state/1
INFO: [ app_init ] --START--
INFO: Run Behavior\BuildLiteBehavior [ RunTime:0.000029s ]
INFO: [ app_init ] --END-- [ RunTime:0.000564s ]

[ 2017-05-09T10:41:07+08:00 ] ::1 /order/index.php/Index/administrationorder/state/1
INFO: [ app_init ] --START--
INFO: Run Behavior\BuildLiteBehavior [ RunTime:0.000029s ]
INFO: [ app_init ] --END-- [ RunTime:0.000567s ]

[ 2017-05-09T10:43:24+08:00 ] ::1 /order/index.php/Index/administrationorder/state/1
INFO: [ app_init ] --START--
INFO: Run Behavior\BuildLiteBehavior [ RunTime:0.000028s ]
INFO: [ app_init ] --END-- [ RunTime:0.000557s ]

[ 2017-05-09T10:50:42+08:00 ] ::1 /order/index.php/Index/administrationorder/state/1
INFO: [ app_init ] --START--
INFO: Run Behavior\BuildLiteBehavior [ RunTime:0.000029s ]
INFO: [ app_init ] --END-- [ RunTime:0.000610s ]

[ 2017-05-09T10:51:44+08:00 ] ::1 /order/index.php/Index/administrationorder/state/1
INFO: [ app_init ] --START--
INFO: Run Behavior\BuildLiteBehavior [ RunTime:0.000028s ]
INFO: [ app_init ] --END-- [ RunTime:0.000577s ]
ERR: 1054:Unknown column 'order.dishes' in 'on clause'
 [ SQL语句 ] : SELECT * FROM `menu` INNER JOIN `order` o ON menu.id IN (order.dishes)

[ 2017-05-09T10:52:04+08:00 ] ::1 /order/index.php/Index/administrationorder/state/1
INFO: [ app_init ] --START--
INFO: Run Behavior\BuildLiteBehavior [ RunTime:0.000029s ]
INFO: [ app_init ] --END-- [ RunTime:0.000528s ]

[ 2017-05-09T10:53:17+08:00 ] ::1 /order/index.php/Index/administrationorder/state/1
INFO: [ app_init ] --START--
INFO: Run Behavior\BuildLiteBehavior [ RunTime:0.000030s ]
INFO: [ app_init ] --END-- [ RunTime:0.000607s ]

[ 2017-05-09T10:53:50+08:00 ] ::1 /order/index.php/Index/administrationorder/state/1
INFO: [ app_init ] --START--
INFO: Run Behavior\BuildLiteBehavior [ RunTime:0.000029s ]
INFO: [ app_init ] --END-- [ RunTime:0.000596s ]

[ 2017-05-09T10:56:22+08:00 ] ::1 /order/index.php/Index/administrationorder/state/1
INFO: [ app_init ] --START--
INFO: Run Behavior\BuildLiteBehavior [ RunTime:0.000032s ]
INFO: [ app_init ] --END-- [ RunTime:0.000699s ]

[ 2017-05-09T11:05:53+08:00 ] ::1 /order/
INFO: [ app_init ] --START--
INFO: Run Behavior\BuildLiteBehavior [ RunTime:0.000030s ]
INFO: [ app_init ] --END-- [ RunTime:0.000656s ]

[ 2017-05-09T11:05:58+08:00 ] ::1 /order/index.php/Index/index
INFO: [ app_init ] --START--
INFO: Run Behavior\BuildLiteBehavior [ RunTime:0.000024s ]
INFO: [ app_init ] --END-- [ RunTime:0.000506s ]

[ 2017-05-09T11:05:59+08:00 ] ::1 /order/index.php/Index/login
INFO: [ app_init ] --START--
INFO: Run Behavior\BuildLiteBehavior [ RunTime:0.000055s ]
INFO: [ app_init ] --END-- [ RunTime:0.001070s ]

[ 2017-05-09T11:06:03+08:00 ] ::1 /order/index.php/Index/administrationorder/state/0
INFO: [ app_init ] --START--
INFO: Run Behavior\BuildLiteBehavior [ RunTime:0.000028s ]
INFO: [ app_init ] --END-- [ RunTime:0.000550s ]

[ 2017-05-09T11:06:03+08:00 ] ::1 /order/index.php/Index/administrationorder/state/1
INFO: [ app_init ] --START--
INFO: Run Behavior\BuildLiteBehavior [ RunTime:0.000028s ]
INFO: [ app_init ] --END-- [ RunTime:0.000600s ]

[ 2017-05-09T11:06:05+08:00 ] ::1 /order/index.php/Index/administrationorder/state/0
INFO: [ app_init ] --START--
INFO: Run Behavior\BuildLiteBehavior [ RunTime:0.000035s ]
INFO: [ app_init ] --END-- [ RunTime:0.000579s ]

[ 2017-05-09T11:06:05+08:00 ] ::1 /order/index.php/Index/administrationorder/state/1
INFO: [ app_init ] --START--
INFO: Run Behavior\BuildLiteBehavior [ RunTime:0.000031s ]
INFO: [ app_init ] --END-- [ RunTime:0.000645s ]

[ 2017-05-09T11:06:06+08:00 ] ::1 /order/index.php/Index/administrationorder/state/0
INFO: [ app_init ] --START--
INFO: Run Behavior\BuildLiteBehavior [ RunTime:0.000027s ]
INFO: [ app_init ] --END-- [ RunTime:0.000547s ]

[ 2017-05-09T11:06:28+08:00 ] ::1 /order/index.php/Index/administrationorder/state/1
INFO: [ app_init ] --START--
INFO: Run Behavior\BuildLiteBehavior [ RunTime:0.000029s ]
INFO: [ app_init ] --END-- [ RunTime:0.000560s ]

[ 2017-05-09T11:06:30+08:00 ] ::1 /order/index.php/Index/administrationorder/state/0
INFO: [ app_init ] --START--
INFO: Run Behavior\BuildLiteBehavior [ RunTime:0.000029s ]
INFO: [ app_init ] --END-- [ RunTime:0.000565s ]

[ 2017-05-09T11:06:30+08:00 ] ::1 /order/index.php/Index/administrationorder/state/1
INFO: [ app_init ] --START--
INFO: Run Behavior\BuildLiteBehavior [ RunTime:0.000028s ]
INFO: [ app_init ] --END-- [ RunTime:0.000558s ]

[ 2017-05-09T11:06:32+08:00 ] ::1 /order/index.php/Index/administrationorder/state/1/page/2
INFO: [ app_init ] --START--
INFO: Run Behavior\BuildLiteBehavior [ RunTime:0.000027s ]
INFO: [ app_init ] --END-- [ RunTime:0.000528s ]

[ 2017-05-09T11:06:32+08:00 ] ::1 /order/index.php/Index/administrationorder/state/1/page/3
INFO: [ app_init ] --START--
INFO: Run Behavior\BuildLiteBehavior [ RunTime:0.000045s ]
INFO: [ app_init ] --END-- [ RunTime:0.000730s ]

[ 2017-05-09T11:06:33+08:00 ] ::1 /order/index.php/Index/administrationorder/state/1/page/4
INFO: [ app_init ] --START--
INFO: Run Behavior\BuildLiteBehavior [ RunTime:0.000029s ]
INFO: [ app_init ] --END-- [ RunTime:0.000566s ]

[ 2017-05-09T11:06:34+08:00 ] ::1 /order/index.php/Index/administrationorder/state/1/page/5
INFO: [ app_init ] --START--
INFO: Run Behavior\BuildLiteBehavior [ RunTime:0.000032s ]
INFO: [ app_init ] --END-- [ RunTime:0.000641s ]

[ 2017-05-09T11:06:35+08:00 ] ::1 /order/index.php/Index/administrationorder/state/1/page/6
INFO: [ app_init ] --START--
INFO: Run Behavior\BuildLiteBehavior [ RunTime:0.000031s ]
INFO: [ app_init ] --END-- [ RunTime:0.000603s ]

[ 2017-05-09T11:09:05+08:00 ] ::1 /order/index.php/Index/administrationorder/state/1/page/6
INFO: [ app_init ] --START--
INFO: Run Behavior\BuildLiteBehavior [ RunTime:0.000029s ]
INFO: [ app_init ] --END-- [ RunTime:0.000626s ]

[ 2017-05-09T11:30:37+08:00 ] ::1 /order/index.php/Index/administrationorder/state/1/page/6
INFO: [ app_init ] --START--
INFO: Run Behavior\BuildLiteBehavior [ RunTime:0.000030s ]
INFO: [ app_init ] --END-- [ RunTime:0.000602s ]

[ 2017-05-09T11:31:10+08:00 ] ::1 /order/index.php/Index/administrationorder/state/1/page/6
INFO: [ app_init ] --START--
INFO: Run Behavior\BuildLiteBehavior [ RunTime:0.000030s ]
INFO: [ app_init ] --END-- [ RunTime:0.000561s ]

[ 2017-05-09T11:32:09+08:00 ] ::1 /order/index.php/Index/administrationorder/state/1/page/6
INFO: [ app_init ] --START--
INFO: Run Behavior\BuildLiteBehavior [ RunTime:0.000029s ]
INFO: [ app_init ] --END-- [ RunTime:0.000599s ]

[ 2017-05-09T11:35:42+08:00 ] ::1 /order/index.php/Index/administrationorder/state/1/page/6
INFO: [ app_init ] --START--
INFO: Run Behavior\BuildLiteBehavior [ RunTime:0.000030s ]
INFO: [ app_init ] --END-- [ RunTime:0.000651s ]

[ 2017-05-09T11:36:25+08:00 ] ::1 /order/index.php/Index/administrationorder/state/1/page/6
INFO: [ app_init ] --START--
INFO: Run Behavior\BuildLiteBehavior [ RunTime:0.000029s ]
INFO: [ app_init ] --END-- [ RunTime:0.000588s ]

[ 2017-05-09T11:38:10+08:00 ] ::1 /order/index.php/Index/administrationorder/state/1/page/6
INFO: [ app_init ] --START--
INFO: Run Behavior\BuildLiteBehavior [ RunTime:0.000028s ]
INFO: [ app_init ] --END-- [ RunTime:0.000589s ]

[ 2017-05-09T11:38:54+08:00 ] ::1 /order/index.php/Index/administrationorder/state/1/page/6
INFO: [ app_init ] --START--
INFO: Run Behavior\BuildLiteBehavior [ RunTime:0.000032s ]
INFO: [ app_init ] --END-- [ RunTime:0.000705s ]
ERR: 1054:Unknown column 'Array' in 'where clause'
 [ SQL语句 ] : SELECT `dishes` FROM `menu` WHERE `id` IN (Array)

[ 2017-05-09T11:39:21+08:00 ] ::1 /order/index.php/Index/administrationorder/state/1/page/6
INFO: [ app_init ] --START--
INFO: Run Behavior\BuildLiteBehavior [ RunTime:0.000029s ]
INFO: [ app_init ] --END-- [ RunTime:0.000571s ]

[ 2017-05-09T11:40:00+08:00 ] ::1 /order/index.php/Index/administrationorder/state/1/page/6
INFO: [ app_init ] --START--
INFO: Run Behavior\BuildLiteBehavior [ RunTime:0.000028s ]
INFO: [ app_init ] --END-- [ RunTime:0.000528s ]
ERR: 1064:You have an error in your SQL syntax; check the manual that corresponds to your MySQL server version for the right syntax to use near '['dishes'])' at line 1
 [ SQL语句 ] : SELECT `dishes` FROM `menu` WHERE `id` IN (Array['dishes'])

[ 2017-05-09T11:40:40+08:00 ] ::1 /order/index.php/Index/administrationorder/state/1/page/6
INFO: [ app_init ] --START--
INFO: Run Behavior\BuildLiteBehavior [ RunTime:0.000029s ]
INFO: [ app_init ] --END-- [ RunTime:0.000593s ]
ERR: 1064:You have an error in your SQL syntax; check the manual that corresponds to your MySQL server version for the right syntax to use near ')' at line 1
 [ SQL语句 ] : SELECT `dishes` FROM `menu` WHERE `id` IN ()

[ 2017-05-09T11:41:09+08:00 ] ::1 /order/index.php/Index/administrationorder/state/1/page/6
INFO: [ app_init ] --START--
INFO: Run Behavior\BuildLiteBehavior [ RunTime:0.000028s ]
INFO: [ app_init ] --END-- [ RunTime:0.000530s ]

[ 2017-05-09T11:42:04+08:00 ] ::1 /order/index.php/Index/administrationorder/state/1/page/6
INFO: [ app_init ] --START--
INFO: Run Behavior\BuildLiteBehavior [ RunTime:0.000029s ]
INFO: [ app_init ] --END-- [ RunTime:0.000666s ]

[ 2017-05-09T11:42:38+08:00 ] ::1 /order/index.php/Index/administrationorder/state/1/page/6
INFO: [ app_init ] --START--
INFO: Run Behavior\BuildLiteBehavior [ RunTime:0.000027s ]
INFO: [ app_init ] --END-- [ RunTime:0.000586s ]

[ 2017-05-09T11:43:13+08:00 ] ::1 /order/index.php/Index/administrationorder/state/1/page/6
INFO: [ app_init ] --START--
INFO: Run Behavior\BuildLiteBehavior [ RunTime:0.000030s ]
INFO: [ app_init ] --END-- [ RunTime:0.000583s ]

[ 2017-05-09T11:44:56+08:00 ] ::1 /order/index.php/Index/administrationorder/state/1/page/6
INFO: [ app_init ] --START--
INFO: Run Behavior\BuildLiteBehavior [ RunTime:0.000058s ]
INFO: [ app_init ] --END-- [ RunTime:0.000699s ]

[ 2017-05-09T11:45:17+08:00 ] ::1 /order/index.php/Index/administrationorder/state/1/page/6
INFO: [ app_init ] --START--
INFO: Run Behavior\BuildLiteBehavior [ RunTime:0.000029s ]
INFO: [ app_init ] --END-- [ RunTime:0.000624s ]

[ 2017-05-09T11:45:49+08:00 ] ::1 /order/index.php/Index/administrationorder/state/1/page/6
INFO: [ app_init ] --START--
INFO: Run Behavior\BuildLiteBehavior [ RunTime:0.000029s ]
INFO: [ app_init ] --END-- [ RunTime:0.000708s ]

[ 2017-05-09T11:47:32+08:00 ] ::1 /order/index.php/Index/administrationorder/state/1/page/6
INFO: [ app_init ] --START--
INFO: Run Behavior\BuildLiteBehavior [ RunTime:0.000028s ]
INFO: [ app_init ] --END-- [ RunTime:0.000553s ]

[ 2017-05-09T11:51:15+08:00 ] ::1 /order/index.php/Index/administrationorder/state/1/page/6
INFO: [ app_init ] --START--
INFO: Run Behavior\BuildLiteBehavior [ RunTime:0.000029s ]
INFO: [ app_init ] --END-- [ RunTime:0.000605s ]

[ 2017-05-09T11:53:22+08:00 ] ::1 /order/index.php/Index/administrationorder/state/1/page/6
INFO: [ app_init ] --START--
INFO: Run Behavior\BuildLiteBehavior [ RunTime:0.000029s ]
INFO: [ app_init ] --END-- [ RunTime:0.000589s ]

[ 2017-05-09T11:56:32+08:00 ] ::1 /order/index.php/Index/administrationorder/state/1/page/6
INFO: [ app_init ] --START--
INFO: Run Behavior\BuildLiteBehavior [ RunTime:0.000027s ]
INFO: [ app_init ] --END-- [ RunTime:0.000615s ]

[ 2017-05-09T11:57:09+08:00 ] ::1 /order/index.php/Index/administrationorder/state/1/page/6
INFO: [ app_init ] --START--
INFO: Run Behavior\BuildLiteBehavior [ RunTime:0.000029s ]
INFO: [ app_init ] --END-- [ RunTime:0.000563s ]

[ 2017-05-09T11:57:50+08:00 ] ::1 /order/index.php/Index/administrationorder/state/1/page/6
INFO: [ app_init ] --START--
INFO: Run Behavior\BuildLiteBehavior [ RunTime:0.000032s ]
INFO: [ app_init ] --END-- [ RunTime:0.000684s ]

[ 2017-05-09T11:58:08+08:00 ] ::1 /order/index.php/Index/administrationorder/state/1/page/6
INFO: [ app_init ] --START--
INFO: Run Behavior\BuildLiteBehavior [ RunTime:0.000031s ]
INFO: [ app_init ] --END-- [ RunTime:0.000593s ]

[ 2017-05-09T12:41:57+08:00 ] ::1 /order/index.php/Index/administrationorder/state/0
INFO: [ app_init ] --START--
INFO: Run Behavior\BuildLiteBehavior [ RunTime:0.000029s ]
INFO: [ app_init ] --END-- [ RunTime:0.000557s ]

[ 2017-05-09T12:41:57+08:00 ] ::1 /order/index.php/Index/administrationorder/state/1
INFO: [ app_init ] --START--
INFO: Run Behavior\BuildLiteBehavior [ RunTime:0.000035s ]
INFO: [ app_init ] --END-- [ RunTime:0.000587s ]

[ 2017-05-09T12:41:59+08:00 ] ::1 /order/index.php/Index/administrationorder/state/0
INFO: [ app_init ] --START--
INFO: Run Behavior\BuildLiteBehavior [ RunTime:0.000033s ]
INFO: [ app_init ] --END-- [ RunTime:0.000586s ]

[ 2017-05-09T14:09:16+08:00 ] ::1 /order/index.php/Index/administrationorder/state/0
INFO: [ app_init ] --START--
INFO: Run Behavior\BuildLiteBehavior [ RunTime:0.000054s ]
INFO: [ app_init ] --END-- [ RunTime:0.001028s ]

[ 2017-05-09T14:09:18+08:00 ] ::1 /order/index.php/Index/administrationorder/state/0/page/4
INFO: [ app_init ] --START--
INFO: Run Behavior\BuildLiteBehavior [ RunTime:0.000030s ]
INFO: [ app_init ] --END-- [ RunTime:0.000492s ]

[ 2017-05-09T14:09:20+08:00 ] ::1 /order/index.php/Index/administrationorder/state/0/page/3
INFO: [ app_init ] --START--
INFO: Run Behavior\BuildLiteBehavior [ RunTime:0.000028s ]
INFO: [ app_init ] --END-- [ RunTime:0.000478s ]

[ 2017-05-09T14:09:21+08:00 ] ::1 /order/index.php/Index/administrationorder/state/0/page/1
INFO: [ app_init ] --START--
INFO: Run Behavior\BuildLiteBehavior [ RunTime:0.000029s ]
INFO: [ app_init ] --END-- [ RunTime:0.000483s ]

[ 2017-05-09T14:09:22+08:00 ] ::1 /order/index.php/Index/administrationorder/state/0/page/2
INFO: [ app_init ] --START--
INFO: Run Behavior\BuildLiteBehavior [ RunTime:0.000027s ]
INFO: [ app_init ] --END-- [ RunTime:0.000470s ]

[ 2017-05-09T14:09:22+08:00 ] ::1 /order/index.php/Index/administrationorder/state/0/page/3
INFO: [ app_init ] --START--
INFO: Run Behavior\BuildLiteBehavior [ RunTime:0.000031s ]
INFO: [ app_init ] --END-- [ RunTime:0.000485s ]

[ 2017-05-09T14:09:23+08:00 ] ::1 /order/index.php/Index/administrationorder/state/0/page/4
INFO: [ app_init ] --START--
INFO: Run Behavior\BuildLiteBehavior [ RunTime:0.000030s ]
INFO: [ app_init ] --END-- [ RunTime:0.000478s ]

[ 2017-05-09T14:09:25+08:00 ] ::1 /order/index.php/Index/administrationorder/state/1
INFO: [ app_init ] --START--
INFO: Run Behavior\BuildLiteBehavior [ RunTime:0.000030s ]
INFO: [ app_init ] --END-- [ RunTime:0.000491s ]

[ 2017-05-09T14:09:26+08:00 ] ::1 /order/index.php/Index/administrationorder/state/1/page/2
INFO: [ app_init ] --START--
INFO: Run Behavior\BuildLiteBehavior [ RunTime:0.000028s ]
INFO: [ app_init ] --END-- [ RunTime:0.000467s ]

[ 2017-05-09T14:09:27+08:00 ] ::1 /order/index.php/Index/administrationorder/state/1/page/5
INFO: [ app_init ] --START--
INFO: Run Behavior\BuildLiteBehavior [ RunTime:0.000029s ]
INFO: [ app_init ] --END-- [ RunTime:0.000477s ]

[ 2017-05-09T14:09:27+08:00 ] ::1 /order/index.php/Index/administrationorder/state/1/page/6
INFO: [ app_init ] --START--
INFO: Run Behavior\BuildLiteBehavior [ RunTime:0.000027s ]
INFO: [ app_init ] --END-- [ RunTime:0.000451s ]

[ 2017-05-09T14:09:28+08:00 ] ::1 /order/index.php/Index/administrationorder/state/1/page/7
INFO: [ app_init ] --START--
INFO: Run Behavior\BuildLiteBehavior [ RunTime:0.000029s ]
INFO: [ app_init ] --END-- [ RunTime:0.000468s ]

[ 2017-05-09T14:09:29+08:00 ] ::1 /order/index.php/Index/administrationorder/state/1/page/8
INFO: [ app_init ] --START--
INFO: Run Behavior\BuildLiteBehavior [ RunTime:0.000029s ]
INFO: [ app_init ] --END-- [ RunTime:0.000481s ]

[ 2017-05-09T14:09:29+08:00 ] ::1 /order/index.php/Index/administrationorder/state/1/page/9
INFO: [ app_init ] --START--
INFO: Run Behavior\BuildLiteBehavior [ RunTime:0.000029s ]
INFO: [ app_init ] --END-- [ RunTime:0.000473s ]

[ 2017-05-09T14:09:30+08:00 ] ::1 /order/index.php/Index/administrationorder/state/1/page/10
INFO: [ app_init ] --START--
INFO: Run Behavior\BuildLiteBehavior [ RunTime:0.000030s ]
INFO: [ app_init ] --END-- [ RunTime:0.000483s ]

[ 2017-05-09T14:09:30+08:00 ] ::1 /order/index.php/Index/administrationorder/state/1/page/11
INFO: [ app_init ] --START--
INFO: Run Behavior\BuildLiteBehavior [ RunTime:0.000062s ]
INFO: [ app_init ] --END-- [ RunTime:0.000533s ]

[ 2017-05-09T14:09:31+08:00 ] ::1 /order/index.php/Index/administrationorder/state/1/page/12
INFO: [ app_init ] --START--
INFO: Run Behavior\BuildLiteBehavior [ RunTime:0.000025s ]
INFO: [ app_init ] --END-- [ RunTime:0.000420s ]

[ 2017-05-09T14:09:32+08:00 ] ::1 /order/index.php/Index/administrationorder/state/1/page/13
INFO: [ app_init ] --START--
INFO: Run Behavior\BuildLiteBehavior [ RunTime:0.000030s ]
INFO: [ app_init ] --END-- [ RunTime:0.000469s ]

[ 2017-05-09T14:09:34+08:00 ] ::1 /order/index.php/Index/administrationorder/state/1/page/10
INFO: [ app_init ] --START--
INFO: Run Behavior\BuildLiteBehavior [ RunTime:0.000032s ]
INFO: [ app_init ] --END-- [ RunTime:0.000562s ]

[ 2017-05-09T14:09:35+08:00 ] ::1 /order/index.php/Index/administrationorder/state/1/page/8
INFO: [ app_init ] --START--
INFO: Run Behavior\BuildLiteBehavior [ RunTime:0.000027s ]
INFO: [ app_init ] --END-- [ RunTime:0.000530s ]

[ 2017-05-09T14:09:35+08:00 ] ::1 /order/index.php/Index/administrationorder/state/1/page/6
INFO: [ app_init ] --START--
INFO: Run Behavior\BuildLiteBehavior [ RunTime:0.000029s ]
INFO: [ app_init ] --END-- [ RunTime:0.000489s ]

[ 2017-05-09T14:09:35+08:00 ] ::1 /order/index.php/Index/administrationorder/state/1/page/4
INFO: [ app_init ] --START--
INFO: Run Behavior\BuildLiteBehavior [ RunTime:0.000035s ]
INFO: [ app_init ] --END-- [ RunTime:0.000445s ]

[ 2017-05-09T14:09:36+08:00 ] ::1 /order/index.php/Index/administrationorder/state/1/page/2
INFO: [ app_init ] --START--
INFO: Run Behavior\BuildLiteBehavior [ RunTime:0.000027s ]
INFO: [ app_init ] --END-- [ RunTime:0.000463s ]

[ 2017-05-09T14:09:36+08:00 ] ::1 /order/index.php/Index/administrationorder/state/1/page/2
INFO: [ app_init ] --START--
INFO: Run Behavior\BuildLiteBehavior [ RunTime:0.000028s ]
INFO: [ app_init ] --END-- [ RunTime:0.000469s ]

[ 2017-05-09T14:09:36+08:00 ] ::1 /order/index.php/Index/administrationorder/state/1/page/1
INFO: [ app_init ] --START--
INFO: Run Behavior\BuildLiteBehavior [ RunTime:0.000028s ]
INFO: [ app_init ] --END-- [ RunTime:0.000445s ]

[ 2017-05-09T14:10:51+08:00 ] ::1 /order/index.php/Index/administrationorder/state/1/page/1
INFO: [ app_init ] --START--
INFO: Run Behavior\BuildLiteBehavior [ RunTime:0.000030s ]
INFO: [ app_init ] --END-- [ RunTime:0.000539s ]

[ 2017-05-09T14:10:52+08:00 ] ::1 /order/index.php/Index/administrationorder/state/1/page/4
INFO: [ app_init ] --START--
INFO: Run Behavior\BuildLiteBehavior [ RunTime:0.000048s ]
INFO: [ app_init ] --END-- [ RunTime:0.000501s ]

[ 2017-05-09T14:10:53+08:00 ] ::1 /order/index.php/Index/administrationorder/state/1/page/5
INFO: [ app_init ] --START--
INFO: Run Behavior\BuildLiteBehavior [ RunTime:0.000028s ]
INFO: [ app_init ] --END-- [ RunTime:0.000466s ]

[ 2017-05-09T14:10:54+08:00 ] ::1 /order/index.php/Index/administrationorder/state/1/page/7
INFO: [ app_init ] --START--
INFO: Run Behavior\BuildLiteBehavior [ RunTime:0.000028s ]
INFO: [ app_init ] --END-- [ RunTime:0.000466s ]

[ 2017-05-09T14:13:57+08:00 ] ::1 /order/index.php/Index/administrationorder/state/1/page/7
INFO: [ app_init ] --START--
INFO: Run Behavior\BuildLiteBehavior [ RunTime:0.000034s ]
INFO: [ app_init ] --END-- [ RunTime:0.000825s ]

[ 2017-05-09T14:15:43+08:00 ] ::1 /order/index.php/Index/administrationorder/state/1/page/7
INFO: [ app_init ] --START--
INFO: Run Behavior\BuildLiteBehavior [ RunTime:0.000031s ]
INFO: [ app_init ] --END-- [ RunTime:0.000513s ]
ERR: 1066:Not unique table/alias: 'o'
 [ SQL语句 ] : SELECT * FROM `order` AS o INNER JOIN `menu` AS o ON m.id=o.dishes

[ 2017-05-09T14:15:59+08:00 ] ::1 /order/index.php/Index/administrationorder/state/1/page/7
INFO: [ app_init ] --START--
INFO: Run Behavior\BuildLiteBehavior [ RunTime:0.000030s ]
INFO: [ app_init ] --END-- [ RunTime:0.000502s ]

[ 2017-05-09T14:17:31+08:00 ] ::1 /order/index.php/Index/administrationorder/state/1/page/7
INFO: [ app_init ] --START--
INFO: Run Behavior\BuildLiteBehavior [ RunTime:0.000030s ]
INFO: [ app_init ] --END-- [ RunTime:0.000524s ]

[ 2017-05-09T14:18:40+08:00 ] ::1 /order/index.php/Index/administrationorder/state/1/page/7
INFO: [ app_init ] --START--
INFO: Run Behavior\BuildLiteBehavior [ RunTime:0.000028s ]
INFO: [ app_init ] --END-- [ RunTime:0.000568s ]

[ 2017-05-09T14:21:05+08:00 ] ::1 /order/index.php/Index/administrationorder/state/1/page/7
INFO: [ app_init ] --START--
INFO: Run Behavior\BuildLiteBehavior [ RunTime:0.000028s ]
INFO: [ app_init ] --END-- [ RunTime:0.000521s ]

[ 2017-05-09T14:23:58+08:00 ] ::1 /order/index.php/Index/administrationorder/state/1/page/7
INFO: [ app_init ] --START--
INFO: Run Behavior\BuildLiteBehavior [ RunTime:0.000029s ]
INFO: [ app_init ] --END-- [ RunTime:0.000528s ]

[ 2017-05-09T14:24:59+08:00 ] ::1 /order/index.php/Index/administrationorder/state/1/page/7
INFO: [ app_init ] --START--
INFO: Run Behavior\BuildLiteBehavior [ RunTime:0.000029s ]
INFO: [ app_init ] --END-- [ RunTime:0.000546s ]

[ 2017-05-09T14:25:58+08:00 ] ::1 /order/index.php/Index/administrationorder/state/1/page/7
INFO: [ app_init ] --START--
INFO: Run Behavior\BuildLiteBehavior [ RunTime:0.000029s ]
INFO: [ app_init ] --END-- [ RunTime:0.000523s ]

[ 2017-05-09T14:26:30+08:00 ] ::1 /order/index.php/Index/administrationorder/state/1/page/7
INFO: [ app_init ] --START--
INFO: Run Behavior\BuildLiteBehavior [ RunTime:0.000029s ]
INFO: [ app_init ] --END-- [ RunTime:0.000524s ]

[ 2017-05-09T14:26:36+08:00 ] ::1 /order/index.php/Index/administrationorder/state/1/page/5
INFO: [ app_init ] --START--
INFO: Run Behavior\BuildLiteBehavior [ RunTime:0.000027s ]
INFO: [ app_init ] --END-- [ RunTime:0.000467s ]

[ 2017-05-09T14:26:37+08:00 ] ::1 /order/index.php/Index/administrationorder/state/1/page/3
INFO: [ app_init ] --START--
INFO: Run Behavior\BuildLiteBehavior [ RunTime:0.000028s ]
INFO: [ app_init ] --END-- [ RunTime:0.000460s ]

[ 2017-05-09T14:26:38+08:00 ] ::1 /order/index.php/Index/administrationorder/state/1/page/2
INFO: [ app_init ] --START--
INFO: Run Behavior\BuildLiteBehavior [ RunTime:0.000032s ]
INFO: [ app_init ] --END-- [ RunTime:0.000464s ]

[ 2017-05-09T14:26:39+08:00 ] ::1 /order/index.php/Index/administrationorder/state/1/page/2
INFO: [ app_init ] --START--
INFO: Run Behavior\BuildLiteBehavior [ RunTime:0.000030s ]
INFO: [ app_init ] --END-- [ RunTime:0.000516s ]

[ 2017-05-09T14:26:39+08:00 ] ::1 /order/index.php/Index/administrationorder/state/1/page/1
INFO: [ app_init ] --START--
INFO: Run Behavior\BuildLiteBehavior [ RunTime:0.000028s ]
INFO: [ app_init ] --END-- [ RunTime:0.000546s ]

[ 2017-05-09T14:26:41+08:00 ] ::1 /order/index.php/Index/administrationorder/state/1/page/2
INFO: [ app_init ] --START--
INFO: Run Behavior\BuildLiteBehavior [ RunTime:0.000030s ]
INFO: [ app_init ] --END-- [ RunTime:0.000486s ]

[ 2017-05-09T14:26:41+08:00 ] ::1 /order/index.php/Index/administrationorder/state/1/page/3
INFO: [ app_init ] --START--
INFO: Run Behavior\BuildLiteBehavior [ RunTime:0.000029s ]
INFO: [ app_init ] --END-- [ RunTime:0.000480s ]

[ 2017-05-09T14:26:42+08:00 ] ::1 /order/index.php/Index/administrationorder/state/1/page/4
INFO: [ app_init ] --START--
INFO: Run Behavior\BuildLiteBehavior [ RunTime:0.000028s ]
INFO: [ app_init ] --END-- [ RunTime:0.000467s ]

[ 2017-05-09T14:26:43+08:00 ] ::1 /order/index.php/Index/administrationorder/state/1/page/5
INFO: [ app_init ] --START--
INFO: Run Behavior\BuildLiteBehavior [ RunTime:0.000028s ]
INFO: [ app_init ] --END-- [ RunTime:0.000466s ]

[ 2017-05-09T14:26:44+08:00 ] ::1 /order/index.php/Index/administrationorder/state/1/page/7
INFO: [ app_init ] --START--
INFO: Run Behavior\BuildLiteBehavior [ RunTime:0.000025s ]
INFO: [ app_init ] --END-- [ RunTime:0.000443s ]

[ 2017-05-09T14:26:45+08:00 ] ::1 /order/index.php/Index/administrationorder/state/1/page/9
INFO: [ app_init ] --START--
INFO: Run Behavior\BuildLiteBehavior [ RunTime:0.000031s ]
INFO: [ app_init ] --END-- [ RunTime:0.000487s ]

[ 2017-05-09T14:26:45+08:00 ] ::1 /order/index.php/Index/administrationorder/state/1/page/11
INFO: [ app_init ] --START--
INFO: Run Behavior\BuildLiteBehavior [ RunTime:0.000029s ]
INFO: [ app_init ] --END-- [ RunTime:0.000472s ]

[ 2017-05-09T14:26:46+08:00 ] ::1 /order/index.php/Index/administrationorder/state/1/page/13
INFO: [ app_init ] --START--
INFO: Run Behavior\BuildLiteBehavior [ RunTime:0.000029s ]
INFO: [ app_init ] --END-- [ RunTime:0.000470s ]

[ 2017-05-09T14:26:47+08:00 ] ::1 /order/index.php/Index/administrationorder/state/1/page/13
INFO: [ app_init ] --START--
INFO: Run Behavior\BuildLiteBehavior [ RunTime:0.000027s ]
INFO: [ app_init ] --END-- [ RunTime:0.000455s ]

[ 2017-05-09T14:26:47+08:00 ] ::1 /order/index.php/Index/administrationorder/state/1/page/12
INFO: [ app_init ] --START--
INFO: Run Behavior\BuildLiteBehavior [ RunTime:0.000028s ]
INFO: [ app_init ] --END-- [ RunTime:0.000468s ]

[ 2017-05-09T14:26:48+08:00 ] ::1 /order/index.php/Index/administrationorder/state/1/page/11
INFO: [ app_init ] --START--
INFO: Run Behavior\BuildLiteBehavior [ RunTime:0.000028s ]
INFO: [ app_init ] --END-- [ RunTime:0.000472s ]

[ 2017-05-09T14:26:49+08:00 ] ::1 /order/index.php/Index/administrationorder/state/1/page/10
INFO: [ app_init ] --START--
INFO: Run Behavior\BuildLiteBehavior [ RunTime:0.000030s ]
INFO: [ app_init ] --END-- [ RunTime:0.000555s ]

[ 2017-05-09T14:26:49+08:00 ] ::1 /order/index.php/Index/administrationorder/state/1/page/8
INFO: [ app_init ] --START--
INFO: Run Behavior\BuildLiteBehavior [ RunTime:0.000030s ]
INFO: [ app_init ] --END-- [ RunTime:0.000497s ]

[ 2017-05-09T14:26:50+08:00 ] ::1 /order/index.php/Index/administrationorder/state/1/page/9
INFO: [ app_init ] --START--
INFO: Run Behavior\BuildLiteBehavior [ RunTime:0.000030s ]
INFO: [ app_init ] --END-- [ RunTime:0.000521s ]

[ 2017-05-09T14:26:51+08:00 ] ::1 /order/index.php/Index/administrationorder/state/1/page/11
INFO: [ app_init ] --START--
INFO: Run Behavior\BuildLiteBehavior [ RunTime:0.000028s ]
INFO: [ app_init ] --END-- [ RunTime:0.000454s ]

[ 2017-05-09T14:26:52+08:00 ] ::1 /order/index.php/Index/administrationorder/state/1/page/12
INFO: [ app_init ] --START--
INFO: Run Behavior\BuildLiteBehavior [ RunTime:0.000028s ]
INFO: [ app_init ] --END-- [ RunTime:0.000467s ]

[ 2017-05-09T14:28:01+08:00 ] ::1 /order/index.php/Index/administrationorder/state/1/page/12
INFO: [ app_init ] --START--
INFO: Run Behavior\BuildLiteBehavior [ RunTime:0.000030s ]
INFO: [ app_init ] --END-- [ RunTime:0.000477s ]

[ 2017-05-09T14:28:29+08:00 ] ::1 /order/index.php/Index/administrationorder/state/1/page/12
INFO: [ app_init ] --START--
INFO: Run Behavior\BuildLiteBehavior [ RunTime:0.000028s ]
INFO: [ app_init ] --END-- [ RunTime:0.000631s ]

[ 2017-05-09T14:28:34+08:00 ] ::1 /order/index.php/Index/administrationorder/state/1/page/9
INFO: [ app_init ] --START--
INFO: Run Behavior\BuildLiteBehavior [ RunTime:0.000029s ]
INFO: [ app_init ] --END-- [ RunTime:0.000469s ]

[ 2017-05-09T14:28:35+08:00 ] ::1 /order/index.php/Index/administrationorder/state/1/page/8
INFO: [ app_init ] --START--
INFO: Run Behavior\BuildLiteBehavior [ RunTime:0.000026s ]
INFO: [ app_init ] --END-- [ RunTime:0.000463s ]

[ 2017-05-09T14:28:36+08:00 ] ::1 /order/index.php/Index/administrationorder/state/1/page/6
INFO: [ app_init ] --START--
INFO: Run Behavior\BuildLiteBehavior [ RunTime:0.000026s ]
INFO: [ app_init ] --END-- [ RunTime:0.000454s ]

[ 2017-05-09T14:28:37+08:00 ] ::1 /order/index.php/Index/administrationorder/state/1/page/4
INFO: [ app_init ] --START--
INFO: Run Behavior\BuildLiteBehavior [ RunTime:0.000029s ]
INFO: [ app_init ] --END-- [ RunTime:0.000484s ]

[ 2017-05-09T14:28:37+08:00 ] ::1 /order/index.php/Index/administrationorder/state/1/page/2
INFO: [ app_init ] --START--
INFO: Run Behavior\BuildLiteBehavior [ RunTime:0.000035s ]
INFO: [ app_init ] --END-- [ RunTime:0.000473s ]

[ 2017-05-09T14:31:02+08:00 ] ::1 /order/index.php/Index/administrationorder/state/1/page/2
INFO: [ app_init ] --START--
INFO: Run Behavior\BuildLiteBehavior [ RunTime:0.000032s ]
INFO: [ app_init ] --END-- [ RunTime:0.000776s ]

[ 2017-05-09T14:31:08+08:00 ] ::1 /order/index.php/Index/administrationorder/state/1/page/3
INFO: [ app_init ] --START--
INFO: Run Behavior\BuildLiteBehavior [ RunTime:0.000028s ]
INFO: [ app_init ] --END-- [ RunTime:0.000507s ]

[ 2017-05-09T14:31:09+08:00 ] ::1 /order/index.php/Index/administrationorder/state/1/page/2
INFO: [ app_init ] --START--
INFO: Run Behavior\BuildLiteBehavior [ RunTime:0.000030s ]
INFO: [ app_init ] --END-- [ RunTime:0.000485s ]

[ 2017-05-09T14:31:09+08:00 ] ::1 /order/index.php/Index/administrationorder/state/1/page/1
INFO: [ app_init ] --START--
INFO: Run Behavior\BuildLiteBehavior [ RunTime:0.000029s ]
INFO: [ app_init ] --END-- [ RunTime:0.000490s ]

[ 2017-05-09T14:33:18+08:00 ] ::1 /order/index.php/Index/administrationorder/state/1/page/1
INFO: [ app_init ] --START--
INFO: Run Behavior\BuildLiteBehavior [ RunTime:0.000028s ]
INFO: [ app_init ] --END-- [ RunTime:0.000516s ]

[ 2017-05-09T14:33:47+08:00 ] ::1 /order/index.php/Index/administrationorder/state/1/page/1
INFO: [ app_init ] --START--
INFO: Run Behavior\BuildLiteBehavior [ RunTime:0.000030s ]
INFO: [ app_init ] --END-- [ RunTime:0.000530s ]

[ 2017-05-09T14:33:54+08:00 ] ::1 /order/index.php/Index/administrationorder/state/1
INFO: [ app_init ] --START--
INFO: Run Behavior\BuildLiteBehavior [ RunTime:0.000030s ]
INFO: [ app_init ] --END-- [ RunTime:0.000554s ]

[ 2017-05-09T14:33:55+08:00 ] ::1 /order/index.php/Index/administrationorder/state/0
INFO: [ app_init ] --START--
INFO: Run Behavior\BuildLiteBehavior [ RunTime:0.000029s ]
INFO: [ app_init ] --END-- [ RunTime:0.000483s ]

[ 2017-05-09T14:33:58+08:00 ] ::1 /order/index.php/Index/administrationorder/state/0/page/4
INFO: [ app_init ] --START--
INFO: Run Behavior\BuildLiteBehavior [ RunTime:0.000029s ]
INFO: [ app_init ] --END-- [ RunTime:0.000465s ]

[ 2017-05-09T14:33:59+08:00 ] ::1 /order/index.php/Index/administrationorder/state/0/page/3
INFO: [ app_init ] --START--
INFO: Run Behavior\BuildLiteBehavior [ RunTime:0.000027s ]
INFO: [ app_init ] --END-- [ RunTime:0.000456s ]

[ 2017-05-09T14:34:01+08:00 ] ::1 /order/index.php/Index/administrationorder/state/0/page/1
INFO: [ app_init ] --START--
INFO: Run Behavior\BuildLiteBehavior [ RunTime:0.000026s ]
INFO: [ app_init ] --END-- [ RunTime:0.000503s ]

[ 2017-05-09T14:34:19+08:00 ] ::1 /order/index.php/Index/administrationorder/state/1
INFO: [ app_init ] --START--
INFO: Run Behavior\BuildLiteBehavior [ RunTime:0.000030s ]
INFO: [ app_init ] --END-- [ RunTime:0.000495s ]

[ 2017-05-09T14:34:20+08:00 ] ::1 /order/index.php/Index/administrationorder/state/0
INFO: [ app_init ] --START--
INFO: Run Behavior\BuildLiteBehavior [ RunTime:0.000030s ]
INFO: [ app_init ] --END-- [ RunTime:0.000482s ]

[ 2017-05-09T14:34:21+08:00 ] ::1 /order/index.php/Index/administrationorder/state/0
INFO: [ app_init ] --START--
INFO: Run Behavior\BuildLiteBehavior [ RunTime:0.000029s ]
INFO: [ app_init ] --END-- [ RunTime:0.000532s ]

[ 2017-05-09T14:34:40+08:00 ] ::1 /order/index.php/Index/administrationorder/state/0
INFO: [ app_init ] --START--
INFO: Run Behavior\BuildLiteBehavior [ RunTime:0.000030s ]
INFO: [ app_init ] --END-- [ RunTime:0.000482s ]

[ 2017-05-09T14:34:43+08:00 ] ::1 /order/index.php/Index/administrationorder/state/1
INFO: [ app_init ] --START--
INFO: Run Behavior\BuildLiteBehavior [ RunTime:0.000027s ]
INFO: [ app_init ] --END-- [ RunTime:0.000490s ]

[ 2017-05-09T14:34:47+08:00 ] ::1 /order/index.php/Index/administrationorder/state/1
INFO: [ app_init ] --START--
INFO: Run Behavior\BuildLiteBehavior [ RunTime:0.000030s ]
INFO: [ app_init ] --END-- [ RunTime:0.000467s ]

[ 2017-05-09T14:34:47+08:00 ] ::1 /order/index.php/Index/administrationorder/state/0
INFO: [ app_init ] --START--
INFO: Run Behavior\BuildLiteBehavior [ RunTime:0.000025s ]
INFO: [ app_init ] --END-- [ RunTime:0.000453s ]

[ 2017-05-09T14:34:49+08:00 ] ::1 /order/index.php/Index/administrationorder/state/1
INFO: [ app_init ] --START--
INFO: Run Behavior\BuildLiteBehavior [ RunTime:0.000027s ]
INFO: [ app_init ] --END-- [ RunTime:0.000465s ]

[ 2017-05-09T14:35:32+08:00 ] ::1 /order/index.php/Index/administrationorder/state/1
INFO: [ app_init ] --START--
INFO: Run Behavior\BuildLiteBehavior [ RunTime:0.000031s ]
INFO: [ app_init ] --END-- [ RunTime:0.000496s ]

[ 2017-05-09T14:36:07+08:00 ] ::1 /order/index.php/Index/administrationorder/state/1
INFO: [ app_init ] --START--
INFO: Run Behavior\BuildLiteBehavior [ RunTime:0.000029s ]
INFO: [ app_init ] --END-- [ RunTime:0.000523s ]

[ 2017-05-09T14:36:10+08:00 ] ::1 /order/index.php/Index/administrationorder/state/0
INFO: [ app_init ] --START--
INFO: Run Behavior\BuildLiteBehavior [ RunTime:0.000030s ]
INFO: [ app_init ] --END-- [ RunTime:0.000484s ]

[ 2017-05-09T14:36:12+08:00 ] ::1 /order/index.php/Index/administrationorder/state/1
INFO: [ app_init ] --START--
INFO: Run Behavior\BuildLiteBehavior [ RunTime:0.000030s ]
INFO: [ app_init ] --END-- [ RunTime:0.000489s ]

[ 2017-05-09T14:36:32+08:00 ] ::1 /order/index.php/Index/administrationorder/state/1
INFO: [ app_init ] --START--
INFO: Run Behavior\BuildLiteBehavior [ RunTime:0.000028s ]
INFO: [ app_init ] --END-- [ RunTime:0.000466s ]

[ 2017-05-09T14:36:34+08:00 ] ::1 /order/index.php/Index/administrationorder/state/1/page/2
INFO: [ app_init ] --START--
INFO: Run Behavior\BuildLiteBehavior [ RunTime:0.000031s ]
INFO: [ app_init ] --END-- [ RunTime:0.000593s ]

[ 2017-05-09T14:36:35+08:00 ] ::1 /order/index.php/Index/administrationorder/state/1/page/3
INFO: [ app_init ] --START--
INFO: Run Behavior\BuildLiteBehavior [ RunTime:0.000037s ]
INFO: [ app_init ] --END-- [ RunTime:0.000442s ]

[ 2017-05-09T14:36:37+08:00 ] ::1 /order/index.php/Index/administrationorder/state/1/page/2
INFO: [ app_init ] --START--
INFO: Run Behavior\BuildLiteBehavior [ RunTime:0.000029s ]
INFO: [ app_init ] --END-- [ RunTime:0.000471s ]

[ 2017-05-09T14:36:38+08:00 ] ::1 /order/index.php/Index/administrationorder/state/1/page/1
INFO: [ app_init ] --START--
INFO: Run Behavior\BuildLiteBehavior [ RunTime:0.000030s ]
INFO: [ app_init ] --END-- [ RunTime:0.000470s ]

[ 2017-05-09T14:36:41+08:00 ] ::1 /order/index.php/Index/administrationorder/state/1
INFO: [ app_init ] --START--
INFO: Run Behavior\BuildLiteBehavior [ RunTime:0.000030s ]
INFO: [ app_init ] --END-- [ RunTime:0.000468s ]

[ 2017-05-09T14:36:42+08:00 ] ::1 /order/index.php/Index/administrationorder/state/0
INFO: [ app_init ] --START--
INFO: Run Behavior\BuildLiteBehavior [ RunTime:0.000027s ]
INFO: [ app_init ] --END-- [ RunTime:0.000465s ]

[ 2017-05-09T14:40:16+08:00 ] ::1 /order/index.php/Index/administrationorder/state/0
INFO: [ app_init ] --START--
INFO: Run Behavior\BuildLiteBehavior [ RunTime:0.000030s ]
INFO: [ app_init ] --END-- [ RunTime:0.000531s ]

[ 2017-05-09T14:42:34+08:00 ] ::1 /order/index.php/Index/administrationorder/state/0
INFO: [ app_init ] --START--
INFO: Run Behavior\BuildLiteBehavior [ RunTime:0.000029s ]
INFO: [ app_init ] --END-- [ RunTime:0.000516s ]

[ 2017-05-09T14:43:38+08:00 ] ::1 /order/index.php/Index/administrationorder/state/0
INFO: [ app_init ] --START--
INFO: Run Behavior\BuildLiteBehavior [ RunTime:0.000039s ]
INFO: [ app_init ] --END-- [ RunTime:0.001091s ]

[ 2017-05-09T14:43:59+08:00 ] ::1 /order/index.php/Index/administrationorder/state/0
INFO: [ app_init ] --START--
INFO: Run Behavior\BuildLiteBehavior [ RunTime:0.000027s ]
INFO: [ app_init ] --END-- [ RunTime:0.000473s ]

[ 2017-05-09T14:48:25+08:00 ] ::1 /order/index.php/Index/administrationorder/state/0
INFO: [ app_init ] --START--
INFO: Run Behavior\BuildLiteBehavior [ RunTime:0.000033s ]
INFO: [ app_init ] --END-- [ RunTime:0.000715s ]

[ 2017-05-09T14:48:29+08:00 ] ::1 /order/index.php/Index/administrationorder/state/0
INFO: [ app_init ] --START--
INFO: Run Behavior\BuildLiteBehavior [ RunTime:0.000031s ]
INFO: [ app_init ] --END-- [ RunTime:0.000496s ]

[ 2017-05-09T14:50:38+08:00 ] ::1 /order/index.php/Index/administrationorder/state/0
INFO: [ app_init ] --START--
INFO: Run Behavior\BuildLiteBehavior [ RunTime:0.000030s ]
INFO: [ app_init ] --END-- [ RunTime:0.000542s ]

[ 2017-05-09T14:50:43+08:00 ] ::1 /order/index.php/Index/administrationorder/state/0
INFO: [ app_init ] --START--
INFO: Run Behavior\BuildLiteBehavior [ RunTime:0.000032s ]
INFO: [ app_init ] --END-- [ RunTime:0.000503s ]

[ 2017-05-09T14:51:03+08:00 ] ::1 /order/index.php/Index/administrationorder/state/0
INFO: [ app_init ] --START--
INFO: Run Behavior\BuildLiteBehavior [ RunTime:0.000029s ]
INFO: [ app_init ] --END-- [ RunTime:0.000472s ]

[ 2017-05-09T14:51:35+08:00 ] ::1 /order/index.php/Index/administrationorder/state/0
INFO: [ app_init ] --START--
INFO: Run Behavior\BuildLiteBehavior [ RunTime:0.000066s ]
INFO: [ app_init ] --END-- [ RunTime:0.000637s ]

[ 2017-05-09T14:52:02+08:00 ] ::1 /order/index.php/Index/administrationorder/state/0
INFO: [ app_init ] --START--
INFO: Run Behavior\BuildLiteBehavior [ RunTime:0.000030s ]
INFO: [ app_init ] --END-- [ RunTime:0.000474s ]

[ 2017-05-09T14:52:33+08:00 ] ::1 /order/index.php/Index/administrationorder/state/0
INFO: [ app_init ] --START--
INFO: Run Behavior\BuildLiteBehavior [ RunTime:0.000069s ]
INFO: [ app_init ] --END-- [ RunTime:0.000914s ]

[ 2017-05-09T14:54:39+08:00 ] ::1 /order/index.php/Index/administrationorder/state/0
INFO: [ app_init ] --START--
INFO: Run Behavior\BuildLiteBehavior [ RunTime:0.000029s ]
INFO: [ app_init ] --END-- [ RunTime:0.000521s ]

[ 2017-05-09T14:54:58+08:00 ] ::1 /order/index.php/Index/administrationorder/state/0
INFO: [ app_init ] --START--
INFO: Run Behavior\BuildLiteBehavior [ RunTime:0.000033s ]
INFO: [ app_init ] --END-- [ RunTime:0.000748s ]

[ 2017-05-09T14:55:24+08:00 ] ::1 /order/index.php/Index/administrationorder/state/0
INFO: [ app_init ] --START--
INFO: Run Behavior\BuildLiteBehavior [ RunTime:0.000029s ]
INFO: [ app_init ] --END-- [ RunTime:0.000481s ]

[ 2017-05-09T14:55:47+08:00 ] ::1 /order/index.php/Index/administrationorder/state/0
INFO: [ app_init ] --START--
INFO: Run Behavior\BuildLiteBehavior [ RunTime:0.000032s ]
INFO: [ app_init ] --END-- [ RunTime:0.001122s ]

[ 2017-05-09T14:55:50+08:00 ] ::1 /order/index.php/Index/administrationorder/state/0/page/1
INFO: [ app_init ] --START--
INFO: Run Behavior\BuildLiteBehavior [ RunTime:0.000028s ]
INFO: [ app_init ] --END-- [ RunTime:0.000460s ]

[ 2017-05-09T14:55:52+08:00 ] ::1 /order/index.php/Index/administrationorder/state/0/page/1
INFO: [ app_init ] --START--
INFO: Run Behavior\BuildLiteBehavior [ RunTime:0.000027s ]
INFO: [ app_init ] --END-- [ RunTime:0.000461s ]

[ 2017-05-09T14:55:53+08:00 ] ::1 /order/index.php/Index/administrationorder/state/0/page/1
INFO: [ app_init ] --START--
INFO: Run Behavior\BuildLiteBehavior [ RunTime:0.000027s ]
INFO: [ app_init ] --END-- [ RunTime:0.000440s ]

[ 2017-05-09T14:55:55+08:00 ] ::1 /order/index.php/Index/administrationorder/state/1
INFO: [ app_init ] --START--
INFO: Run Behavior\BuildLiteBehavior [ RunTime:0.000054s ]
INFO: [ app_init ] --END-- [ RunTime:0.000656s ]

[ 2017-05-09T14:56:53+08:00 ] ::1 /order/index.php/Index/administrationorder/state/1
INFO: [ app_init ] --START--
INFO: Run Behavior\BuildLiteBehavior [ RunTime:0.000030s ]
INFO: [ app_init ] --END-- [ RunTime:0.000500s ]

[ 2017-05-09T14:56:55+08:00 ] ::1 /order/index.php/Index/administrationorder/state/0
INFO: [ app_init ] --START--
INFO: Run Behavior\BuildLiteBehavior [ RunTime:0.000029s ]
INFO: [ app_init ] --END-- [ RunTime:0.000498s ]

[ 2017-05-09T14:56:56+08:00 ] ::1 /order/index.php/Index/administrationorder/state/1
INFO: [ app_init ] --START--
INFO: Run Behavior\BuildLiteBehavior [ RunTime:0.000030s ]
INFO: [ app_init ] --END-- [ RunTime:0.000476s ]

[ 2017-05-09T14:56:57+08:00 ] ::1 /order/index.php/Index/administrationorder/state/1/page/2
INFO: [ app_init ] --START--
INFO: Run Behavior\BuildLiteBehavior [ RunTime:0.000029s ]
INFO: [ app_init ] --END-- [ RunTime:0.000470s ]

[ 2017-05-09T14:56:58+08:00 ] ::1 /order/index.php/Index/administrationorder/state/1/page/3
INFO: [ app_init ] --START--
INFO: Run Behavior\BuildLiteBehavior [ RunTime:0.000027s ]
INFO: [ app_init ] --END-- [ RunTime:0.000460s ]

[ 2017-05-09T14:57:00+08:00 ] ::1 /order/index.php/Index/administrationorder/state/1/page/2
INFO: [ app_init ] --START--
INFO: Run Behavior\BuildLiteBehavior [ RunTime:0.000036s ]
INFO: [ app_init ] --END-- [ RunTime:0.000541s ]

[ 2017-05-09T14:57:01+08:00 ] ::1 /order/index.php/Index/administrationorder/state/1/page/1
INFO: [ app_init ] --START--
INFO: Run Behavior\BuildLiteBehavior [ RunTime:0.000029s ]
INFO: [ app_init ] --END-- [ RunTime:0.000471s ]

[ 2017-05-09T15:01:45+08:00 ] ::1 /order/index.php/Index/administrationorder/state/1/page/3
INFO: [ app_init ] --START--
INFO: Run Behavior\BuildLiteBehavior [ RunTime:0.000029s ]
INFO: [ app_init ] --END-- [ RunTime:0.000564s ]

[ 2017-05-09T15:04:04+08:00 ] ::1 /order/index.php/Index/administrationorder/state/1
INFO: [ app_init ] --START--
INFO: Run Behavior\BuildLiteBehavior [ RunTime:0.000028s ]
INFO: [ app_init ] --END-- [ RunTime:0.000578s ]

[ 2017-05-09T15:10:55+08:00 ] ::1 /order/index.php/Index/administrationorder/state/0
INFO: [ app_init ] --START--
INFO: Run Behavior\BuildLiteBehavior [ RunTime:0.000028s ]
INFO: [ app_init ] --END-- [ RunTime:0.000543s ]

