[ 2017-05-18T10:11:37+08:00 ] ::1 /order/index.php/Index/login
INFO: [ app_init ] --START--
INFO: Run Behavior\BuildLiteBehavior [ RunTime:0.000027s ]
INFO: [ app_init ] --END-- [ RunTime:0.000467s ]

[ 2017-05-18T10:11:40+08:00 ] ::1 /order/index.php/Index/administrationorder/state/0
INFO: [ app_init ] --START--
INFO: Run Behavior\BuildLiteBehavior [ RunTime:0.000029s ]
INFO: [ app_init ] --END-- [ RunTime:0.000475s ]

[ 2017-05-18T10:11:41+08:00 ] ::1 /order/index.php/Index/administrationorder/state/1
INFO: [ app_init ] --START--
INFO: Run Behavior\BuildLiteBehavior [ RunTime:0.000027s ]
INFO: [ app_init ] --END-- [ RunTime:0.000453s ]

[ 2017-05-18T10:11:43+08:00 ] ::1 /order/index.php/Index/administrationorder/state/1/page/2
INFO: [ app_init ] --START--
INFO: Run Behavior\BuildLiteBehavior [ RunTime:0.000030s ]
INFO: [ app_init ] --END-- [ RunTime:0.000490s ]

[ 2017-05-18T10:11:45+08:00 ] ::1 /order/index.php/Index/administrationorder/state/1/page/1
INFO: [ app_init ] --START--
INFO: Run Behavior\BuildLiteBehavior [ RunTime:0.000026s ]
INFO: [ app_init ] --END-- [ RunTime:0.000435s ]

[ 2017-05-18T10:11:46+08:00 ] ::1 /order/index.php/index/tablemanager
INFO: [ app_init ] --START--
INFO: Run Behavior\BuildLiteBehavior [ RunTime:0.000027s ]
INFO: [ app_init ] --END-- [ RunTime:0.000469s ]

[ 2017-05-18T10:11:47+08:00 ] ::1 /order/index.php/Index/administrationorder/state/1
INFO: [ app_init ] --START--
INFO: Run Behavior\BuildLiteBehavior [ RunTime:0.000028s ]
INFO: [ app_init ] --END-- [ RunTime:0.000471s ]

[ 2017-05-18T10:11:50+08:00 ] ::1 /order/index.php/Index/cai
INFO: [ app_init ] --START--
INFO: Run Behavior\BuildLiteBehavior [ RunTime:0.000027s ]
INFO: [ app_init ] --END-- [ RunTime:0.000461s ]

[ 2017-05-18T10:11:55+08:00 ] ::1 /order/index.php/Index/adddishes
INFO: [ app_init ] --START--
INFO: Run Behavior\BuildLiteBehavior [ RunTime:0.000027s ]
INFO: [ app_init ] --END-- [ RunTime:0.000463s ]

[ 2017-05-18T10:15:40+08:00 ] ::1 /order/index.php/Index/adddishes
INFO: [ app_init ] --START--
INFO: Run Behavior\BuildLiteBehavior [ RunTime:0.000027s ]
INFO: [ app_init ] --END-- [ RunTime:0.000451s ]
ERR: 不存在的图像文件

[ 2017-05-18T10:17:27+08:00 ] ::1 /order/index.php/Index/login
INFO: [ app_init ] --START--
INFO: Run Behavior\BuildLiteBehavior [ RunTime:0.000027s ]
INFO: [ app_init ] --END-- [ RunTime:0.000439s ]

[ 2017-05-18T10:19:55+08:00 ] ::1 /order/index.php/Index/adddishes
INFO: [ app_init ] --START--
INFO: Run Behavior\BuildLiteBehavior [ RunTime:0.000026s ]
INFO: [ app_init ] --END-- [ RunTime:0.000424s ]

[ 2017-05-18T10:20:59+08:00 ] ::1 /order/index.php/Index/adddishes
INFO: [ app_init ] --START--
INFO: Run Behavior\BuildLiteBehavior [ RunTime:0.000027s ]
INFO: [ app_init ] --END-- [ RunTime:0.000455s ]

[ 2017-05-18T10:21:01+08:00 ] ::1 /order/index.php/Index/adddishes
INFO: [ app_init ] --START--
INFO: Run Behavior\BuildLiteBehavior [ RunTime:0.000026s ]
INFO: [ app_init ] --END-- [ RunTime:0.000421s ]

[ 2017-05-18T10:22:44+08:00 ] ::1 /order/index.php/Index/adddishes
INFO: [ app_init ] --START--
INFO: Run Behavior\BuildLiteBehavior [ RunTime:0.000035s ]
INFO: [ app_init ] --END-- [ RunTime:0.000467s ]

[ 2017-05-18T10:22:49+08:00 ] ::1 /order/index.php/Index/adddishes
INFO: [ app_init ] --START--
INFO: Run Behavior\BuildLiteBehavior [ RunTime:0.000026s ]
INFO: [ app_init ] --END-- [ RunTime:0.000439s ]
ERR: 不存在的图像文件

[ 2017-05-18T10:22:55+08:00 ] ::1 /order/index.php/Index/adddishes
INFO: [ app_init ] --START--
INFO: Run Behavior\BuildLiteBehavior [ RunTime:0.000028s ]
INFO: [ app_init ] --END-- [ RunTime:0.000461s ]

[ 2017-05-18T10:24:03+08:00 ] ::1 /order/index.php/Index/cai
INFO: [ app_init ] --START--
INFO: Run Behavior\BuildLiteBehavior [ RunTime:0.000027s ]
INFO: [ app_init ] --END-- [ RunTime:0.000411s ]

[ 2017-05-18T10:24:06+08:00 ] ::1 /order/index.php/Index/cai
INFO: [ app_init ] --START--
INFO: Run Behavior\BuildLiteBehavior [ RunTime:0.000031s ]
INFO: [ app_init ] --END-- [ RunTime:0.000445s ]

[ 2017-05-18T10:24:39+08:00 ] ::1 /order/index.php/Index/cai
INFO: [ app_init ] --START--
INFO: Run Behavior\BuildLiteBehavior [ RunTime:0.000028s ]
INFO: [ app_init ] --END-- [ RunTime:0.000416s ]

[ 2017-05-18T10:24:40+08:00 ] ::1 /order/index.php/Index/cai/state/0/page/5
INFO: [ app_init ] --START--
INFO: Run Behavior\BuildLiteBehavior [ RunTime:0.000029s ]
INFO: [ app_init ] --END-- [ RunTime:0.000414s ]

[ 2017-05-18T10:24:41+08:00 ] ::1 /order/index.php/Index/cai/state/0/page/7
INFO: [ app_init ] --START--
INFO: Run Behavior\BuildLiteBehavior [ RunTime:0.000028s ]
INFO: [ app_init ] --END-- [ RunTime:0.000412s ]

[ 2017-05-18T10:24:42+08:00 ] ::1 /order/index.php/Index/cai/state/0/page/9
INFO: [ app_init ] --START--
INFO: Run Behavior\BuildLiteBehavior [ RunTime:0.000026s ]
INFO: [ app_init ] --END-- [ RunTime:0.000429s ]

[ 2017-05-18T10:24:43+08:00 ] ::1 /order/index.php/Index/cai/state/0/page/7
INFO: [ app_init ] --START--
INFO: Run Behavior\BuildLiteBehavior [ RunTime:0.000028s ]
INFO: [ app_init ] --END-- [ RunTime:0.000457s ]

[ 2017-05-18T10:24:44+08:00 ] ::1 /order/index.php/Index/cai/state/0/page/5
INFO: [ app_init ] --START--
INFO: Run Behavior\BuildLiteBehavior [ RunTime:0.000026s ]
INFO: [ app_init ] --END-- [ RunTime:0.000401s ]

[ 2017-05-18T10:25:32+08:00 ] ::1 /order/index.php/Index/cai/state/0/page/5
INFO: [ app_init ] --START--
INFO: Run Behavior\BuildLiteBehavior [ RunTime:0.000028s ]
INFO: [ app_init ] --END-- [ RunTime:0.000472s ]

[ 2017-05-18T10:25:33+08:00 ] ::1 /order/index.php/Index/cai/state/0/page/6
INFO: [ app_init ] --START--
INFO: Run Behavior\BuildLiteBehavior [ RunTime:0.000028s ]
INFO: [ app_init ] --END-- [ RunTime:0.000398s ]

[ 2017-05-18T10:25:34+08:00 ] ::1 /order/index.php/Index/cai/state/0/page/8
INFO: [ app_init ] --START--
INFO: Run Behavior\BuildLiteBehavior [ RunTime:0.000031s ]
INFO: [ app_init ] --END-- [ RunTime:0.000712s ]

[ 2017-05-18T10:25:35+08:00 ] ::1 /order/index.php/Index/cai/state/0/page/7
INFO: [ app_init ] --START--
INFO: Run Behavior\BuildLiteBehavior [ RunTime:0.000030s ]
INFO: [ app_init ] --END-- [ RunTime:0.000691s ]

[ 2017-05-18T10:25:36+08:00 ] ::1 /order/index.php/Index/cai/state/0/page/9
INFO: [ app_init ] --START--
INFO: Run Behavior\BuildLiteBehavior [ RunTime:0.000028s ]
INFO: [ app_init ] --END-- [ RunTime:0.000676s ]

[ 2017-05-18T10:26:13+08:00 ] ::1 /order/index.php/Index/cai/state/0/page/9
INFO: [ app_init ] --START--
INFO: Run Behavior\BuildLiteBehavior [ RunTime:0.000030s ]
INFO: [ app_init ] --END-- [ RunTime:0.000684s ]

[ 2017-05-18T10:26:14+08:00 ] ::1 /order/index.php/Index/cai/state/0/page/8
INFO: [ app_init ] --START--
INFO: Run Behavior\BuildLiteBehavior [ RunTime:0.000029s ]
INFO: [ app_init ] --END-- [ RunTime:0.000764s ]

[ 2017-05-18T10:26:16+08:00 ] ::1 /order/index.php/Index/cai/state/0/page/5
INFO: [ app_init ] --START--
INFO: Run Behavior\BuildLiteBehavior [ RunTime:0.000029s ]
INFO: [ app_init ] --END-- [ RunTime:0.000674s ]

[ 2017-05-18T10:26:16+08:00 ] ::1 /order/index.php/Index/cai/state/0/page/3
INFO: [ app_init ] --START--
INFO: Run Behavior\BuildLiteBehavior [ RunTime:0.000031s ]
INFO: [ app_init ] --END-- [ RunTime:0.000719s ]

[ 2017-05-18T10:26:18+08:00 ] ::1 /order/index.php/Index/cai/state/0/page/2
INFO: [ app_init ] --START--
INFO: Run Behavior\BuildLiteBehavior [ RunTime:0.000029s ]
INFO: [ app_init ] --END-- [ RunTime:0.000688s ]

[ 2017-05-18T10:27:58+08:00 ] ::1 /order/index.php/Index/cai/state/0/page/2
INFO: [ app_init ] --START--
INFO: Run Behavior\BuildLiteBehavior [ RunTime:0.000029s ]
INFO: [ app_init ] --END-- [ RunTime:0.000465s ]

[ 2017-05-18T10:27:59+08:00 ] ::1 /order/index.php/Index/cai
INFO: [ app_init ] --START--
INFO: Run Behavior\BuildLiteBehavior [ RunTime:0.000031s ]
INFO: [ app_init ] --END-- [ RunTime:0.000532s ]

[ 2017-05-18T10:27:59+08:00 ] ::1 /order/index.php/Index/adddishes
INFO: [ app_init ] --START--
INFO: Run Behavior\BuildLiteBehavior [ RunTime:0.000025s ]
INFO: [ app_init ] --END-- [ RunTime:0.000456s ]

[ 2017-05-18T10:28:13+08:00 ] ::1 /order/index.php/Index/adddishes
INFO: [ app_init ] --START--
INFO: Run Behavior\BuildLiteBehavior [ RunTime:0.000026s ]
INFO: [ app_init ] --END-- [ RunTime:0.000478s ]
ERR: 不存在的图像文件

[ 2017-05-18T10:29:32+08:00 ] ::1 /order/index.php/Index/adddishes
INFO: [ app_init ] --START--
INFO: Run Behavior\BuildLiteBehavior [ RunTime:0.000024s ]
INFO: [ app_init ] --END-- [ RunTime:0.000419s ]
ERR: 不存在的图像文件

[ 2017-05-18T10:29:59+08:00 ] ::1 /order/index.php/Index/adddishes
INFO: [ app_init ] --START--
INFO: Run Behavior\BuildLiteBehavior [ RunTime:0.000029s ]
INFO: [ app_init ] --END-- [ RunTime:0.000460s ]
ERR: 不存在的图像文件

[ 2017-05-18T10:30:01+08:00 ] ::1 /order/index.php/Index/cai
INFO: [ app_init ] --START--
INFO: Run Behavior\BuildLiteBehavior [ RunTime:0.000031s ]
INFO: [ app_init ] --END-- [ RunTime:0.000525s ]

[ 2017-05-18T10:30:03+08:00 ] ::1 /order/index.php/Index/cai/state/0/page/2
INFO: [ app_init ] --START--
INFO: Run Behavior\BuildLiteBehavior [ RunTime:0.000027s ]
INFO: [ app_init ] --END-- [ RunTime:0.000458s ]

[ 2017-05-18T10:30:04+08:00 ] ::1 /order/index.php/Index/cai/state/0/page/1
INFO: [ app_init ] --START--
INFO: Run Behavior\BuildLiteBehavior [ RunTime:0.000028s ]
INFO: [ app_init ] --END-- [ RunTime:0.000454s ]

[ 2017-05-18T10:30:06+08:00 ] ::1 /order/index.php/Index/package
INFO: [ app_init ] --START--
INFO: Run Behavior\BuildLiteBehavior [ RunTime:0.000031s ]
INFO: [ app_init ] --END-- [ RunTime:0.000481s ]

[ 2017-05-18T10:30:06+08:00 ] ::1 /order/index.php/Index/cai
INFO: [ app_init ] --START--
INFO: Run Behavior\BuildLiteBehavior [ RunTime:0.000026s ]
INFO: [ app_init ] --END-- [ RunTime:0.000454s ]

[ 2017-05-18T10:32:05+08:00 ] ::1 /order/index.php/Index/cai
INFO: [ app_init ] --START--
INFO: Run Behavior\BuildLiteBehavior [ RunTime:0.000030s ]
INFO: [ app_init ] --END-- [ RunTime:0.000479s ]

[ 2017-05-18T10:32:05+08:00 ] ::1 /order/index.php/Index/adddishes
INFO: [ app_init ] --START--
INFO: Run Behavior\BuildLiteBehavior [ RunTime:0.000028s ]
INFO: [ app_init ] --END-- [ RunTime:0.000459s ]

[ 2017-05-18T10:32:17+08:00 ] ::1 /order/index.php/Index/adddishes
INFO: [ app_init ] --START--
INFO: Run Behavior\BuildLiteBehavior [ RunTime:0.000028s ]
INFO: [ app_init ] --END-- [ RunTime:0.000466s ]
ERR: 不存在的图像文件

[ 2017-05-18T10:33:22+08:00 ] ::1 /order/index.php/Index/adddishes
INFO: [ app_init ] --START--
INFO: Run Behavior\BuildLiteBehavior [ RunTime:0.000025s ]
INFO: [ app_init ] --END-- [ RunTime:0.000420s ]
ERR: 不存在的图像文件

[ 2017-05-18T10:35:36+08:00 ] ::1 /order/index.php/Index/adddishes
INFO: [ app_init ] --START--
INFO: Run Behavior\BuildLiteBehavior [ RunTime:0.000027s ]
INFO: [ app_init ] --END-- [ RunTime:0.000445s ]
ERR: 不存在的图像文件

[ 2017-05-18T10:37:14+08:00 ] ::1 /order/index.php/Index/adddishes
INFO: [ app_init ] --START--
INFO: Run Behavior\BuildLiteBehavior [ RunTime:0.000026s ]
INFO: [ app_init ] --END-- [ RunTime:0.000418s ]

[ 2017-05-18T10:37:26+08:00 ] ::1 /order/index.php/Index/adddishes
INFO: [ app_init ] --START--
INFO: Run Behavior\BuildLiteBehavior [ RunTime:0.000028s ]
INFO: [ app_init ] --END-- [ RunTime:0.000444s ]

[ 2017-05-18T10:37:28+08:00 ] ::1 /order/index.php/Index/adddishes
INFO: [ app_init ] --START--
INFO: Run Behavior\BuildLiteBehavior [ RunTime:0.000025s ]
INFO: [ app_init ] --END-- [ RunTime:0.000413s ]

[ 2017-05-18T10:37:56+08:00 ] ::1 /order/index.php/Index/adddishes
INFO: [ app_init ] --START--
INFO: Run Behavior\BuildLiteBehavior [ RunTime:0.000028s ]
INFO: [ app_init ] --END-- [ RunTime:0.000446s ]

[ 2017-05-18T10:37:58+08:00 ] ::1 /order/index.php/Index/adddishes
INFO: [ app_init ] --START--
INFO: Run Behavior\BuildLiteBehavior [ RunTime:0.000028s ]
INFO: [ app_init ] --END-- [ RunTime:0.000577s ]
ERR: 不存在的图像文件

[ 2017-05-18T10:38:25+08:00 ] ::1 /order/index.php/Index/adddishes
INFO: [ app_init ] --START--
INFO: Run Behavior\BuildLiteBehavior [ RunTime:0.000034s ]
INFO: [ app_init ] --END-- [ RunTime:0.000450s ]

[ 2017-05-18T10:42:19+08:00 ] ::1 /order/index.php/Index/adddishes
INFO: [ app_init ] --START--
INFO: Run Behavior\BuildLiteBehavior [ RunTime:0.000029s ]
INFO: [ app_init ] --END-- [ RunTime:0.000465s ]

[ 2017-05-18T10:42:21+08:00 ] ::1 /order/index.php/Index/adddishes
INFO: [ app_init ] --START--
INFO: Run Behavior\BuildLiteBehavior [ RunTime:0.000026s ]
INFO: [ app_init ] --END-- [ RunTime:0.000437s ]

[ 2017-05-18T10:42:37+08:00 ] ::1 /order/index.php/Index/adddishes
INFO: [ app_init ] --START--
INFO: Run Behavior\BuildLiteBehavior [ RunTime:0.000029s ]
INFO: [ app_init ] --END-- [ RunTime:0.000472s ]

[ 2017-05-18T10:42:38+08:00 ] ::1 /order/index.php/Index/adddishes
INFO: [ app_init ] --START--
INFO: Run Behavior\BuildLiteBehavior [ RunTime:0.000025s ]
INFO: [ app_init ] --END-- [ RunTime:0.000417s ]

[ 2017-05-18T10:42:52+08:00 ] ::1 /order/index.php/Index/adddishes
INFO: [ app_init ] --START--
INFO: Run Behavior\BuildLiteBehavior [ RunTime:0.000030s ]
INFO: [ app_init ] --END-- [ RunTime:0.000464s ]

[ 2017-05-18T10:42:54+08:00 ] ::1 /order/index.php/Index/adddishes
INFO: [ app_init ] --START--
INFO: Run Behavior\BuildLiteBehavior [ RunTime:0.000025s ]
INFO: [ app_init ] --END-- [ RunTime:0.000418s ]
ERR: 不存在的图像文件

[ 2017-05-18T10:45:11+08:00 ] ::1 /order/index.php/Index/adddishes
INFO: [ app_init ] --START--
INFO: Run Behavior\BuildLiteBehavior [ RunTime:0.000026s ]
INFO: [ app_init ] --END-- [ RunTime:0.000432s ]
ERR: 不存在的图像文件

[ 2017-05-18T10:45:13+08:00 ] ::1 /order/index.php/index/tablemanager
INFO: [ app_init ] --START--
INFO: Run Behavior\BuildLiteBehavior [ RunTime:0.000029s ]
INFO: [ app_init ] --END-- [ RunTime:0.000465s ]

[ 2017-05-18T10:45:15+08:00 ] ::1 /order/index.php/Index/cai
INFO: [ app_init ] --START--
INFO: Run Behavior\BuildLiteBehavior [ RunTime:0.000030s ]
INFO: [ app_init ] --END-- [ RunTime:0.000463s ]

[ 2017-05-18T10:45:15+08:00 ] ::1 /order/index.php/Index/adddishes
INFO: [ app_init ] --START--
INFO: Run Behavior\BuildLiteBehavior [ RunTime:0.000029s ]
INFO: [ app_init ] --END-- [ RunTime:0.000475s ]

[ 2017-05-18T10:45:33+08:00 ] ::1 /order/index.php/Index/adddishes
INFO: [ app_init ] --START--
INFO: Run Behavior\BuildLiteBehavior [ RunTime:0.000025s ]
INFO: [ app_init ] --END-- [ RunTime:0.000418s ]
ERR: 不存在的图像文件

[ 2017-05-18T10:48:56+08:00 ] ::1 /order/index.php/Index/adddishes
INFO: [ app_init ] --START--
INFO: Run Behavior\BuildLiteBehavior [ RunTime:0.000027s ]
INFO: [ app_init ] --END-- [ RunTime:0.000445s ]
ERR: 不存在的图像文件

[ 2017-05-18T10:49:38+08:00 ] ::1 /order/index.php/Index/adddishes
INFO: [ app_init ] --START--
INFO: Run Behavior\BuildLiteBehavior [ RunTime:0.000026s ]
INFO: [ app_init ] --END-- [ RunTime:0.000420s ]
ERR: 不存在的图像文件

[ 2017-05-18T10:57:23+08:00 ] ::1 /order/index.php/Index/thumb
INFO: [ app_init ] --START--
INFO: Run Behavior\BuildLiteBehavior [ RunTime:0.000029s ]
INFO: [ app_init ] --END-- [ RunTime:0.000465s ]
ERR: 不存在的图像文件

[ 2017-05-18T10:57:26+08:00 ] ::1 /order/index.php/Index/thumb
INFO: [ app_init ] --START--
INFO: Run Behavior\BuildLiteBehavior [ RunTime:0.000031s ]
INFO: [ app_init ] --END-- [ RunTime:0.000468s ]
ERR: 不存在的图像文件

[ 2017-05-18T10:57:42+08:00 ] ::1 /order/index.php/Index/thumb
INFO: [ app_init ] --START--
INFO: Run Behavior\BuildLiteBehavior [ RunTime:0.000031s ]
INFO: [ app_init ] --END-- [ RunTime:0.000485s ]
ERR: 不存在的图像文件

[ 2017-05-18T10:59:17+08:00 ] ::1 /order/index.php/Index/thumb
INFO: [ app_init ] --START--
INFO: Run Behavior\BuildLiteBehavior [ RunTime:0.000032s ]
INFO: [ app_init ] --END-- [ RunTime:0.000508s ]
ERR: 不存在的图像文件

[ 2017-05-18T11:20:54+08:00 ] ::1 /order/index.php/Index/thumb
INFO: [ app_init ] --START--
INFO: Run Behavior\BuildLiteBehavior [ RunTime:0.000030s ]
INFO: [ app_init ] --END-- [ RunTime:0.000502s ]
ERR: 不存在的图像文件

[ 2017-05-18T11:22:27+08:00 ] ::1 /order/index.php/Index/thumb
INFO: [ app_init ] --START--
INFO: Run Behavior\BuildLiteBehavior [ RunTime:0.000034s ]
INFO: [ app_init ] --END-- [ RunTime:0.000532s ]
ERR: 不存在的图像文件

[ 2017-05-18T11:23:12+08:00 ] ::1 /order/index.php/Index/thumb
INFO: [ app_init ] --START--
INFO: Run Behavior\BuildLiteBehavior [ RunTime:0.000029s ]
INFO: [ app_init ] --END-- [ RunTime:0.000557s ]
ERR: 不存在的图像文件

[ 2017-05-18T11:23:31+08:00 ] ::1 /order/index.php/Index/adddishes
INFO: [ app_init ] --START--
INFO: Run Behavior\BuildLiteBehavior [ RunTime:0.000024s ]
INFO: [ app_init ] --END-- [ RunTime:0.000419s ]
ERR: 不存在的图像文件

[ 2017-05-18T11:23:35+08:00 ] ::1 /order/index.php/index/tablemanager
INFO: [ app_init ] --START--
INFO: Run Behavior\BuildLiteBehavior [ RunTime:0.000030s ]
INFO: [ app_init ] --END-- [ RunTime:0.000494s ]

[ 2017-05-18T11:23:38+08:00 ] ::1 /order/index.php/Index/administrationorder/state/1
INFO: [ app_init ] --START--
INFO: Run Behavior\BuildLiteBehavior [ RunTime:0.000029s ]
INFO: [ app_init ] --END-- [ RunTime:0.000471s ]

[ 2017-05-18T11:23:38+08:00 ] ::1 /order/index.php/Index/administrationorder/state/0
INFO: [ app_init ] --START--
INFO: Run Behavior\BuildLiteBehavior [ RunTime:0.000028s ]
INFO: [ app_init ] --END-- [ RunTime:0.000457s ]

[ 2017-05-18T11:24:08+08:00 ] ::1 /order/index.php/Index/thumb/
INFO: [ app_init ] --START--
INFO: Run Behavior\BuildLiteBehavior [ RunTime:0.000031s ]
INFO: [ app_init ] --END-- [ RunTime:0.000479s ]
ERR: 不存在的图像文件

[ 2017-05-18T11:24:29+08:00 ] ::1 /order/index.php/Index/login/
INFO: [ app_init ] --START--
INFO: Run Behavior\BuildLiteBehavior [ RunTime:0.000029s ]
INFO: [ app_init ] --END-- [ RunTime:0.000470s ]

[ 2017-05-18T11:24:38+08:00 ] ::1 /order/index.php/Index/thumb/
INFO: [ app_init ] --START--
INFO: Run Behavior\BuildLiteBehavior [ RunTime:0.000028s ]
INFO: [ app_init ] --END-- [ RunTime:0.000461s ]
ERR: 不存在的图像文件

[ 2017-05-18T13:37:10+08:00 ] ::1 /order/index.php/Index/thumb/
INFO: [ app_init ] --START--
INFO: Run Behavior\BuildLiteBehavior [ RunTime:0.000028s ]
INFO: [ app_init ] --END-- [ RunTime:0.000485s ]
ERR: 不存在的图像文件

[ 2017-05-18T13:37:12+08:00 ] ::1 /order/index.php/Index/thumb/
INFO: [ app_init ] --START--
INFO: Run Behavior\BuildLiteBehavior [ RunTime:0.000032s ]
INFO: [ app_init ] --END-- [ RunTime:0.000503s ]
ERR: 不存在的图像文件

[ 2017-05-18T13:37:13+08:00 ] ::1 /order/index.php/Index/thumb/
INFO: [ app_init ] --START--
INFO: Run Behavior\BuildLiteBehavior [ RunTime:0.000028s ]
INFO: [ app_init ] --END-- [ RunTime:0.000454s ]
ERR: 不存在的图像文件

[ 2017-05-18T13:37:13+08:00 ] ::1 /order/index.php/Index/thumb/
INFO: [ app_init ] --START--
INFO: Run Behavior\BuildLiteBehavior [ RunTime:0.000057s ]
INFO: [ app_init ] --END-- [ RunTime:0.000936s ]
ERR: 不存在的图像文件

[ 2017-05-18T13:37:13+08:00 ] ::1 /order/index.php/Index/thumb/
INFO: [ app_init ] --START--
INFO: Run Behavior\BuildLiteBehavior [ RunTime:0.000026s ]
INFO: [ app_init ] --END-- [ RunTime:0.000445s ]
ERR: 不存在的图像文件

[ 2017-05-18T13:37:13+08:00 ] ::1 /order/index.php/Index/thumb/
INFO: [ app_init ] --START--
INFO: Run Behavior\BuildLiteBehavior [ RunTime:0.000038s ]
INFO: [ app_init ] --END-- [ RunTime:0.000574s ]
ERR: 不存在的图像文件

[ 2017-05-18T13:37:13+08:00 ] ::1 /order/index.php/Index/thumb/
INFO: [ app_init ] --START--
INFO: Run Behavior\BuildLiteBehavior [ RunTime:0.000030s ]
INFO: [ app_init ] --END-- [ RunTime:0.000469s ]
ERR: 不存在的图像文件

[ 2017-05-18T13:40:25+08:00 ] ::1 /order/index.php/Index/thumb/
INFO: [ app_init ] --START--
INFO: Run Behavior\BuildLiteBehavior [ RunTime:0.000030s ]
INFO: [ app_init ] --END-- [ RunTime:0.000466s ]
ERR: 不存在的图像文件

[ 2017-05-18T13:40:27+08:00 ] ::1 /order/index.php/Index/thumb/
INFO: [ app_init ] --START--
INFO: Run Behavior\BuildLiteBehavior [ RunTime:0.000029s ]
INFO: [ app_init ] --END-- [ RunTime:0.000420s ]
ERR: 不存在的图像文件

[ 2017-05-18T13:40:29+08:00 ] ::1 /order/index.php/Index/thumb/
INFO: [ app_init ] --START--
INFO: Run Behavior\BuildLiteBehavior [ RunTime:0.000029s ]
INFO: [ app_init ] --END-- [ RunTime:0.000416s ]
ERR: 不存在的图像文件

[ 2017-05-18T13:40:31+08:00 ] ::1 /order/index.php/Index/thumb/
INFO: [ app_init ] --START--
INFO: Run Behavior\BuildLiteBehavior [ RunTime:0.000030s ]
INFO: [ app_init ] --END-- [ RunTime:0.000437s ]
ERR: 不存在的图像文件

[ 2017-05-18T13:40:35+08:00 ] ::1 /order/index.php/Index/thumb/
INFO: [ app_init ] --START--
INFO: Run Behavior\BuildLiteBehavior [ RunTime:0.000031s ]
INFO: [ app_init ] --END-- [ RunTime:0.000473s ]
ERR: 不存在的图像文件

[ 2017-05-18T13:41:43+08:00 ] ::1 /order/index.php/Index/thumb/
INFO: [ app_init ] --START--
INFO: Run Behavior\BuildLiteBehavior [ RunTime:0.000030s ]
INFO: [ app_init ] --END-- [ RunTime:0.000478s ]
ERR: 不存在的图像文件

[ 2017-05-18T14:06:50+08:00 ] ::1 /order/
INFO: [ app_init ] --START--
INFO: Run Behavior\BuildLiteBehavior [ RunTime:0.000032s ]
INFO: [ app_init ] --END-- [ RunTime:0.027351s ]

[ 2017-05-18T14:06:53+08:00 ] ::1 /order/index.php/Index/index
INFO: [ app_init ] --START--
INFO: Run Behavior\BuildLiteBehavior [ RunTime:0.000032s ]
INFO: [ app_init ] --END-- [ RunTime:0.000560s ]

[ 2017-05-18T14:06:54+08:00 ] ::1 /order/index.php/Index/login
INFO: [ app_init ] --START--
INFO: Run Behavior\BuildLiteBehavior [ RunTime:0.000057s ]
INFO: [ app_init ] --END-- [ RunTime:0.000809s ]

[ 2017-05-18T14:06:59+08:00 ] ::1 /order/index.php/Index/thumb
INFO: [ app_init ] --START--
INFO: Run Behavior\BuildLiteBehavior [ RunTime:0.000029s ]
INFO: [ app_init ] --END-- [ RunTime:0.000668s ]

[ 2017-05-18T14:07:04+08:00 ] ::1 /order/index.php/Index/thumb
INFO: [ app_init ] --START--
INFO: Run Behavior\BuildLiteBehavior [ RunTime:0.000026s ]
INFO: [ app_init ] --END-- [ RunTime:0.000629s ]

[ 2017-05-18T14:10:11+08:00 ] ::1 /order/index.php/Index/thumb
INFO: [ app_init ] --START--
INFO: Run Behavior\BuildLiteBehavior [ RunTime:0.000029s ]
INFO: [ app_init ] --END-- [ RunTime:0.000532s ]

[ 2017-05-18T14:11:19+08:00 ] ::1 /order/index.php/Index/thumb
INFO: [ app_init ] --START--
INFO: Run Behavior\BuildLiteBehavior [ RunTime:0.000029s ]
INFO: [ app_init ] --END-- [ RunTime:0.000470s ]

[ 2017-05-18T14:20:01+08:00 ] ::1 /order/index.php/Index/login
INFO: [ app_init ] --START--
INFO: Run Behavior\BuildLiteBehavior [ RunTime:0.000029s ]
INFO: [ app_init ] --END-- [ RunTime:0.000457s ]

[ 2017-05-18T14:20:03+08:00 ] ::1 /order/index.php/Index/cai
INFO: [ app_init ] --START--
INFO: Run Behavior\BuildLiteBehavior [ RunTime:0.000032s ]
INFO: [ app_init ] --END-- [ RunTime:0.000468s ]

[ 2017-05-18T14:20:04+08:00 ] ::1 /order/index.php/Index/adddishes
INFO: [ app_init ] --START--
INFO: Run Behavior\BuildLiteBehavior [ RunTime:0.000028s ]
INFO: [ app_init ] --END-- [ RunTime:0.000451s ]

[ 2017-05-18T14:20:24+08:00 ] ::1 /order/index.php/Index/adddishes
INFO: [ app_init ] --START--
INFO: Run Behavior\BuildLiteBehavior [ RunTime:0.000029s ]
INFO: [ app_init ] --END-- [ RunTime:0.000482s ]
ERR: 1364:Field 'sourceimg' doesn't have a default value
 [ SQL语句 ] : INSERT INTO `menu` (`thumb`,`dishes`,`package`,`category`,`price`) VALUES ('./Uploads/thumb/20170518/591d3d27617d5.jpg','Terry','0','法人','12')

[ 2017-05-18T14:22:27+08:00 ] ::1 /order/index.php/Index/adddishes
INFO: [ app_init ] --START--
INFO: Run Behavior\BuildLiteBehavior [ RunTime:0.000028s ]
INFO: [ app_init ] --END-- [ RunTime:0.000461s ]

[ 2017-05-18T14:22:30+08:00 ] ::1 /order/index.php/Index/adddishes
INFO: [ app_init ] --START--
INFO: Run Behavior\BuildLiteBehavior [ RunTime:0.000031s ]
INFO: [ app_init ] --END-- [ RunTime:0.000651s ]

[ 2017-05-18T14:22:31+08:00 ] ::1 /order/index.php/Index/cai
INFO: [ app_init ] --START--
INFO: Run Behavior\BuildLiteBehavior [ RunTime:0.000027s ]
INFO: [ app_init ] --END-- [ RunTime:0.000462s ]

[ 2017-05-18T14:22:31+08:00 ] ::1 /order/index.php/Index/Uploads/thumb/20170518/591d3da4e544e.jpg
INFO: [ app_init ] --START--
INFO: Run Behavior\BuildLiteBehavior [ RunTime:0.000030s ]
INFO: [ app_init ] --END-- [ RunTime:0.000520s ]

[ 2017-05-18T14:23:57+08:00 ] ::1 /order/index.php/Index/cai
INFO: [ app_init ] --START--
INFO: Run Behavior\BuildLiteBehavior [ RunTime:0.000032s ]
INFO: [ app_init ] --END-- [ RunTime:0.000497s ]

[ 2017-05-18T14:23:57+08:00 ] ::1 /order/index.php/Index/Uploads/thumb/20170518/591d3da4e544e.jpg
INFO: [ app_init ] --START--
INFO: Run Behavior\BuildLiteBehavior [ RunTime:0.000031s ]
INFO: [ app_init ] --END-- [ RunTime:0.000440s ]

[ 2017-05-18T14:24:34+08:00 ] ::1 /order/index.php/Index/cai/state/0/page/2
INFO: [ app_init ] --START--
INFO: Run Behavior\BuildLiteBehavior [ RunTime:0.000029s ]
INFO: [ app_init ] --END-- [ RunTime:0.000430s ]

[ 2017-05-18T14:24:35+08:00 ] ::1 /order/index.php/Index/cai/state/0/page/3
INFO: [ app_init ] --START--
INFO: Run Behavior\BuildLiteBehavior [ RunTime:0.000030s ]
INFO: [ app_init ] --END-- [ RunTime:0.000657s ]

[ 2017-05-18T14:24:40+08:00 ] ::1 /order/index.php/Index/cai/state/0/page/4
INFO: [ app_init ] --START--
INFO: Run Behavior\BuildLiteBehavior [ RunTime:0.000030s ]
INFO: [ app_init ] --END-- [ RunTime:0.000695s ]

[ 2017-05-18T14:24:42+08:00 ] ::1 /order/index.php/Index/cai/state/0/page/6
INFO: [ app_init ] --START--
INFO: Run Behavior\BuildLiteBehavior [ RunTime:0.000031s ]
INFO: [ app_init ] --END-- [ RunTime:0.000810s ]

[ 2017-05-18T14:24:43+08:00 ] ::1 /order/index.php/Index/cai/state/0/page/4
INFO: [ app_init ] --START--
INFO: Run Behavior\BuildLiteBehavior [ RunTime:0.000033s ]
INFO: [ app_init ] --END-- [ RunTime:0.000772s ]

[ 2017-05-18T14:24:44+08:00 ] ::1 /order/index.php/Index/cai/state/0/page/2
INFO: [ app_init ] --START--
INFO: Run Behavior\BuildLiteBehavior [ RunTime:0.000033s ]
INFO: [ app_init ] --END-- [ RunTime:0.000746s ]

[ 2017-05-18T14:24:45+08:00 ] ::1 /order/index.php/Index/cai/state/0/page/2
INFO: [ app_init ] --START--
INFO: Run Behavior\BuildLiteBehavior [ RunTime:0.000039s ]
INFO: [ app_init ] --END-- [ RunTime:0.000770s ]

[ 2017-05-18T14:24:45+08:00 ] ::1 /order/index.php/Index/cai/state/0/page/1
INFO: [ app_init ] --START--
INFO: Run Behavior\BuildLiteBehavior [ RunTime:0.000030s ]
INFO: [ app_init ] --END-- [ RunTime:0.000799s ]

[ 2017-05-18T14:24:45+08:00 ] ::1 /order/index.php/Index/cai/state/0/page/Uploads/thumb/20170518/591d3da4e544e.jpg
INFO: [ app_init ] --START--
INFO: Run Behavior\BuildLiteBehavior [ RunTime:0.000032s ]
INFO: [ app_init ] --END-- [ RunTime:0.000772s ]

[ 2017-05-18T14:24:47+08:00 ] ::1 /order/index.php/Index/cai/state/0/page/2
INFO: [ app_init ] --START--
INFO: Run Behavior\BuildLiteBehavior [ RunTime:0.000047s ]
INFO: [ app_init ] --END-- [ RunTime:0.000679s ]

[ 2017-05-18T14:25:53+08:00 ] ::1 /order/index.php/Index/adddishes
INFO: [ app_init ] --START--
INFO: Run Behavior\BuildLiteBehavior [ RunTime:0.000027s ]
INFO: [ app_init ] --END-- [ RunTime:0.000640s ]

[ 2017-05-18T14:26:07+08:00 ] ::1 /order/index.php/Index/adddishes
INFO: [ app_init ] --START--
INFO: Run Behavior\BuildLiteBehavior [ RunTime:0.000029s ]
INFO: [ app_init ] --END-- [ RunTime:0.000500s ]

[ 2017-05-18T14:26:08+08:00 ] ::1 /order/index.php/Index/cai
INFO: [ app_init ] --START--
INFO: Run Behavior\BuildLiteBehavior [ RunTime:0.000030s ]
INFO: [ app_init ] --END-- [ RunTime:0.000449s ]

[ 2017-05-18T14:26:08+08:00 ] ::1 /order/index.php/Index/Uploads/thumb/20170518/591d3da4e544e.jpg
INFO: [ app_init ] --START--
INFO: Run Behavior\BuildLiteBehavior [ RunTime:0.000030s ]
INFO: [ app_init ] --END-- [ RunTime:0.000473s ]

[ 2017-05-18T14:26:11+08:00 ] ::1 /order/index.php/Index/cai/state/0/page/2
INFO: [ app_init ] --START--
INFO: Run Behavior\BuildLiteBehavior [ RunTime:0.000029s ]
INFO: [ app_init ] --END-- [ RunTime:0.000447s ]

[ 2017-05-18T14:26:13+08:00 ] ::1 /order/index.php/Index/cai/state/0/page/3
INFO: [ app_init ] --START--
INFO: Run Behavior\BuildLiteBehavior [ RunTime:0.000028s ]
INFO: [ app_init ] --END-- [ RunTime:0.000439s ]

[ 2017-05-18T14:26:15+08:00 ] ::1 /order/index.php/Index/cai/state/0/page/4
INFO: [ app_init ] --START--
INFO: Run Behavior\BuildLiteBehavior [ RunTime:0.000029s ]
INFO: [ app_init ] --END-- [ RunTime:0.000473s ]

[ 2017-05-18T14:26:17+08:00 ] ::1 /order/index.php/Index/cai/state/0/page/5
INFO: [ app_init ] --START--
INFO: Run Behavior\BuildLiteBehavior [ RunTime:0.000030s ]
INFO: [ app_init ] --END-- [ RunTime:0.000502s ]

[ 2017-05-18T14:26:17+08:00 ] ::1 /order/index.php/Index/cai/state/0/page/Uploads/source/20170518/591d3e7e67c17.jpg
INFO: [ app_init ] --START--
INFO: Run Behavior\BuildLiteBehavior [ RunTime:0.000030s ]
INFO: [ app_init ] --END-- [ RunTime:0.000477s ]

[ 2017-05-18T14:26:18+08:00 ] ::1 /order/index.php/Index/cai/state/0/page/7
INFO: [ app_init ] --START--
INFO: Run Behavior\BuildLiteBehavior [ RunTime:0.000028s ]
INFO: [ app_init ] --END-- [ RunTime:0.000452s ]

[ 2017-05-18T14:26:19+08:00 ] ::1 /order/index.php/Index/cai/state/0/page/9
INFO: [ app_init ] --START--
INFO: Run Behavior\BuildLiteBehavior [ RunTime:0.000029s ]
INFO: [ app_init ] --END-- [ RunTime:0.000495s ]

[ 2017-05-18T14:26:20+08:00 ] ::1 /order/index.php/Index/cai/state/0/page/8
INFO: [ app_init ] --START--
INFO: Run Behavior\BuildLiteBehavior [ RunTime:0.000029s ]
INFO: [ app_init ] --END-- [ RunTime:0.000476s ]

[ 2017-05-18T14:26:22+08:00 ] ::1 /order/index.php/Index/cai/state/0/page/7
INFO: [ app_init ] --START--
INFO: Run Behavior\BuildLiteBehavior [ RunTime:0.000040s ]
INFO: [ app_init ] --END-- [ RunTime:0.000497s ]

[ 2017-05-18T14:26:22+08:00 ] ::1 /order/index.php/Index/cai/state/0/page/6
INFO: [ app_init ] --START--
INFO: Run Behavior\BuildLiteBehavior [ RunTime:0.000030s ]
INFO: [ app_init ] --END-- [ RunTime:0.000459s ]

[ 2017-05-18T14:26:23+08:00 ] ::1 /order/index.php/Index/cai/state/0/page/4
INFO: [ app_init ] --START--
INFO: Run Behavior\BuildLiteBehavior [ RunTime:0.000029s ]
INFO: [ app_init ] --END-- [ RunTime:0.000452s ]

[ 2017-05-18T14:28:13+08:00 ] ::1 /order/index.php/Index/cai/state/0/page/4
INFO: [ app_init ] --START--
INFO: Run Behavior\BuildLiteBehavior [ RunTime:0.000029s ]
INFO: [ app_init ] --END-- [ RunTime:0.000553s ]

[ 2017-05-18T14:28:15+08:00 ] ::1 /order/index.php/Index/cai/state/0/page/3
INFO: [ app_init ] --START--
INFO: Run Behavior\BuildLiteBehavior [ RunTime:0.000029s ]
INFO: [ app_init ] --END-- [ RunTime:0.000452s ]

[ 2017-05-18T14:28:15+08:00 ] ::1 /order/index.php/Index/cai/state/0/page/2
INFO: [ app_init ] --START--
INFO: Run Behavior\BuildLiteBehavior [ RunTime:0.000027s ]
INFO: [ app_init ] --END-- [ RunTime:0.000469s ]

[ 2017-05-18T14:28:16+08:00 ] ::1 /order/index.php/Index/cai/state/0/page/1
INFO: [ app_init ] --START--
INFO: Run Behavior\BuildLiteBehavior [ RunTime:0.000030s ]
INFO: [ app_init ] --END-- [ RunTime:0.000460s ]

[ 2017-05-18T14:28:16+08:00 ] ::1 /order/index.php/Index/cai/state/0/page/Uploads/thumb/20170518/591d3da4e544e.jpg
INFO: [ app_init ] --START--
INFO: Run Behavior\BuildLiteBehavior [ RunTime:0.000031s ]
INFO: [ app_init ] --END-- [ RunTime:0.000475s ]

[ 2017-05-18T14:28:17+08:00 ] ::1 /order/index.php/Index/cai/state/0/page/1
INFO: [ app_init ] --START--
INFO: Run Behavior\BuildLiteBehavior [ RunTime:0.000027s ]
INFO: [ app_init ] --END-- [ RunTime:0.000444s ]

[ 2017-05-18T14:28:17+08:00 ] ::1 /order/index.php/Index/cai/state/0/page/Uploads/thumb/20170518/591d3da4e544e.jpg
INFO: [ app_init ] --START--
INFO: Run Behavior\BuildLiteBehavior [ RunTime:0.000083s ]
INFO: [ app_init ] --END-- [ RunTime:0.000858s ]

[ 2017-05-18T14:29:06+08:00 ] ::1 /order/index.php/Index/cai/state/0/page/1
INFO: [ app_init ] --START--
INFO: Run Behavior\BuildLiteBehavior [ RunTime:0.000028s ]
INFO: [ app_init ] --END-- [ RunTime:0.000441s ]

[ 2017-05-18T14:29:06+08:00 ] ::1 /order/index.php/Index/cai/state/0/page/Uploads/thumb/20170518/591d3da4e544e.jpg
INFO: [ app_init ] --START--
INFO: Run Behavior\BuildLiteBehavior [ RunTime:0.000032s ]
INFO: [ app_init ] --END-- [ RunTime:0.003185s ]

[ 2017-05-18T14:29:06+08:00 ] ::1 /order/index.php/Index/cai/state/0/page/Uploads/source/20170518/591d3e7e67c17.jpg
INFO: [ app_init ] --START--
INFO: Run Behavior\BuildLiteBehavior [ RunTime:0.000035s ]
INFO: [ app_init ] --END-- [ RunTime:0.000588s ]

[ 2017-05-18T14:29:09+08:00 ] ::1 /order/index.php/Index/cai/state/0/page/2
INFO: [ app_init ] --START--
INFO: Run Behavior\BuildLiteBehavior [ RunTime:0.000028s ]
INFO: [ app_init ] --END-- [ RunTime:0.000460s ]

[ 2017-05-18T14:29:09+08:00 ] ::1 /order/index.php/Index/cai/state/0/page/Uploads/source/20170518/591d3e7e67c17.jpg
INFO: [ app_init ] --START--
INFO: Run Behavior\BuildLiteBehavior [ RunTime:0.000032s ]
INFO: [ app_init ] --END-- [ RunTime:0.002169s ]

[ 2017-05-18T14:29:10+08:00 ] ::1 /order/index.php/Index/cai
INFO: [ app_init ] --START--
INFO: Run Behavior\BuildLiteBehavior [ RunTime:0.000028s ]
INFO: [ app_init ] --END-- [ RunTime:0.000445s ]

[ 2017-05-18T14:29:10+08:00 ] ::1 /order/index.php/Index/Uploads/source/20170518/591d3e7e67c17.jpg
INFO: [ app_init ] --START--
INFO: Run Behavior\BuildLiteBehavior [ RunTime:0.000030s ]
INFO: [ app_init ] --END-- [ RunTime:0.000452s ]

[ 2017-05-18T14:29:10+08:00 ] ::1 /order/index.php/Index/Uploads/thumb/20170518/591d3da4e544e.jpg
INFO: [ app_init ] --START--
INFO: Run Behavior\BuildLiteBehavior [ RunTime:0.000027s ]
INFO: [ app_init ] --END-- [ RunTime:0.000444s ]

[ 2017-05-18T14:29:11+08:00 ] ::1 /order/index.php/Index/package
INFO: [ app_init ] --START--
INFO: Run Behavior\BuildLiteBehavior [ RunTime:0.000028s ]
INFO: [ app_init ] --END-- [ RunTime:0.000449s ]

[ 2017-05-18T14:29:11+08:00 ] ::1 /order/index.php/Index/cai
INFO: [ app_init ] --START--
INFO: Run Behavior\BuildLiteBehavior [ RunTime:0.000029s ]
INFO: [ app_init ] --END-- [ RunTime:0.000474s ]

[ 2017-05-18T14:29:11+08:00 ] ::1 /order/index.php/Index/Uploads/thumb/20170518/591d3da4e544e.jpg
INFO: [ app_init ] --START--
INFO: Run Behavior\BuildLiteBehavior [ RunTime:0.000027s ]
INFO: [ app_init ] --END-- [ RunTime:0.000447s ]

[ 2017-05-18T14:29:11+08:00 ] ::1 /order/index.php/Index/Uploads/source/20170518/591d3e7e67c17.jpg
INFO: [ app_init ] --START--
INFO: Run Behavior\BuildLiteBehavior [ RunTime:0.000033s ]
INFO: [ app_init ] --END-- [ RunTime:0.000501s ]

[ 2017-05-18T14:29:12+08:00 ] ::1 /order/index.php/Index/package
INFO: [ app_init ] --START--
INFO: Run Behavior\BuildLiteBehavior [ RunTime:0.000025s ]
INFO: [ app_init ] --END-- [ RunTime:0.000445s ]

[ 2017-05-18T14:29:13+08:00 ] ::1 /order/index.php/Index/cai
INFO: [ app_init ] --START--
INFO: Run Behavior\BuildLiteBehavior [ RunTime:0.000028s ]
INFO: [ app_init ] --END-- [ RunTime:0.000432s ]

[ 2017-05-18T14:29:13+08:00 ] ::1 /order/index.php/Index/Uploads/thumb/20170518/591d3da4e544e.jpg
INFO: [ app_init ] --START--
INFO: Run Behavior\BuildLiteBehavior [ RunTime:0.000029s ]
INFO: [ app_init ] --END-- [ RunTime:0.000433s ]

[ 2017-05-18T14:29:13+08:00 ] ::1 /order/index.php/Index/Uploads/source/20170518/591d3e7e67c17.jpg
INFO: [ app_init ] --START--
INFO: Run Behavior\BuildLiteBehavior [ RunTime:0.000030s ]
INFO: [ app_init ] --END-- [ RunTime:0.000480s ]

[ 2017-05-18T14:29:14+08:00 ] ::1 /order/index.php/Index/package
INFO: [ app_init ] --START--
INFO: Run Behavior\BuildLiteBehavior [ RunTime:0.000028s ]
INFO: [ app_init ] --END-- [ RunTime:0.000445s ]

[ 2017-05-18T14:29:20+08:00 ] ::1 /order/index.php/Index/cai
INFO: [ app_init ] --START--
INFO: Run Behavior\BuildLiteBehavior [ RunTime:0.000031s ]
INFO: [ app_init ] --END-- [ RunTime:0.000492s ]

[ 2017-05-18T14:29:20+08:00 ] ::1 /order/index.php/Index/Uploads/thumb/20170518/591d3da4e544e.jpg
INFO: [ app_init ] --START--
INFO: Run Behavior\BuildLiteBehavior [ RunTime:0.000028s ]
INFO: [ app_init ] --END-- [ RunTime:0.001001s ]

[ 2017-05-18T14:29:20+08:00 ] ::1 /order/index.php/Index/Uploads/source/20170518/591d3e7e67c17.jpg
INFO: [ app_init ] --START--
INFO: Run Behavior\BuildLiteBehavior [ RunTime:0.000030s ]
INFO: [ app_init ] --END-- [ RunTime:0.000891s ]

[ 2017-05-18T14:29:27+08:00 ] ::1 /order/index.php/Index/Uploads/source/20170518/591d3e7e67c17.jpg
INFO: [ app_init ] --START--
INFO: Run Behavior\BuildLiteBehavior [ RunTime:0.000029s ]
INFO: [ app_init ] --END-- [ RunTime:0.000480s ]

[ 2017-05-18T14:29:57+08:00 ] ::1 /order/index.php/Index/%E3%80%81/Uploads/source/20170518/591d3e7e67c17.jpg
INFO: [ app_init ] --START--
INFO: Run Behavior\BuildLiteBehavior [ RunTime:0.000025s ]
INFO: [ app_init ] --END-- [ RunTime:0.000381s ]

[ 2017-05-18T14:32:18+08:00 ] ::1 /order/index.php/Index/adddishes
INFO: [ app_init ] --START--
INFO: Run Behavior\BuildLiteBehavior [ RunTime:0.000031s ]
INFO: [ app_init ] --END-- [ RunTime:0.000554s ]

[ 2017-05-18T14:32:43+08:00 ] ::1 /order/index.php/Index/adddishes
INFO: [ app_init ] --START--
INFO: Run Behavior\BuildLiteBehavior [ RunTime:0.000027s ]
INFO: [ app_init ] --END-- [ RunTime:0.000422s ]

[ 2017-05-18T14:32:44+08:00 ] ::1 /order/index.php/Index/cai
INFO: [ app_init ] --START--
INFO: Run Behavior\BuildLiteBehavior [ RunTime:0.000030s ]
INFO: [ app_init ] --END-- [ RunTime:0.000417s ]

[ 2017-05-18T14:32:44+08:00 ] ::1 /order/index.php/Index/Uploads/source/20170518/591d3e7e67c17.jpg
INFO: [ app_init ] --START--
INFO: Run Behavior\BuildLiteBehavior [ RunTime:0.000026s ]
INFO: [ app_init ] --END-- [ RunTime:0.000439s ]

[ 2017-05-18T14:32:44+08:00 ] ::1 /order/index.php/Index/Uploads/thumb/20170518/591d3da4e544e.jpg
INFO: [ app_init ] --START--
INFO: Run Behavior\BuildLiteBehavior [ RunTime:0.000025s ]
INFO: [ app_init ] --END-- [ RunTime:0.000436s ]

[ 2017-05-18T14:32:46+08:00 ] ::1 /order/index.php/Index/cai/state/0/page/2
INFO: [ app_init ] --START--
INFO: Run Behavior\BuildLiteBehavior [ RunTime:0.000029s ]
INFO: [ app_init ] --END-- [ RunTime:0.000419s ]

[ 2017-05-18T14:32:46+08:00 ] ::1 /order/index.php/Index/cai/state/0/page/Uploads/source/20170518/591d3e7e67c17.jpg
INFO: [ app_init ] --START--
INFO: Run Behavior\BuildLiteBehavior [ RunTime:0.000029s ]
INFO: [ app_init ] --END-- [ RunTime:0.000421s ]

[ 2017-05-18T14:32:47+08:00 ] ::1 /order/index.php/Index/cai/state/0/page/3
INFO: [ app_init ] --START--
INFO: Run Behavior\BuildLiteBehavior [ RunTime:0.000030s ]
INFO: [ app_init ] --END-- [ RunTime:0.000745s ]

[ 2017-05-18T14:32:47+08:00 ] ::1 /order/index.php/Index/cai/state/0/page/Uploads/source/20170518/591d3e7e67c17.jpg
INFO: [ app_init ] --START--
INFO: Run Behavior\BuildLiteBehavior [ RunTime:0.000028s ]
INFO: [ app_init ] --END-- [ RunTime:0.000453s ]

[ 2017-05-18T14:32:48+08:00 ] ::1 /order/index.php/Index/cai/state/0/page/4
INFO: [ app_init ] --START--
INFO: Run Behavior\BuildLiteBehavior [ RunTime:0.000028s ]
INFO: [ app_init ] --END-- [ RunTime:0.000432s ]

[ 2017-05-18T14:32:49+08:00 ] ::1 /order/index.php/Index/cai/state/0/page/Uploads/source/20170518/591d3e7e67c17.jpg
INFO: [ app_init ] --START--
INFO: Run Behavior\BuildLiteBehavior [ RunTime:0.000029s ]
INFO: [ app_init ] --END-- [ RunTime:0.000412s ]

[ 2017-05-18T14:32:50+08:00 ] ::1 /order/index.php/Index/cai/state/0/page/5
INFO: [ app_init ] --START--
INFO: Run Behavior\BuildLiteBehavior [ RunTime:0.000036s ]
INFO: [ app_init ] --END-- [ RunTime:0.000773s ]

[ 2017-05-18T14:32:50+08:00 ] ::1 /order/index.php/Index/cai/state/0/page/Uploads/source/20170518/591d3e7e67c17.jpg
INFO: [ app_init ] --START--
INFO: Run Behavior\BuildLiteBehavior [ RunTime:0.000033s ]
INFO: [ app_init ] --END-- [ RunTime:0.000802s ]

[ 2017-05-18T14:32:51+08:00 ] ::1 /order/index.php/Index/cai/state/0/page/7
INFO: [ app_init ] --START--
INFO: Run Behavior\BuildLiteBehavior [ RunTime:0.000028s ]
INFO: [ app_init ] --END-- [ RunTime:0.000406s ]

[ 2017-05-18T14:32:51+08:00 ] ::1 /order/index.php/Index/cai/state/0/page/Uploads/source/20170518/591d3e7e67c17.jpg
INFO: [ app_init ] --START--
INFO: Run Behavior\BuildLiteBehavior [ RunTime:0.000029s ]
INFO: [ app_init ] --END-- [ RunTime:0.000452s ]

[ 2017-05-18T14:32:53+08:00 ] ::1 /order/index.php/Index/cai/state/0/page/9
INFO: [ app_init ] --START--
INFO: Run Behavior\BuildLiteBehavior [ RunTime:0.000027s ]
INFO: [ app_init ] --END-- [ RunTime:0.000421s ]

[ 2017-05-18T14:32:55+08:00 ] ::1 /order/index.php/Index/cai/state/0/page/8
INFO: [ app_init ] --START--
INFO: Run Behavior\BuildLiteBehavior [ RunTime:0.000028s ]
INFO: [ app_init ] --END-- [ RunTime:0.000401s ]

[ 2017-05-18T14:32:55+08:00 ] ::1 /order/index.php/Index/cai/state/0/page/Uploads/source/20170518/591d3e7e67c17.jpg
INFO: [ app_init ] --START--
INFO: Run Behavior\BuildLiteBehavior [ RunTime:0.000030s ]
INFO: [ app_init ] --END-- [ RunTime:0.000480s ]

[ 2017-05-18T14:33:38+08:00 ] ::1 /order/index.php/Index/package
INFO: [ app_init ] --START--
INFO: Run Behavior\BuildLiteBehavior [ RunTime:0.000027s ]
INFO: [ app_init ] --END-- [ RunTime:0.000465s ]

[ 2017-05-18T14:33:40+08:00 ] ::1 /order/index.php/Index/cai
INFO: [ app_init ] --START--
INFO: Run Behavior\BuildLiteBehavior [ RunTime:0.000028s ]
INFO: [ app_init ] --END-- [ RunTime:0.000454s ]

[ 2017-05-18T14:33:40+08:00 ] ::1 /order/index.php/Index/Uploads/source/20170518/591d3e7e67c17.jpg
INFO: [ app_init ] --START--
INFO: Run Behavior\BuildLiteBehavior [ RunTime:0.000028s ]
INFO: [ app_init ] --END-- [ RunTime:0.000466s ]

[ 2017-05-18T14:33:40+08:00 ] ::1 /order/index.php/Index/Uploads/thumb/20170518/591d3da4e544e.jpg
INFO: [ app_init ] --START--
INFO: Run Behavior\BuildLiteBehavior [ RunTime:0.000029s ]
INFO: [ app_init ] --END-- [ RunTime:0.000395s ]

[ 2017-05-18T14:34:27+08:00 ] ::1 /order/index.php/Index/package
INFO: [ app_init ] --START--
INFO: Run Behavior\BuildLiteBehavior [ RunTime:0.000027s ]
INFO: [ app_init ] --END-- [ RunTime:0.000451s ]

[ 2017-05-18T14:36:03+08:00 ] ::1 /order/index.php/Index/package
INFO: [ app_init ] --START--
INFO: Run Behavior\BuildLiteBehavior [ RunTime:0.000031s ]
INFO: [ app_init ] --END-- [ RunTime:0.000619s ]

[ 2017-05-18T14:39:07+08:00 ] ::1 /order/index.php/Index/package
INFO: [ app_init ] --START--
INFO: Run Behavior\BuildLiteBehavior [ RunTime:0.000029s ]
INFO: [ app_init ] --END-- [ RunTime:0.000465s ]

[ 2017-05-18T14:39:07+08:00 ] ::1 /order/index.php/Index/Uploads/source/20170518/591d3e7e67c17.jpg
INFO: [ app_init ] --START--
INFO: Run Behavior\BuildLiteBehavior [ RunTime:0.000028s ]
INFO: [ app_init ] --END-- [ RunTime:0.000451s ]

[ 2017-05-18T14:40:06+08:00 ] ::1 /order/index.php/Index/package
INFO: [ app_init ] --START--
INFO: Run Behavior\BuildLiteBehavior [ RunTime:0.000027s ]
INFO: [ app_init ] --END-- [ RunTime:0.000463s ]

[ 2017-05-18T14:40:06+08:00 ] ::1 /order/index.php/Index/Uploads/source/20170518/591d3e7e67c17.jpg
INFO: [ app_init ] --START--
INFO: Run Behavior\BuildLiteBehavior [ RunTime:0.000030s ]
INFO: [ app_init ] --END-- [ RunTime:0.000436s ]

[ 2017-05-18T14:40:17+08:00 ] ::1 /order/index.php/Index/package
INFO: [ app_init ] --START--
INFO: Run Behavior\BuildLiteBehavior [ RunTime:0.000030s ]
INFO: [ app_init ] --END-- [ RunTime:0.000621s ]

[ 2017-05-18T14:40:17+08:00 ] ::1 /order/index.php/Index/Uploads/source/20170518/591d3e7e67c17.jpg
INFO: [ app_init ] --START--
INFO: Run Behavior\BuildLiteBehavior [ RunTime:0.000029s ]
INFO: [ app_init ] --END-- [ RunTime:0.000484s ]

[ 2017-05-18T14:40:27+08:00 ] ::1 /order/index.php/Index/cai
INFO: [ app_init ] --START--
INFO: Run Behavior\BuildLiteBehavior [ RunTime:0.000030s ]
INFO: [ app_init ] --END-- [ RunTime:0.000513s ]

[ 2017-05-18T14:40:28+08:00 ] ::1 /order/index.php/Index/Uploads/source/20170518/591d3e7e67c17.jpg
INFO: [ app_init ] --START--
INFO: Run Behavior\BuildLiteBehavior [ RunTime:0.000028s ]
INFO: [ app_init ] --END-- [ RunTime:0.000421s ]

[ 2017-05-18T14:40:28+08:00 ] ::1 /order/index.php/Index/Uploads/thumb/20170518/591d3da4e544e.jpg
INFO: [ app_init ] --START--
INFO: Run Behavior\BuildLiteBehavior [ RunTime:0.000033s ]
INFO: [ app_init ] --END-- [ RunTime:0.001098s ]

[ 2017-05-18T14:40:29+08:00 ] ::1 /order/index.php/Index/cai/state/0/page/3
INFO: [ app_init ] --START--
INFO: Run Behavior\BuildLiteBehavior [ RunTime:0.000027s ]
INFO: [ app_init ] --END-- [ RunTime:0.000387s ]

[ 2017-05-18T14:40:30+08:00 ] ::1 /order/index.php/Index/cai/state/0/page/Uploads/source/20170518/591d3e7e67c17.jpg
INFO: [ app_init ] --START--
INFO: Run Behavior\BuildLiteBehavior [ RunTime:0.000030s ]
INFO: [ app_init ] --END-- [ RunTime:0.000436s ]

[ 2017-05-18T14:40:31+08:00 ] ::1 /order/index.php/Index/cai/state/0/page/5
INFO: [ app_init ] --START--
INFO: Run Behavior\BuildLiteBehavior [ RunTime:0.000028s ]
INFO: [ app_init ] --END-- [ RunTime:0.000415s ]

[ 2017-05-18T14:40:31+08:00 ] ::1 /order/index.php/Index/cai/state/0/page/Uploads/source/20170518/591d3e7e67c17.jpg
INFO: [ app_init ] --START--
INFO: Run Behavior\BuildLiteBehavior [ RunTime:0.000029s ]
INFO: [ app_init ] --END-- [ RunTime:0.000512s ]

[ 2017-05-18T14:40:33+08:00 ] ::1 /order/index.php/Index/cai/state/0/page/7
INFO: [ app_init ] --START--
INFO: Run Behavior\BuildLiteBehavior [ RunTime:0.000027s ]
INFO: [ app_init ] --END-- [ RunTime:0.000461s ]

[ 2017-05-18T14:40:33+08:00 ] ::1 /order/index.php/Index/cai/state/0/page/Uploads/source/20170518/591d3e7e67c17.jpg
INFO: [ app_init ] --START--
INFO: Run Behavior\BuildLiteBehavior [ RunTime:0.000028s ]
INFO: [ app_init ] --END-- [ RunTime:0.000420s ]

[ 2017-05-18T14:40:34+08:00 ] ::1 /order/index.php/Index/cai/state/0/page/9
INFO: [ app_init ] --START--
INFO: Run Behavior\BuildLiteBehavior [ RunTime:0.000027s ]
INFO: [ app_init ] --END-- [ RunTime:0.000404s ]

[ 2017-05-18T14:40:34+08:00 ] ::1 /order/index.php/Index/cai/state/0/page/Uploads/source/20170518/591d3e7e67c17.jpg
INFO: [ app_init ] --START--
INFO: Run Behavior\BuildLiteBehavior [ RunTime:0.000030s ]
INFO: [ app_init ] --END-- [ RunTime:0.000404s ]

[ 2017-05-18T14:40:35+08:00 ] ::1 /order/index.php/Index/cai/state/0/page/8
INFO: [ app_init ] --START--
INFO: Run Behavior\BuildLiteBehavior [ RunTime:0.000028s ]
INFO: [ app_init ] --END-- [ RunTime:0.000414s ]

[ 2017-05-18T14:40:35+08:00 ] ::1 /order/index.php/Index/cai/state/0/page/Uploads/source/20170518/591d3e7e67c17.jpg
INFO: [ app_init ] --START--
INFO: Run Behavior\BuildLiteBehavior [ RunTime:0.000028s ]
INFO: [ app_init ] --END-- [ RunTime:0.000408s ]

[ 2017-05-18T14:40:48+08:00 ] ::1 /order/index.php/Index/cai
INFO: [ app_init ] --START--
INFO: Run Behavior\BuildLiteBehavior [ RunTime:0.000029s ]
INFO: [ app_init ] --END-- [ RunTime:0.000425s ]

[ 2017-05-18T14:40:48+08:00 ] ::1 /order/index.php/Index/Uploads/source/20170518/591d3e7e67c17.jpg
INFO: [ app_init ] --START--
INFO: Run Behavior\BuildLiteBehavior [ RunTime:0.000061s ]
INFO: [ app_init ] --END-- [ RunTime:0.000755s ]

[ 2017-05-18T14:40:48+08:00 ] ::1 /order/index.php/Index/Uploads/thumb/20170518/591d3da4e544e.jpg
INFO: [ app_init ] --START--
INFO: Run Behavior\BuildLiteBehavior [ RunTime:0.000030s ]
INFO: [ app_init ] --END-- [ RunTime:0.000534s ]

[ 2017-05-18T14:40:48+08:00 ] ::1 /order/index.php/Index/package
INFO: [ app_init ] --START--
INFO: Run Behavior\BuildLiteBehavior [ RunTime:0.000027s ]
INFO: [ app_init ] --END-- [ RunTime:0.000408s ]

[ 2017-05-18T14:40:48+08:00 ] ::1 /order/index.php/Index/Uploads/source/20170518/591d3e7e67c17.jpg
INFO: [ app_init ] --START--
INFO: Run Behavior\BuildLiteBehavior [ RunTime:0.000028s ]
INFO: [ app_init ] --END-- [ RunTime:0.000542s ]

[ 2017-05-18T14:40:49+08:00 ] ::1 /order/index.php/index/tablemanager
INFO: [ app_init ] --START--
INFO: Run Behavior\BuildLiteBehavior [ RunTime:0.000036s ]
INFO: [ app_init ] --END-- [ RunTime:0.000444s ]

[ 2017-05-18T14:41:32+08:00 ] ::1 /order/index.php/Index/adduser
INFO: [ app_init ] --START--
INFO: Run Behavior\BuildLiteBehavior [ RunTime:0.000029s ]
INFO: [ app_init ] --END-- [ RunTime:0.000447s ]

[ 2017-05-18T14:41:37+08:00 ] ::1 /order/index.php/Index/cai
INFO: [ app_init ] --START--
INFO: Run Behavior\BuildLiteBehavior [ RunTime:0.000029s ]
INFO: [ app_init ] --END-- [ RunTime:0.000439s ]

[ 2017-05-18T14:41:37+08:00 ] ::1 /order/index.php/Index/Uploads/source/20170518/591d3e7e67c17.jpg
INFO: [ app_init ] --START--
INFO: Run Behavior\BuildLiteBehavior [ RunTime:0.000030s ]
INFO: [ app_init ] --END-- [ RunTime:0.000474s ]

[ 2017-05-18T14:41:38+08:00 ] ::1 /order/index.php/Index/Uploads/thumb/20170518/591d3da4e544e.jpg
INFO: [ app_init ] --START--
INFO: Run Behavior\BuildLiteBehavior [ RunTime:0.000041s ]
INFO: [ app_init ] --END-- [ RunTime:0.005009s ]

[ 2017-05-18T14:41:39+08:00 ] ::1 /order/index.php/Index/administrationorder/state/0
INFO: [ app_init ] --START--
INFO: Run Behavior\BuildLiteBehavior [ RunTime:0.000034s ]
INFO: [ app_init ] --END-- [ RunTime:0.000441s ]

[ 2017-05-18T14:41:39+08:00 ] ::1 /order/index.php/Index/administrationorder/state/1
INFO: [ app_init ] --START--
INFO: Run Behavior\BuildLiteBehavior [ RunTime:0.000056s ]
INFO: [ app_init ] --END-- [ RunTime:0.000802s ]

[ 2017-05-18T14:41:40+08:00 ] ::1 /order/index.php/Index/administrationorder/state/0
INFO: [ app_init ] --START--
INFO: Run Behavior\BuildLiteBehavior [ RunTime:0.000028s ]
INFO: [ app_init ] --END-- [ RunTime:0.000596s ]

[ 2017-05-18T14:41:41+08:00 ] ::1 /order/index.php/Index/administrationorder/state/1
INFO: [ app_init ] --START--
INFO: Run Behavior\BuildLiteBehavior [ RunTime:0.000036s ]
INFO: [ app_init ] --END-- [ RunTime:0.000437s ]

[ 2017-05-18T14:41:41+08:00 ] ::1 /order/index.php/Index/administrationorder/state/0
INFO: [ app_init ] --START--
INFO: Run Behavior\BuildLiteBehavior [ RunTime:0.000026s ]
INFO: [ app_init ] --END-- [ RunTime:0.000410s ]

[ 2017-05-18T14:41:45+08:00 ] ::1 /order/index.php/Index/administrationorder/state/1
INFO: [ app_init ] --START--
INFO: Run Behavior\BuildLiteBehavior [ RunTime:0.000029s ]
INFO: [ app_init ] --END-- [ RunTime:0.000454s ]

[ 2017-05-18T14:41:45+08:00 ] ::1 /order/index.php/Index/administrationorder/state/0
INFO: [ app_init ] --START--
INFO: Run Behavior\BuildLiteBehavior [ RunTime:0.000032s ]
INFO: [ app_init ] --END-- [ RunTime:0.000561s ]

[ 2017-05-18T14:41:47+08:00 ] ::1 /order/index.php/Index/administrationorder/state/0
INFO: [ app_init ] --START--
INFO: Run Behavior\BuildLiteBehavior [ RunTime:0.000026s ]
INFO: [ app_init ] --END-- [ RunTime:0.000445s ]

[ 2017-05-18T14:41:48+08:00 ] ::1 /order/index.php/Index/administrationorder/state/1
INFO: [ app_init ] --START--
INFO: Run Behavior\BuildLiteBehavior [ RunTime:0.000026s ]
INFO: [ app_init ] --END-- [ RunTime:0.000397s ]

[ 2017-05-18T14:42:13+08:00 ] ::1 /order/index.php/index/tablemanager
INFO: [ app_init ] --START--
INFO: Run Behavior\BuildLiteBehavior [ RunTime:0.000029s ]
INFO: [ app_init ] --END-- [ RunTime:0.000491s ]

[ 2017-05-18T14:47:36+08:00 ] ::1 /order/index.php/index/tablemanager
INFO: [ app_init ] --START--
INFO: Run Behavior\BuildLiteBehavior [ RunTime:0.000028s ]
INFO: [ app_init ] --END-- [ RunTime:0.000450s ]

[ 2017-05-18T14:47:38+08:00 ] ::1 /order/index.php/index/tablemanager
INFO: [ app_init ] --START--
INFO: Run Behavior\BuildLiteBehavior [ RunTime:0.000039s ]
INFO: [ app_init ] --END-- [ RunTime:0.000537s ]

[ 2017-05-18T14:47:39+08:00 ] ::1 /order/index.php/index/tablemanager
INFO: [ app_init ] --START--
INFO: Run Behavior\BuildLiteBehavior [ RunTime:0.000029s ]
INFO: [ app_init ] --END-- [ RunTime:0.000422s ]

[ 2017-05-18T14:48:15+08:00 ] ::1 /order/index.php/index/tablemanager
INFO: [ app_init ] --START--
INFO: Run Behavior\BuildLiteBehavior [ RunTime:0.000112s ]
INFO: [ app_init ] --END-- [ RunTime:0.000546s ]

[ 2017-05-18T14:50:23+08:00 ] ::1 /order/index.php/index/tablemanager
INFO: [ app_init ] --START--
INFO: Run Behavior\BuildLiteBehavior [ RunTime:0.000042s ]
INFO: [ app_init ] --END-- [ RunTime:0.001124s ]

[ 2017-05-18T14:50:25+08:00 ] ::1 /order/index.php/Index/tablemanager/state/0/page/2
INFO: [ app_init ] --START--
INFO: Run Behavior\BuildLiteBehavior [ RunTime:0.000028s ]
INFO: [ app_init ] --END-- [ RunTime:0.000455s ]

[ 2017-05-18T14:50:26+08:00 ] ::1 /order/index.php/Index/tablemanager/state/0/page/1
INFO: [ app_init ] --START--
INFO: Run Behavior\BuildLiteBehavior [ RunTime:0.000028s ]
INFO: [ app_init ] --END-- [ RunTime:0.000403s ]

[ 2017-05-18T14:50:35+08:00 ] ::1 /order/index.php/Index//state/undefined/page/2
INFO: [ app_init ] --START--
INFO: Run Behavior\BuildLiteBehavior [ RunTime:0.000029s ]
INFO: [ app_init ] --END-- [ RunTime:0.000413s ]
ERR: 非法操作:state

[ 2017-05-18T14:51:17+08:00 ] ::1 /order/index.php/index/tablemanager
INFO: [ app_init ] --START--
INFO: Run Behavior\BuildLiteBehavior [ RunTime:0.000030s ]
INFO: [ app_init ] --END-- [ RunTime:0.000424s ]

[ 2017-05-18T14:51:18+08:00 ] ::1 /order/index.php/Index/tablemanager/state/undefined/page/2
INFO: [ app_init ] --START--
INFO: Run Behavior\BuildLiteBehavior [ RunTime:0.000028s ]
INFO: [ app_init ] --END-- [ RunTime:0.000424s ]

[ 2017-05-18T14:51:20+08:00 ] ::1 /order/index.php/Index/tablemanager/state/undefined/page/1
INFO: [ app_init ] --START--
INFO: Run Behavior\BuildLiteBehavior [ RunTime:0.000027s ]
INFO: [ app_init ] --END-- [ RunTime:0.000408s ]

[ 2017-05-18T14:51:21+08:00 ] ::1 /order/index.php/Index/tablemanager/state/0/page/2
INFO: [ app_init ] --START--
INFO: Run Behavior\BuildLiteBehavior [ RunTime:0.000026s ]
INFO: [ app_init ] --END-- [ RunTime:0.000408s ]

[ 2017-05-18T14:51:22+08:00 ] ::1 /order/index.php/Index/tablemanager/state/0/page/1
INFO: [ app_init ] --START--
INFO: Run Behavior\BuildLiteBehavior [ RunTime:0.000028s ]
INFO: [ app_init ] --END-- [ RunTime:0.000409s ]

[ 2017-05-18T14:51:23+08:00 ] ::1 /order/index.php/Index/administrationorder/state/0
INFO: [ app_init ] --START--
INFO: Run Behavior\BuildLiteBehavior [ RunTime:0.000029s ]
INFO: [ app_init ] --END-- [ RunTime:0.000406s ]

[ 2017-05-18T14:51:23+08:00 ] ::1 /order/index.php/Index/administrationorder/state/1
INFO: [ app_init ] --START--
INFO: Run Behavior\BuildLiteBehavior [ RunTime:0.000027s ]
INFO: [ app_init ] --END-- [ RunTime:0.000423s ]

[ 2017-05-18T15:00:38+08:00 ] ::1 /order/index.php/Index/administrationorder/state/1/page/2
INFO: [ app_init ] --START--
INFO: Run Behavior\BuildLiteBehavior [ RunTime:0.000033s ]
INFO: [ app_init ] --END-- [ RunTime:0.000526s ]

[ 2017-05-18T15:00:40+08:00 ] ::1 /order/index.php/Index/administrationorder/state/1/page/1
INFO: [ app_init ] --START--
INFO: Run Behavior\BuildLiteBehavior [ RunTime:0.000029s ]
INFO: [ app_init ] --END-- [ RunTime:0.000442s ]

[ 2017-05-18T15:00:45+08:00 ] ::1 /order/index.php/Index/administrationorder/state/1/page/2
INFO: [ app_init ] --START--
INFO: Run Behavior\BuildLiteBehavior [ RunTime:0.000028s ]
INFO: [ app_init ] --END-- [ RunTime:0.000420s ]

[ 2017-05-18T17:44:09+08:00 ] ::1 /order/
INFO: [ app_init ] --START--
INFO: Run Behavior\BuildLiteBehavior [ RunTime:0.000029s ]
INFO: [ app_init ] --END-- [ RunTime:0.000496s ]

[ 2017-05-18T17:44:10+08:00 ] ::1 /order/index.php/Index/index
INFO: [ app_init ] --START--
INFO: Run Behavior\BuildLiteBehavior [ RunTime:0.000029s ]
INFO: [ app_init ] --END-- [ RunTime:0.000454s ]

[ 2017-05-18T17:44:12+08:00 ] ::1 /order/index.php/Index/login
INFO: [ app_init ] --START--
INFO: Run Behavior\BuildLiteBehavior [ RunTime:0.000028s ]
INFO: [ app_init ] --END-- [ RunTime:0.000471s ]

[ 2017-05-18T17:44:17+08:00 ] ::1 /order/index.php/Index/administrationorder/state/0
INFO: [ app_init ] --START--
INFO: Run Behavior\BuildLiteBehavior [ RunTime:0.000031s ]
INFO: [ app_init ] --END-- [ RunTime:0.000513s ]

[ 2017-05-18T17:44:18+08:00 ] ::1 /order/index.php/Index/administrationorder/state/1
INFO: [ app_init ] --START--
INFO: Run Behavior\BuildLiteBehavior [ RunTime:0.000029s ]
INFO: [ app_init ] --END-- [ RunTime:0.000470s ]

[ 2017-05-18T17:44:20+08:00 ] ::1 /order/index.php/index/tablemanager
INFO: [ app_init ] --START--
INFO: Run Behavior\BuildLiteBehavior [ RunTime:0.000028s ]
INFO: [ app_init ] --END-- [ RunTime:0.000471s ]

[ 2017-05-18T17:44:22+08:00 ] ::1 /order/index.php/Index/administrationorder/state/0
INFO: [ app_init ] --START--
INFO: Run Behavior\BuildLiteBehavior [ RunTime:0.000029s ]
INFO: [ app_init ] --END-- [ RunTime:0.000466s ]

[ 2017-05-18T17:44:23+08:00 ] ::1 /order/index.php/Index/administrationorder/state/0
INFO: [ app_init ] --START--
INFO: Run Behavior\BuildLiteBehavior [ RunTime:0.000025s ]
INFO: [ app_init ] --END-- [ RunTime:0.000430s ]

[ 2017-05-18T17:44:23+08:00 ] ::1 /order/index.php/Index/administrationorder/state/1
INFO: [ app_init ] --START--
INFO: Run Behavior\BuildLiteBehavior [ RunTime:0.000027s ]
INFO: [ app_init ] --END-- [ RunTime:0.000434s ]

[ 2017-05-18T17:44:24+08:00 ] ::1 /order/index.php/Index/administrationorder/state/0
INFO: [ app_init ] --START--
INFO: Run Behavior\BuildLiteBehavior [ RunTime:0.000027s ]
INFO: [ app_init ] --END-- [ RunTime:0.000450s ]

[ 2017-05-18T17:44:24+08:00 ] ::1 /order/index.php/Index/administrationorder/state/1
INFO: [ app_init ] --START--
INFO: Run Behavior\BuildLiteBehavior [ RunTime:0.000026s ]
INFO: [ app_init ] --END-- [ RunTime:0.000441s ]

[ 2017-05-18T17:45:18+08:00 ] ::1 /order/
INFO: [ app_init ] --START--
INFO: Run Behavior\BuildLiteBehavior [ RunTime:0.000030s ]
INFO: [ app_init ] --END-- [ RunTime:0.000511s ]

[ 2017-05-18T17:46:23+08:00 ] ::1 /order/
INFO: [ app_init ] --START--
INFO: Run Behavior\BuildLiteBehavior [ RunTime:0.000030s ]
INFO: [ app_init ] --END-- [ RunTime:0.000463s ]

[ 2017-05-18T17:46:39+08:00 ] ::1 /order/
INFO: [ app_init ] --START--
INFO: Run Behavior\BuildLiteBehavior [ RunTime:0.000029s ]
INFO: [ app_init ] --END-- [ RunTime:0.000469s ]

[ 2017-05-18T17:51:27+08:00 ] ::1 /order/
INFO: [ app_init ] --START--
INFO: Run Behavior\BuildLiteBehavior [ RunTime:0.000029s ]
INFO: [ app_init ] --END-- [ RunTime:0.000641s ]

[ 2017-05-18T17:53:10+08:00 ] ::1 /order/
INFO: [ app_init ] --START--
INFO: Run Behavior\BuildLiteBehavior [ RunTime:0.000029s ]
INFO: [ app_init ] --END-- [ RunTime:0.000522s ]

[ 2017-05-18T17:53:12+08:00 ] ::1 /order/
INFO: [ app_init ] --START--
INFO: Run Behavior\BuildLiteBehavior [ RunTime:0.000028s ]
INFO: [ app_init ] --END-- [ RunTime:0.000467s ]

[ 2017-05-18T17:53:15+08:00 ] ::1 /order/
INFO: [ app_init ] --START--
INFO: Run Behavior\BuildLiteBehavior [ RunTime:0.000029s ]
INFO: [ app_init ] --END-- [ RunTime:0.000448s ]

[ 2017-05-18T17:54:37+08:00 ] ::1 /order/
INFO: [ app_init ] --START--
INFO: Run Behavior\BuildLiteBehavior [ RunTime:0.000029s ]
INFO: [ app_init ] --END-- [ RunTime:0.000456s ]

[ 2017-05-18T17:56:08+08:00 ] ::1 /order/
INFO: [ app_init ] --START--
INFO: Run Behavior\BuildLiteBehavior [ RunTime:0.000039s ]
INFO: [ app_init ] --END-- [ RunTime:0.000712s ]

[ 2017-05-18T17:56:41+08:00 ] ::1 /order/index.php/Index/login
INFO: [ app_init ] --START--
INFO: Run Behavior\BuildLiteBehavior [ RunTime:0.000029s ]
INFO: [ app_init ] --END-- [ RunTime:0.000458s ]

[ 2017-05-18T17:56:49+08:00 ] ::1 /order/index.php/Index/index
INFO: [ app_init ] --START--
INFO: Run Behavior\BuildLiteBehavior [ RunTime:0.000031s ]
INFO: [ app_init ] --END-- [ RunTime:0.000561s ]

[ 2017-05-18T17:57:04+08:00 ] ::1 /order/index.php/Index/index
INFO: [ app_init ] --START--
INFO: Run Behavior\BuildLiteBehavior [ RunTime:0.000026s ]
INFO: [ app_init ] --END-- [ RunTime:0.000426s ]

[ 2017-05-18T17:57:07+08:00 ] ::1 /order/index.php/Index/index
INFO: [ app_init ] --START--
INFO: Run Behavior\BuildLiteBehavior [ RunTime:0.000026s ]
INFO: [ app_init ] --END-- [ RunTime:0.000440s ]

[ 2017-05-18T17:59:51+08:00 ] ::1 /order/index.php/Index/index
INFO: [ app_init ] --START--
INFO: Run Behavior\BuildLiteBehavior [ RunTime:0.000030s ]
INFO: [ app_init ] --END-- [ RunTime:0.000478s ]

[ 2017-05-18T18:00:37+08:00 ] ::1 /order/index.php/Index/index
INFO: [ app_init ] --START--
INFO: Run Behavior\BuildLiteBehavior [ RunTime:0.000030s ]
INFO: [ app_init ] --END-- [ RunTime:0.000505s ]

[ 2017-05-18T18:00:37+08:00 ] ::1 /order/index.php/index/Verify
INFO: [ app_init ] --START--
INFO: Run Behavior\BuildLiteBehavior [ RunTime:0.000028s ]
INFO: [ app_init ] --END-- [ RunTime:0.000431s ]

[ 2017-05-18T18:00:41+08:00 ] ::1 /order/index.php/Index/index
INFO: [ app_init ] --START--
INFO: Run Behavior\BuildLiteBehavior [ RunTime:0.000027s ]
INFO: [ app_init ] --END-- [ RunTime:0.000396s ]

[ 2017-05-18T18:00:41+08:00 ] ::1 /order/index.php/index/Verify
INFO: [ app_init ] --START--
INFO: Run Behavior\BuildLiteBehavior [ RunTime:0.000032s ]
INFO: [ app_init ] --END-- [ RunTime:0.000450s ]

[ 2017-05-18T18:00:48+08:00 ] ::1 /order/index.php/Index/index
INFO: [ app_init ] --START--
INFO: Run Behavior\BuildLiteBehavior [ RunTime:0.000029s ]
INFO: [ app_init ] --END-- [ RunTime:0.000419s ]

[ 2017-05-18T18:00:48+08:00 ] ::1 /order/index.php/index/Verify
INFO: [ app_init ] --START--
INFO: Run Behavior\BuildLiteBehavior [ RunTime:0.000026s ]
INFO: [ app_init ] --END-- [ RunTime:0.000381s ]

[ 2017-05-18T18:00:53+08:00 ] ::1 /order/index.php/Index/index
INFO: [ app_init ] --START--
INFO: Run Behavior\BuildLiteBehavior [ RunTime:0.000031s ]
INFO: [ app_init ] --END-- [ RunTime:0.000493s ]

[ 2017-05-18T18:00:53+08:00 ] ::1 /order/index.php/index/Verify
INFO: [ app_init ] --START--
INFO: Run Behavior\BuildLiteBehavior [ RunTime:0.000027s ]
INFO: [ app_init ] --END-- [ RunTime:0.000394s ]

[ 2017-05-18T18:01:44+08:00 ] ::1 /order/index.php/Index/index
INFO: [ app_init ] --START--
INFO: Run Behavior\BuildLiteBehavior [ RunTime:0.000030s ]
INFO: [ app_init ] --END-- [ RunTime:0.000425s ]

[ 2017-05-18T18:01:44+08:00 ] ::1 /order/index.php/index/Verify
INFO: [ app_init ] --START--
INFO: Run Behavior\BuildLiteBehavior [ RunTime:0.000027s ]
INFO: [ app_init ] --END-- [ RunTime:0.000417s ]

[ 2017-05-18T18:01:45+08:00 ] ::1 /order/index.php/index/Verify?0.2684909418040531
INFO: [ app_init ] --START--
INFO: Run Behavior\BuildLiteBehavior [ RunTime:0.000031s ]
INFO: [ app_init ] --END-- [ RunTime:0.000445s ]

[ 2017-05-18T18:01:46+08:00 ] ::1 /order/index.php/index/Verify?0.2684909418040531?0.2972139393604428
INFO: [ app_init ] --START--
INFO: Run Behavior\BuildLiteBehavior [ RunTime:0.000028s ]
INFO: [ app_init ] --END-- [ RunTime:0.000428s ]

[ 2017-05-18T18:01:46+08:00 ] ::1 /order/index.php/index/Verify?0.2684909418040531?0.2972139393604428?0.2995457974857392
INFO: [ app_init ] --START--
INFO: Run Behavior\BuildLiteBehavior [ RunTime:0.000029s ]
INFO: [ app_init ] --END-- [ RunTime:0.000419s ]

[ 2017-05-18T18:01:47+08:00 ] ::1 /order/index.php/index/Verify?0.2684909418040531?0.2972139393604428?0.2995457974857392?0.2285987536569113
INFO: [ app_init ] --START--
INFO: Run Behavior\BuildLiteBehavior [ RunTime:0.000027s ]
INFO: [ app_init ] --END-- [ RunTime:0.000410s ]

[ 2017-05-18T18:01:47+08:00 ] ::1 /order/index.php/index/Verify?0.2684909418040531?0.2972139393604428?0.2995457974857392?0.2285987536569113?0.19680293238867708
INFO: [ app_init ] --START--
INFO: Run Behavior\BuildLiteBehavior [ RunTime:0.000028s ]
INFO: [ app_init ] --END-- [ RunTime:0.000418s ]

[ 2017-05-18T18:01:47+08:00 ] ::1 /order/index.php/index/Verify?0.2684909418040531?0.2972139393604428?0.2995457974857392?0.2285987536569113?0.19680293238867708?0.29005755363988084
INFO: [ app_init ] --START--
INFO: Run Behavior\BuildLiteBehavior [ RunTime:0.000027s ]
INFO: [ app_init ] --END-- [ RunTime:0.000405s ]

[ 2017-05-18T18:01:48+08:00 ] ::1 /order/index.php/index/Verify?0.2684909418040531?0.2972139393604428?0.2995457974857392?0.2285987536569113?0.19680293238867708?0.29005755363988084?0.8738125555243275
INFO: [ app_init ] --START--
INFO: Run Behavior\BuildLiteBehavior [ RunTime:0.000028s ]
INFO: [ app_init ] --END-- [ RunTime:0.000411s ]

[ 2017-05-18T18:01:48+08:00 ] ::1 /order/index.php/index/Verify?0.2684909418040531?0.2972139393604428?0.2995457974857392?0.2285987536569113?0.19680293238867708?0.29005755363988084?0.8738125555243275?0.7122241808581529
INFO: [ app_init ] --START--
INFO: Run Behavior\BuildLiteBehavior [ RunTime:0.000027s ]
INFO: [ app_init ] --END-- [ RunTime:0.000407s ]

[ 2017-05-18T18:01:48+08:00 ] ::1 /order/index.php/index/Verify?0.2684909418040531?0.2972139393604428?0.2995457974857392?0.2285987536569113?0.19680293238867708?0.29005755363988084?0.8738125555243275?0.7122241808581529?0.8357955610820692
INFO: [ app_init ] --START--
INFO: Run Behavior\BuildLiteBehavior [ RunTime:0.000029s ]
INFO: [ app_init ] --END-- [ RunTime:0.000421s ]

[ 2017-05-18T18:01:48+08:00 ] ::1 /order/index.php/index/Verify?0.2684909418040531?0.2972139393604428?0.2995457974857392?0.2285987536569113?0.19680293238867708?0.29005755363988084?0.8738125555243275?0.7122241808581529?0.8357955610820692?0.5820073683136477
INFO: [ app_init ] --START--
INFO: Run Behavior\BuildLiteBehavior [ RunTime:0.000026s ]
INFO: [ app_init ] --END-- [ RunTime:0.000388s ]

[ 2017-05-18T18:01:50+08:00 ] ::1 /order/index.php/index/Verify?0.2684909418040531?0.2972139393604428?0.2995457974857392?0.2285987536569113?0.19680293238867708?0.29005755363988084?0.8738125555243275?0.7122241808581529?0.8357955610820692?0.5820073683136477?0.07660320324674297
INFO: [ app_init ] --START--
INFO: Run Behavior\BuildLiteBehavior [ RunTime:0.000027s ]
INFO: [ app_init ] --END-- [ RunTime:0.000410s ]

[ 2017-05-18T18:01:50+08:00 ] ::1 /order/index.php/index/Verify?0.2684909418040531?0.2972139393604428?0.2995457974857392?0.2285987536569113?0.19680293238867708?0.29005755363988084?0.8738125555243275?0.7122241808581529?0.8357955610820692?0.5820073683136477?0.07660320324674297?0.2899478901067104
INFO: [ app_init ] --START--
INFO: Run Behavior\BuildLiteBehavior [ RunTime:0.000029s ]
INFO: [ app_init ] --END-- [ RunTime:0.000399s ]

[ 2017-05-18T18:01:50+08:00 ] ::1 /order/index.php/index/Verify?0.2684909418040531?0.2972139393604428?0.2995457974857392?0.2285987536569113?0.19680293238867708?0.29005755363988084?0.8738125555243275?0.7122241808581529?0.8357955610820692?0.5820073683136477?0.07660320324674297?0.2899478901067104?0.4557225680247038
INFO: [ app_init ] --START--
INFO: Run Behavior\BuildLiteBehavior [ RunTime:0.000027s ]
INFO: [ app_init ] --END-- [ RunTime:0.000392s ]

[ 2017-05-18T18:01:54+08:00 ] ::1 /order/index.php/index/Verify?0.2684909418040531?0.2972139393604428?0.2995457974857392?0.2285987536569113?0.19680293238867708?0.29005755363988084?0.8738125555243275?0.7122241808581529?0.8357955610820692?0.5820073683136477?0.07660320324674297?0.2899478901067104?0.4557225680247038?0.33854239617340653
INFO: [ app_init ] --START--
INFO: Run Behavior\BuildLiteBehavior [ RunTime:0.000028s ]
INFO: [ app_init ] --END-- [ RunTime:0.000462s ]

[ 2017-05-18T18:01:54+08:00 ] ::1 /order/index.php/index/Verify?0.2684909418040531?0.2972139393604428?0.2995457974857392?0.2285987536569113?0.19680293238867708?0.29005755363988084?0.8738125555243275?0.7122241808581529?0.8357955610820692?0.5820073683136477?0.07660320324674297?0.2899478901067104?0.4557225680247038?0.33854239617340653?0.08417731145652363
INFO: [ app_init ] --START--
INFO: Run Behavior\BuildLiteBehavior [ RunTime:0.000028s ]
INFO: [ app_init ] --END-- [ RunTime:0.000425s ]

[ 2017-05-18T18:01:55+08:00 ] ::1 /order/index.php/index/Verify?0.2684909418040531?0.2972139393604428?0.2995457974857392?0.2285987536569113?0.19680293238867708?0.29005755363988084?0.8738125555243275?0.7122241808581529?0.8357955610820692?0.5820073683136477?0.07660320324674297?0.2899478901067104?0.4557225680247038?0.33854239617340653?0.08417731145652363?0.4364166363272356
INFO: [ app_init ] --START--
INFO: Run Behavior\BuildLiteBehavior [ RunTime:0.000028s ]
INFO: [ app_init ] --END-- [ RunTime:0.000412s ]

[ 2017-05-18T18:01:55+08:00 ] ::1 /order/index.php/index/Verify?0.2684909418040531?0.2972139393604428?0.2995457974857392?0.2285987536569113?0.19680293238867708?0.29005755363988084?0.8738125555243275?0.7122241808581529?0.8357955610820692?0.5820073683136477?0.07660320324674297?0.2899478901067104?0.4557225680247038?0.33854239617340653?0.08417731145652363?0.4364166363272356?0.8901701341168718
INFO: [ app_init ] --START--
INFO: Run Behavior\BuildLiteBehavior [ RunTime:0.000030s ]
INFO: [ app_init ] --END-- [ RunTime:0.000423s ]

[ 2017-05-18T18:04:11+08:00 ] ::1 /order/index.php/Index/index
INFO: [ app_init ] --START--
INFO: Run Behavior\BuildLiteBehavior [ RunTime:0.000030s ]
INFO: [ app_init ] --END-- [ RunTime:0.000481s ]

[ 2017-05-18T18:04:11+08:00 ] ::1 /order/index.php/index/Verify
INFO: [ app_init ] --START--
INFO: Run Behavior\BuildLiteBehavior [ RunTime:0.000027s ]
INFO: [ app_init ] --END-- [ RunTime:0.000398s ]

[ 2017-05-18T18:04:30+08:00 ] ::1 /order/index.php/Index/index
INFO: [ app_init ] --START--
INFO: Run Behavior\BuildLiteBehavior [ RunTime:0.000028s ]
INFO: [ app_init ] --END-- [ RunTime:0.000407s ]

[ 2017-05-18T18:04:30+08:00 ] ::1 /order/index.php/index/Verify
INFO: [ app_init ] --START--
INFO: Run Behavior\BuildLiteBehavior [ RunTime:0.000033s ]
INFO: [ app_init ] --END-- [ RunTime:0.000503s ]

[ 2017-05-18T18:04:32+08:00 ] ::1 /order/index.php/Index/index
INFO: [ app_init ] --START--
INFO: Run Behavior\BuildLiteBehavior [ RunTime:0.000033s ]
INFO: [ app_init ] --END-- [ RunTime:0.000774s ]

[ 2017-05-18T18:04:32+08:00 ] ::1 /order/index.php/index/Verify
INFO: [ app_init ] --START--
INFO: Run Behavior\BuildLiteBehavior [ RunTime:0.000029s ]
INFO: [ app_init ] --END-- [ RunTime:0.000421s ]

