[ 2017-04-28T09:36:29+08:00 ] ::1 /order/
INFO: [ app_init ] --START--
INFO: Run Behavior\BuildLiteBehavior [ RunTime:0.000032s ]
INFO: [ app_init ] --END-- [ RunTime:0.005505s ]

[ 2017-04-28T09:36:30+08:00 ] ::1 /order/index.php/Index/login
INFO: [ app_init ] --START--
INFO: Run Behavior\BuildLiteBehavior [ RunTime:0.000032s ]
INFO: [ app_init ] --END-- [ RunTime:0.001007s ]

[ 2017-04-28T09:36:33+08:00 ] ::1 /order/index.php/Index/orderManagement/id/1
INFO: [ app_init ] --START--
INFO: Run Behavior\BuildLiteBehavior [ RunTime:0.000031s ]
INFO: [ app_init ] --END-- [ RunTime:0.000867s ]

[ 2017-04-28T09:36:33+08:00 ] ::1 /order/index.php/Index/orderManagement/id/2
INFO: [ app_init ] --START--
INFO: Run Behavior\BuildLiteBehavior [ RunTime:0.000035s ]
INFO: [ app_init ] --END-- [ RunTime:0.001766s ]

[ 2017-04-28T09:36:34+08:00 ] ::1 /order/index.php/Index/orderManagement/id/3
INFO: [ app_init ] --START--
INFO: Run Behavior\BuildLiteBehavior [ RunTime:0.000033s ]
INFO: [ app_init ] --END-- [ RunTime:0.000900s ]

[ 2017-04-28T09:36:36+08:00 ] ::1 /order/index.php/Index/orderManagement/id/2
INFO: [ app_init ] --START--
INFO: Run Behavior\BuildLiteBehavior [ RunTime:0.000031s ]
INFO: [ app_init ] --END-- [ RunTime:0.000846s ]

[ 2017-04-28T09:36:37+08:00 ] ::1 /order/index.php/Index/orderManagement/id/1
INFO: [ app_init ] --START--
INFO: Run Behavior\BuildLiteBehavior [ RunTime:0.000031s ]
INFO: [ app_init ] --END-- [ RunTime:0.000925s ]

[ 2017-04-28T09:37:12+08:00 ] ::1 /order/index.php/Index/login
INFO: [ app_init ] --START--
INFO: Run Behavior\BuildLiteBehavior [ RunTime:0.000031s ]
INFO: [ app_init ] --END-- [ RunTime:0.000928s ]

[ 2017-04-28T09:37:50+08:00 ] ::1 /order/index.php/Index/login
INFO: [ app_init ] --START--
INFO: Run Behavior\BuildLiteBehavior [ RunTime:0.000071s ]
INFO: [ app_init ] --END-- [ RunTime:0.001730s ]

[ 2017-04-28T09:37:58+08:00 ] ::1 /order/index.php/Index/orderManagement/id/1
INFO: [ app_init ] --START--
INFO: Run Behavior\BuildLiteBehavior [ RunTime:0.000035s ]
INFO: [ app_init ] --END-- [ RunTime:0.000909s ]

[ 2017-04-28T09:37:59+08:00 ] ::1 /order/index.php/Index/orderManagement/id/2
INFO: [ app_init ] --START--
INFO: Run Behavior\BuildLiteBehavior [ RunTime:0.000036s ]
INFO: [ app_init ] --END-- [ RunTime:0.000811s ]

[ 2017-04-28T09:38:00+08:00 ] ::1 /order/index.php/Index/orderManagement/id/3
INFO: [ app_init ] --START--
INFO: Run Behavior\BuildLiteBehavior [ RunTime:0.000032s ]
INFO: [ app_init ] --END-- [ RunTime:0.000870s ]

[ 2017-04-28T09:38:16+08:00 ] ::1 /order/index.php/Index/orderManagement/id/1
INFO: [ app_init ] --START--
INFO: Run Behavior\BuildLiteBehavior [ RunTime:0.000032s ]
INFO: [ app_init ] --END-- [ RunTime:0.000804s ]

[ 2017-04-28T09:38:17+08:00 ] ::1 /order/index.php/Index/orderManagement/id/2
INFO: [ app_init ] --START--
INFO: Run Behavior\BuildLiteBehavior [ RunTime:0.000028s ]
INFO: [ app_init ] --END-- [ RunTime:0.000742s ]

[ 2017-04-28T09:38:18+08:00 ] ::1 /order/index.php/Index/orderManagement/id/3
INFO: [ app_init ] --START--
INFO: Run Behavior\BuildLiteBehavior [ RunTime:0.000030s ]
INFO: [ app_init ] --END-- [ RunTime:0.000841s ]

[ 2017-04-28T09:38:27+08:00 ] ::1 /order/index.php/Index/orderManagement/id/1
INFO: [ app_init ] --START--
INFO: Run Behavior\BuildLiteBehavior [ RunTime:0.000031s ]
INFO: [ app_init ] --END-- [ RunTime:0.000856s ]

[ 2017-04-28T09:38:28+08:00 ] ::1 /order/index.php/Index/orderManagement/id/2
INFO: [ app_init ] --START--
INFO: Run Behavior\BuildLiteBehavior [ RunTime:0.000029s ]
INFO: [ app_init ] --END-- [ RunTime:0.000760s ]

[ 2017-04-28T09:38:29+08:00 ] ::1 /order/index.php/Index/orderManagement/id/3
INFO: [ app_init ] --START--
INFO: Run Behavior\BuildLiteBehavior [ RunTime:0.000032s ]
INFO: [ app_init ] --END-- [ RunTime:0.000833s ]

[ 2017-04-28T09:39:58+08:00 ] ::1 /order/index.php/Index/login%E3%80%81
INFO: [ app_init ] --START--
INFO: Run Behavior\BuildLiteBehavior [ RunTime:0.000078s ]
INFO: [ app_init ] --END-- [ RunTime:0.004851s ]
ERR: 非法操作:login、

[ 2017-04-28T09:40:01+08:00 ] ::1 /order/index.php/Index/login/
INFO: [ app_init ] --START--
INFO: Run Behavior\BuildLiteBehavior [ RunTime:0.000032s ]
INFO: [ app_init ] --END-- [ RunTime:0.000856s ]

[ 2017-04-28T09:40:10+08:00 ] ::1 /order/index.php/Index/orderManagement/id/1
INFO: [ app_init ] --START--
INFO: Run Behavior\BuildLiteBehavior [ RunTime:0.000031s ]
INFO: [ app_init ] --END-- [ RunTime:0.000871s ]

[ 2017-04-28T09:40:17+08:00 ] ::1 /order/index.php/Index/order/
INFO: [ app_init ] --START--
INFO: Run Behavior\BuildLiteBehavior [ RunTime:0.000035s ]
INFO: [ app_init ] --END-- [ RunTime:0.000920s ]

[ 2017-04-28T09:40:17+08:00 ] ::1 /order/index.php/Index/suborder/
INFO: [ app_init ] --START--
INFO: Run Behavior\BuildLiteBehavior [ RunTime:0.000033s ]
INFO: [ app_init ] --END-- [ RunTime:0.000848s ]
INFO: [ app_begin ] --START--
INFO: Run Behavior\ReadHtmlCacheBehavior [ RunTime:0.000945s ]
INFO: [ app_begin ] --END-- [ RunTime:0.001084s ]
ERR: 1364:Field 'id' doesn't have a default value
 [ SQL语句 ] : INSERT INTO `menu` (`dishes`,`price`) VALUES ('','8.00')
ERR: 1364:Field 'id' doesn't have a default value
 [ SQL语句 ] : INSERT INTO `menu` (`dishes`,`price`) VALUES ('','8.00')

[ 2017-04-28T09:40:26+08:00 ] ::1 /order/index.php/Index/order/
INFO: [ app_init ] --START--
INFO: Run Behavior\BuildLiteBehavior [ RunTime:0.000030s ]
INFO: [ app_init ] --END-- [ RunTime:0.000776s ]

[ 2017-04-28T09:40:26+08:00 ] ::1 /order/index.php/Index/suborder/
INFO: [ app_init ] --START--
INFO: Run Behavior\BuildLiteBehavior [ RunTime:0.000031s ]
INFO: [ app_init ] --END-- [ RunTime:0.000770s ]
INFO: [ app_begin ] --START--
INFO: Run Behavior\ReadHtmlCacheBehavior [ RunTime:0.000886s ]
INFO: [ app_begin ] --END-- [ RunTime:0.001008s ]
ERR: 1364:Field 'id' doesn't have a default value
 [ SQL语句 ] : INSERT INTO `menu` (`dishes`,`price`) VALUES ('','8.00')
ERR: 1364:Field 'id' doesn't have a default value
 [ SQL语句 ] : INSERT INTO `menu` (`dishes`,`price`) VALUES ('','8.00')

[ 2017-04-28T09:41:11+08:00 ] ::1 /order/index.php/Index/order/
INFO: [ app_init ] --START--
INFO: Run Behavior\BuildLiteBehavior [ RunTime:0.000030s ]
INFO: [ app_init ] --END-- [ RunTime:0.000806s ]

[ 2017-04-28T09:41:12+08:00 ] ::1 /order/index.php/Index/suborder/
INFO: [ app_init ] --START--
INFO: Run Behavior\BuildLiteBehavior [ RunTime:0.000035s ]
INFO: [ app_init ] --END-- [ RunTime:0.000833s ]
INFO: [ app_begin ] --START--
INFO: Run Behavior\ReadHtmlCacheBehavior [ RunTime:0.001434s ]
INFO: [ app_begin ] --END-- [ RunTime:0.001581s ]
ERR: 1364:Field 'id' doesn't have a default value
 [ SQL语句 ] : INSERT INTO `menu` (`dishes`,`price`) VALUES ('','8.00')
ERR: 1364:Field 'id' doesn't have a default value
 [ SQL语句 ] : INSERT INTO `menu` (`dishes`,`price`) VALUES ('','8.00')

[ 2017-04-28T11:15:39+08:00 ] ::1 /order/index.php/Index/order/
INFO: [ app_init ] --START--
INFO: Run Behavior\BuildLiteBehavior [ RunTime:0.000033s ]
INFO: [ app_init ] --END-- [ RunTime:0.038428s ]

[ 2017-04-28T11:15:40+08:00 ] ::1 /order/index.php
INFO: [ app_init ] --START--
INFO: Run Behavior\BuildLiteBehavior [ RunTime:0.000035s ]
INFO: [ app_init ] --END-- [ RunTime:0.000981s ]
INFO: [ app_begin ] --START--
INFO: Run Behavior\ReadHtmlCacheBehavior [ RunTime:0.001860s ]
INFO: [ app_begin ] --END-- [ RunTime:0.002058s ]
SQL: SELECT * FROM `user` WHERE ( username='hao' AND userpass='hao' )  [ RunTime:0.2264s ]

[ 2017-04-28T11:15:52+08:00 ] ::1 /order/index.php/Index/order/
INFO: [ app_init ] --START--
INFO: Run Behavior\BuildLiteBehavior [ RunTime:0.000030s ]
INFO: [ app_init ] --END-- [ RunTime:0.000847s ]

[ 2017-04-28T11:15:53+08:00 ] ::1 /order/index.php
INFO: [ app_init ] --START--
INFO: Run Behavior\BuildLiteBehavior [ RunTime:0.000032s ]
INFO: [ app_init ] --END-- [ RunTime:0.001140s ]
INFO: [ app_begin ] --START--
INFO: Run Behavior\ReadHtmlCacheBehavior [ RunTime:0.001183s ]
INFO: [ app_begin ] --END-- [ RunTime:0.001321s ]
SQL: SELECT * FROM `user` WHERE ( username='hao' AND userpass='hao' )  [ RunTime:0.0821s ]

[ 2017-04-28T11:19:07+08:00 ] ::1 /order/index.php/Index/order/
INFO: [ app_init ] --START--
INFO: Run Behavior\BuildLiteBehavior [ RunTime:0.000032s ]
INFO: [ app_init ] --END-- [ RunTime:0.000891s ]

[ 2017-04-28T11:19:09+08:00 ] ::1 /order/index.php
INFO: [ app_init ] --START--
INFO: Run Behavior\BuildLiteBehavior [ RunTime:0.000034s ]
INFO: [ app_init ] --END-- [ RunTime:0.000960s ]
INFO: [ app_begin ] --START--
INFO: Run Behavior\ReadHtmlCacheBehavior [ RunTime:0.001351s ]
INFO: [ app_begin ] --END-- [ RunTime:0.001500s ]
NOTIC: [8] Undefined index: slavename C:\wamp\www\order\app\Home\Controller\IndexController.class.php 第 13 行.
ERR: 1364:Field 'slavename' doesn't have a default value
 [ SQL语句 ] : INSERT INTO `menu` (`dishes`,`price`) VALUES ('鱼香肉丝','8.00')
ERR: 1364:Field 'slavename' doesn't have a default value
 [ SQL语句 ] : INSERT INTO `menu` (`dishes`,`price`) VALUES ('鱼香肉丝','8.00')

[ 2017-04-28T11:22:08+08:00 ] ::1 /order/index.php/Index/order/
INFO: [ app_init ] --START--
INFO: Run Behavior\BuildLiteBehavior [ RunTime:0.000084s ]
INFO: [ app_init ] --END-- [ RunTime:0.003252s ]

[ 2017-04-28T11:22:09+08:00 ] ::1 /order/index.php
INFO: [ app_init ] --START--
INFO: Run Behavior\BuildLiteBehavior [ RunTime:0.000034s ]
INFO: [ app_init ] --END-- [ RunTime:0.001178s ]
INFO: [ app_begin ] --START--
INFO: Run Behavior\ReadHtmlCacheBehavior [ RunTime:0.011441s ]
INFO: [ app_begin ] --END-- [ RunTime:0.011598s ]
NOTIC: [8] Undefined index: slavename C:\wamp\www\order\app\Home\Controller\IndexController.class.php 第 13 行.
ERR: 1364:Field 'slavename' doesn't have a default value
 [ SQL语句 ] : INSERT INTO `menu` (`dishes`,`price`) VALUES ('鱼香肉丝','8.00')
ERR: 1364:Field 'slavename' doesn't have a default value
 [ SQL语句 ] : INSERT INTO `menu` (`dishes`,`price`) VALUES ('鱼香肉丝','8.00')

[ 2017-04-28T11:24:17+08:00 ] ::1 /order/index.php/Index/order/
INFO: [ app_init ] --START--
INFO: Run Behavior\BuildLiteBehavior [ RunTime:0.000032s ]
INFO: [ app_init ] --END-- [ RunTime:0.001068s ]

[ 2017-04-28T11:24:18+08:00 ] ::1 /order/index.php
INFO: [ app_init ] --START--
INFO: Run Behavior\BuildLiteBehavior [ RunTime:0.000038s ]
INFO: [ app_init ] --END-- [ RunTime:0.001634s ]
INFO: [ app_begin ] --START--
INFO: Run Behavior\ReadHtmlCacheBehavior [ RunTime:0.019732s ]
INFO: [ app_begin ] --END-- [ RunTime:0.019880s ]
ERR: 1364:Field 'slavename' doesn't have a default value
 [ SQL语句 ] : INSERT INTO `menu` (`dishes`,`price`) VALUES ('鱼香肉丝','8.00')
ERR: 1364:Field 'slavename' doesn't have a default value
 [ SQL语句 ] : INSERT INTO `menu` (`dishes`,`price`) VALUES ('鱼香肉丝','8.00')

[ 2017-04-28T11:24:48+08:00 ] ::1 /order/index.php/Index/order/
INFO: [ app_init ] --START--
INFO: Run Behavior\BuildLiteBehavior [ RunTime:0.000030s ]
INFO: [ app_init ] --END-- [ RunTime:0.000888s ]

[ 2017-04-28T11:24:48+08:00 ] ::1 /order/index.php
INFO: [ app_init ] --START--
INFO: Run Behavior\BuildLiteBehavior [ RunTime:0.000032s ]
INFO: [ app_init ] --END-- [ RunTime:0.000933s ]
INFO: [ app_begin ] --START--
INFO: Run Behavior\ReadHtmlCacheBehavior [ RunTime:0.002898s ]
INFO: [ app_begin ] --END-- [ RunTime:0.003036s ]
ERR: 1364:Field 'slavename' doesn't have a default value
 [ SQL语句 ] : INSERT INTO `menu` (`dishes`,`price`) VALUES ('鱼香肉丝','8.00')
ERR: 1364:Field 'slavename' doesn't have a default value
 [ SQL语句 ] : INSERT INTO `menu` (`dishes`,`price`) VALUES ('鱼香肉丝','8.00')

[ 2017-04-28T11:26:03+08:00 ] ::1 /order/index.php/Index/order/
INFO: [ app_init ] --START--
INFO: Run Behavior\BuildLiteBehavior [ RunTime:0.000031s ]
INFO: [ app_init ] --END-- [ RunTime:0.000922s ]

[ 2017-04-28T11:26:04+08:00 ] ::1 /order/index.php
INFO: [ app_init ] --START--
INFO: Run Behavior\BuildLiteBehavior [ RunTime:0.000040s ]
INFO: [ app_init ] --END-- [ RunTime:0.001122s ]
INFO: [ app_begin ] --START--
INFO: Run Behavior\ReadHtmlCacheBehavior [ RunTime:0.001874s ]
INFO: [ app_begin ] --END-- [ RunTime:0.002065s ]
ERR: 1364:Field 'slavename' doesn't have a default value
 [ SQL语句 ] : INSERT INTO `menu` (`dishes`,`price`) VALUES ('鱼香肉丝','8.00')
ERR: 1364:Field 'slavename' doesn't have a default value
 [ SQL语句 ] : INSERT INTO `menu` (`dishes`,`price`) VALUES ('鱼香肉丝','8.00')

[ 2017-04-28T11:28:17+08:00 ] ::1 /order/index.php/Index/order/
INFO: [ app_init ] --START--
INFO: Run Behavior\BuildLiteBehavior [ RunTime:0.000031s ]
INFO: [ app_init ] --END-- [ RunTime:0.000934s ]

[ 2017-04-28T11:28:18+08:00 ] ::1 /order/index.php
INFO: [ app_init ] --START--
INFO: Run Behavior\BuildLiteBehavior [ RunTime:0.000035s ]
INFO: [ app_init ] --END-- [ RunTime:0.001115s ]
INFO: [ app_begin ] --START--
INFO: Run Behavior\ReadHtmlCacheBehavior [ RunTime:0.001543s ]
INFO: [ app_begin ] --END-- [ RunTime:0.001701s ]
ERR: 1364:Field 'slavename' doesn't have a default value
 [ SQL语句 ] : INSERT INTO `menu` (`dishes`,`price`) VALUES ('鱼香肉丝','8.00')
ERR: 1364:Field 'slavename' doesn't have a default value
 [ SQL语句 ] : INSERT INTO `menu` (`dishes`,`price`) VALUES ('鱼香肉丝','8.00')

[ 2017-04-28T11:28:35+08:00 ] ::1 /order/index.php/Index/order/
INFO: [ app_init ] --START--
INFO: Run Behavior\BuildLiteBehavior [ RunTime:0.000029s ]
INFO: [ app_init ] --END-- [ RunTime:0.000824s ]

[ 2017-04-28T11:28:35+08:00 ] ::1 /order/index.php
INFO: [ app_init ] --START--
INFO: Run Behavior\BuildLiteBehavior [ RunTime:0.000032s ]
INFO: [ app_init ] --END-- [ RunTime:0.000953s ]
INFO: [ app_begin ] --START--
INFO: Run Behavior\ReadHtmlCacheBehavior [ RunTime:0.001890s ]
INFO: [ app_begin ] --END-- [ RunTime:0.002037s ]
ERR: 1364:Field 'slavename' doesn't have a default value
 [ SQL语句 ] : INSERT INTO `menu` (`dishes`,`price`) VALUES ('鱼香肉丝','8.00')
ERR: 1364:Field 'slavename' doesn't have a default value
 [ SQL语句 ] : INSERT INTO `menu` (`dishes`,`price`) VALUES ('鱼香肉丝','8.00')

[ 2017-04-28T11:30:22+08:00 ] ::1 /order/index.php/Index/order/
INFO: [ app_init ] --START--
INFO: Run Behavior\BuildLiteBehavior [ RunTime:0.000033s ]
INFO: [ app_init ] --END-- [ RunTime:0.000874s ]

[ 2017-04-28T11:30:23+08:00 ] ::1 /order/index.php
INFO: [ app_init ] --START--
INFO: Run Behavior\BuildLiteBehavior [ RunTime:0.000032s ]
INFO: [ app_init ] --END-- [ RunTime:0.000914s ]
INFO: [ app_begin ] --START--
INFO: Run Behavior\ReadHtmlCacheBehavior [ RunTime:0.001253s ]
INFO: [ app_begin ] --END-- [ RunTime:0.001378s ]
ERR: 1364:Field 'slavename' doesn't have a default value
 [ SQL语句 ] : INSERT INTO `menu` (`dishes`,`price`) VALUES ('尼玛菜啊','8')
ERR: 1364:Field 'slavename' doesn't have a default value
 [ SQL语句 ] : INSERT INTO `menu` (`dishes`,`price`) VALUES ('尼玛菜啊','8')

[ 2017-04-28T11:32:48+08:00 ] ::1 /order/index.php/Index/order/
INFO: [ app_init ] --START--
INFO: Run Behavior\BuildLiteBehavior [ RunTime:0.000040s ]
INFO: [ app_init ] --END-- [ RunTime:0.007750s ]

[ 2017-04-28T11:32:49+08:00 ] ::1 /order/index.php
INFO: [ app_init ] --START--
INFO: Run Behavior\BuildLiteBehavior [ RunTime:0.000039s ]
INFO: [ app_init ] --END-- [ RunTime:0.001039s ]
INFO: [ app_begin ] --START--
INFO: Run Behavior\ReadHtmlCacheBehavior [ RunTime:0.001416s ]
INFO: [ app_begin ] --END-- [ RunTime:0.001567s ]
ERR: 1364:Field 'slavename' doesn't have a default value
 [ SQL语句 ] : INSERT INTO `menu` (`dishes`,`price`) VALUES ('尼玛菜啊','8')
ERR: 1364:Field 'slavename' doesn't have a default value
 [ SQL语句 ] : INSERT INTO `menu` (`dishes`,`price`) VALUES ('尼玛菜啊','8')

[ 2017-04-28T11:37:26+08:00 ] ::1 /order/index.php/Index/order/
INFO: [ app_init ] --START--
INFO: Run Behavior\BuildLiteBehavior [ RunTime:0.000037s ]
INFO: [ app_init ] --END-- [ RunTime:0.001248s ]

[ 2017-04-28T11:37:26+08:00 ] ::1 /order/index.php
INFO: [ app_init ] --START--
INFO: Run Behavior\BuildLiteBehavior [ RunTime:0.000033s ]
INFO: [ app_init ] --END-- [ RunTime:0.000951s ]
INFO: [ app_begin ] --START--
INFO: Run Behavior\ReadHtmlCacheBehavior [ RunTime:0.001326s ]
INFO: [ app_begin ] --END-- [ RunTime:0.001466s ]
ERR: 1364:Field 'slavename' doesn't have a default value
 [ SQL语句 ] : INSERT INTO `menu` (`dishes`,`price`) VALUES ('鱼香肉丝','8.00')
ERR: 1364:Field 'slavename' doesn't have a default value
 [ SQL语句 ] : INSERT INTO `menu` (`dishes`,`price`) VALUES ('鱼香肉丝','8.00')

[ 2017-04-28T11:37:36+08:00 ] ::1 /order/index.php/Index/order/
INFO: [ app_init ] --START--
INFO: Run Behavior\BuildLiteBehavior [ RunTime:0.000033s ]
INFO: [ app_init ] --END-- [ RunTime:0.001273s ]

[ 2017-04-28T11:37:37+08:00 ] ::1 /order/index.php
INFO: [ app_init ] --START--
INFO: Run Behavior\BuildLiteBehavior [ RunTime:0.000036s ]
INFO: [ app_init ] --END-- [ RunTime:0.001344s ]
INFO: [ app_begin ] --START--
INFO: Run Behavior\ReadHtmlCacheBehavior [ RunTime:0.001777s ]
INFO: [ app_begin ] --END-- [ RunTime:0.002002s ]
ERR: 1364:Field 'slavename' doesn't have a default value
 [ SQL语句 ] : INSERT INTO `menu` (`dishes`,`price`) VALUES ('鱼香肉丝','8.00')
ERR: 1364:Field 'slavename' doesn't have a default value
 [ SQL语句 ] : INSERT INTO `menu` (`dishes`,`price`) VALUES ('鱼香肉丝','8.00')

[ 2017-04-28T11:40:24+08:00 ] ::1 /order/index.php/Index/order/
INFO: [ app_init ] --START--
INFO: Run Behavior\BuildLiteBehavior [ RunTime:0.000165s ]
INFO: [ app_init ] --END-- [ RunTime:0.003235s ]
ERR: syntax error, unexpected '-', expecting identifier (T_STRING) or variable (T_VARIABLE) or '{' or '$'

[ 2017-04-28T11:40:33+08:00 ] ::1 /order/index.php/Index/order/
INFO: [ app_init ] --START--
INFO: Run Behavior\BuildLiteBehavior [ RunTime:0.000040s ]
INFO: [ app_init ] --END-- [ RunTime:0.001325s ]

[ 2017-04-28T11:40:35+08:00 ] ::1 /order/index.php
INFO: [ app_init ] --START--
INFO: Run Behavior\BuildLiteBehavior [ RunTime:0.000037s ]
INFO: [ app_init ] --END-- [ RunTime:0.000977s ]
INFO: [ app_begin ] --START--
INFO: Run Behavior\ReadHtmlCacheBehavior [ RunTime:0.010237s ]
INFO: [ app_begin ] --END-- [ RunTime:0.010388s ]
ERR: 1364:Field 'slavename' doesn't have a default value
 [ SQL语句 ] : INSERT INTO `menu` (`dishes`,`price`) VALUES ('鱼香肉丝','8.00')
ERR: 1364:Field 'slavename' doesn't have a default value
 [ SQL语句 ] : INSERT INTO `menu` (`dishes`,`price`) VALUES ('鱼香肉丝','8.00')

[ 2017-04-28T11:44:39+08:00 ] ::1 /order/index.php/Index/order/
INFO: [ app_init ] --START--
INFO: Run Behavior\BuildLiteBehavior [ RunTime:0.000046s ]
INFO: [ app_init ] --END-- [ RunTime:0.006800s ]

[ 2017-04-28T11:44:40+08:00 ] ::1 /order/index.php
INFO: [ app_init ] --START--
INFO: Run Behavior\BuildLiteBehavior [ RunTime:0.000035s ]
INFO: [ app_init ] --END-- [ RunTime:0.000880s ]
INFO: [ app_begin ] --START--
INFO: Run Behavior\ReadHtmlCacheBehavior [ RunTime:0.002021s ]
INFO: [ app_begin ] --END-- [ RunTime:0.002287s ]
ERR: 1364:Field 'slavename' doesn't have a default value
 [ SQL语句 ] : INSERT INTO `menu` (`dishes`,`price`) VALUES ('鱼香肉丝','8.00')
ERR: 1364:Field 'slavename' doesn't have a default value
 [ SQL语句 ] : INSERT INTO `menu` (`dishes`,`price`) VALUES ('鱼香肉丝','8.00')

[ 2017-04-28T11:46:29+08:00 ] ::1 /order/index.php/Index/order/
INFO: [ app_init ] --START--
INFO: Run Behavior\BuildLiteBehavior [ RunTime:0.000035s ]
INFO: [ app_init ] --END-- [ RunTime:0.000851s ]

[ 2017-04-28T11:46:30+08:00 ] ::1 /order/index.php
INFO: [ app_init ] --START--
INFO: Run Behavior\BuildLiteBehavior [ RunTime:0.000037s ]
INFO: [ app_init ] --END-- [ RunTime:0.000891s ]
INFO: [ app_begin ] --START--
INFO: Run Behavior\ReadHtmlCacheBehavior [ RunTime:0.001004s ]
INFO: [ app_begin ] --END-- [ RunTime:0.001234s ]
ERR: 1364:Field 'number' doesn't have a default value
 [ SQL语句 ] : INSERT INTO `menu` (`dishes`,`price`) VALUES ('鱼香肉丝','8.00')
ERR: 1364:Field 'number' doesn't have a default value
 [ SQL语句 ] : INSERT INTO `menu` (`dishes`,`price`) VALUES ('鱼香肉丝','8.00')

[ 2017-04-28T11:46:40+08:00 ] ::1 /order/index.php/Index/order/
INFO: [ app_init ] --START--
INFO: Run Behavior\BuildLiteBehavior [ RunTime:0.000035s ]
INFO: [ app_init ] --END-- [ RunTime:0.005868s ]

[ 2017-04-28T11:46:41+08:00 ] ::1 /order/index.php
INFO: [ app_init ] --START--
INFO: Run Behavior\BuildLiteBehavior [ RunTime:0.000035s ]
INFO: [ app_init ] --END-- [ RunTime:0.000865s ]
INFO: [ app_begin ] --START--
INFO: Run Behavior\ReadHtmlCacheBehavior [ RunTime:0.001610s ]
INFO: [ app_begin ] --END-- [ RunTime:0.001764s ]
ERR: 1364:Field 'number' doesn't have a default value
 [ SQL语句 ] : INSERT INTO `menu` (`dishes`,`price`) VALUES ('鱼香肉丝','8.00')
ERR: 1364:Field 'number' doesn't have a default value
 [ SQL语句 ] : INSERT INTO `menu` (`dishes`,`price`) VALUES ('鱼香肉丝','8.00')

[ 2017-04-28T11:48:02+08:00 ] ::1 /order/index.php/Index/order/
INFO: [ app_init ] --START--
INFO: Run Behavior\BuildLiteBehavior [ RunTime:0.000060s ]
INFO: [ app_init ] --END-- [ RunTime:0.001236s ]

[ 2017-04-28T11:48:02+08:00 ] ::1 /order/index.php
INFO: [ app_init ] --START--
INFO: Run Behavior\BuildLiteBehavior [ RunTime:0.000030s ]
INFO: [ app_init ] --END-- [ RunTime:0.000733s ]
INFO: [ app_begin ] --START--
INFO: Run Behavior\ReadHtmlCacheBehavior [ RunTime:0.001323s ]
INFO: [ app_begin ] --END-- [ RunTime:0.001467s ]
ERR: 1364:Field 'number' doesn't have a default value
 [ SQL语句 ] : INSERT INTO `menu` (`dishes`,`price`) VALUES ('鱼香肉丝','8.00')
ERR: 1364:Field 'number' doesn't have a default value
 [ SQL语句 ] : INSERT INTO `menu` (`dishes`,`price`) VALUES ('鱼香肉丝','8.00')

[ 2017-04-28T11:49:55+08:00 ] ::1 /order/index.php/Index/order/
INFO: [ app_init ] --START--
INFO: Run Behavior\BuildLiteBehavior [ RunTime:0.000040s ]
INFO: [ app_init ] --END-- [ RunTime:0.001134s ]

[ 2017-04-28T11:49:56+08:00 ] ::1 /order/index.php
INFO: [ app_init ] --START--
INFO: Run Behavior\BuildLiteBehavior [ RunTime:0.000040s ]
INFO: [ app_init ] --END-- [ RunTime:0.001253s ]
INFO: [ app_begin ] --START--
INFO: Run Behavior\ReadHtmlCacheBehavior [ RunTime:0.000995s ]
INFO: [ app_begin ] --END-- [ RunTime:0.001134s ]
ERR: 1364:Field 'number' doesn't have a default value
 [ SQL语句 ] : INSERT INTO `menu` (`dishes`,`price`) VALUES ('鱼香肉丝','8.00')
ERR: 1364:Field 'number' doesn't have a default value
 [ SQL语句 ] : INSERT INTO `menu` (`dishes`,`price`) VALUES ('鱼香肉丝','8.00')

[ 2017-04-28T11:50:26+08:00 ] ::1 /order/index.php/Index/order/
INFO: [ app_init ] --START--
INFO: Run Behavior\BuildLiteBehavior [ RunTime:0.000035s ]
INFO: [ app_init ] --END-- [ RunTime:0.001286s ]

[ 2017-04-28T11:50:27+08:00 ] ::1 /order/index.php
INFO: [ app_init ] --START--
INFO: Run Behavior\BuildLiteBehavior [ RunTime:0.000031s ]
INFO: [ app_init ] --END-- [ RunTime:0.000785s ]
INFO: [ app_begin ] --START--
INFO: Run Behavior\ReadHtmlCacheBehavior [ RunTime:0.000901s ]
INFO: [ app_begin ] --END-- [ RunTime:0.001028s ]
ERR: 1364:Field 'price' doesn't have a default value
 [ SQL语句 ] : INSERT INTO `menu` (`dishes`) VALUES ('鱼香肉丝')
ERR: 1364:Field 'price' doesn't have a default value
 [ SQL语句 ] : INSERT INTO `menu` (`dishes`) VALUES ('鱼香肉丝')

[ 2017-04-28T11:55:09+08:00 ] ::1 /order/index.php/Index/order/
INFO: [ app_init ] --START--
INFO: Run Behavior\BuildLiteBehavior [ RunTime:0.000034s ]
INFO: [ app_init ] --END-- [ RunTime:0.004490s ]

[ 2017-04-28T11:55:10+08:00 ] ::1 /order/index.php
INFO: [ app_init ] --START--
INFO: Run Behavior\BuildLiteBehavior [ RunTime:0.000032s ]
INFO: [ app_init ] --END-- [ RunTime:0.001068s ]
INFO: [ app_begin ] --START--
INFO: Run Behavior\ReadHtmlCacheBehavior [ RunTime:0.002015s ]
INFO: [ app_begin ] --END-- [ RunTime:0.002163s ]
SQL: INSERT INTO `menu` (`dishes`,`price`) VALUES ('鱼香肉丝','8.00') [ RunTime:0.0171s ]

[ 2017-04-28T11:56:54+08:00 ] ::1 /order/index.php/Index/order/
INFO: [ app_init ] --START--
INFO: Run Behavior\BuildLiteBehavior [ RunTime:0.000039s ]
INFO: [ app_init ] --END-- [ RunTime:0.001325s ]

[ 2017-04-28T11:56:55+08:00 ] ::1 /order/index.php
INFO: [ app_init ] --START--
INFO: Run Behavior\BuildLiteBehavior [ RunTime:0.000086s ]
INFO: [ app_init ] --END-- [ RunTime:0.003435s ]
INFO: [ app_begin ] --START--
INFO: Run Behavior\ReadHtmlCacheBehavior [ RunTime:0.001365s ]
INFO: [ app_begin ] --END-- [ RunTime:0.001510s ]
SQL: INSERT INTO `menu` (`dishes`,`price`) VALUES ('鱼香肉丝','8.00') [ RunTime:0.0039s ]

[ 2017-04-28T11:57:57+08:00 ] ::1 /order/index.php/Index/order/
INFO: [ app_init ] --START--
INFO: Run Behavior\BuildLiteBehavior [ RunTime:0.000038s ]
INFO: [ app_init ] --END-- [ RunTime:0.002591s ]

[ 2017-04-28T11:57:58+08:00 ] ::1 /order/index.php
INFO: [ app_init ] --START--
INFO: Run Behavior\BuildLiteBehavior [ RunTime:0.000059s ]
INFO: [ app_init ] --END-- [ RunTime:0.000982s ]
INFO: [ app_begin ] --START--
INFO: Run Behavior\ReadHtmlCacheBehavior [ RunTime:0.018389s ]
INFO: [ app_begin ] --END-- [ RunTime:0.018550s ]

[ 2017-04-28T11:58:33+08:00 ] ::1 /order/index.php/Index/order/
INFO: [ app_init ] --START--
INFO: Run Behavior\BuildLiteBehavior [ RunTime:0.000036s ]
INFO: [ app_init ] --END-- [ RunTime:0.001490s ]

[ 2017-04-28T11:58:33+08:00 ] ::1 /order/index.php
INFO: [ app_init ] --START--
INFO: Run Behavior\BuildLiteBehavior [ RunTime:0.000032s ]
INFO: [ app_init ] --END-- [ RunTime:0.000821s ]
INFO: [ app_begin ] --START--
INFO: Run Behavior\ReadHtmlCacheBehavior [ RunTime:0.001450s ]
INFO: [ app_begin ] --END-- [ RunTime:0.001620s ]
SQL: INSERT INTO `menu` (`dishes`,`price`) VALUES ('鱼香肉丝','8.00') [ RunTime:0.0023s ]

[ 2017-04-28T11:58:45+08:00 ] ::1 /order/index.php/Index/order/
INFO: [ app_init ] --START--
INFO: Run Behavior\BuildLiteBehavior [ RunTime:0.000033s ]
INFO: [ app_init ] --END-- [ RunTime:0.001306s ]

[ 2017-04-28T11:58:46+08:00 ] ::1 /order/index.php
INFO: [ app_init ] --START--
INFO: Run Behavior\BuildLiteBehavior [ RunTime:0.000032s ]
INFO: [ app_init ] --END-- [ RunTime:0.000851s ]
INFO: [ app_begin ] --START--
INFO: Run Behavior\ReadHtmlCacheBehavior [ RunTime:0.001247s ]
INFO: [ app_begin ] --END-- [ RunTime:0.001389s ]
SQL: INSERT INTO `menu` (`dishes`,`price`) VALUES ('鱼香肉丝','8.00') [ RunTime:0.0016s ]

[ 2017-04-28T11:59:28+08:00 ] ::1 /order/index.php/Index/order/
INFO: [ app_init ] --START--
INFO: Run Behavior\BuildLiteBehavior [ RunTime:0.000033s ]
INFO: [ app_init ] --END-- [ RunTime:0.000949s ]

[ 2017-04-28T11:59:28+08:00 ] ::1 /order/index.php
INFO: [ app_init ] --START--
INFO: Run Behavior\BuildLiteBehavior [ RunTime:0.000034s ]
INFO: [ app_init ] --END-- [ RunTime:0.000950s ]
INFO: [ app_begin ] --START--
INFO: Run Behavior\ReadHtmlCacheBehavior [ RunTime:0.001220s ]
INFO: [ app_begin ] --END-- [ RunTime:0.001367s ]
SQL: INSERT INTO `menu` (`dishes`,`price`) VALUES ('鱼香肉丝','8.00') [ RunTime:0.0005s ]

[ 2017-04-28T12:01:48+08:00 ] ::1 /order/index.php/Index/order/
INFO: [ app_init ] --START--
INFO: Run Behavior\BuildLiteBehavior [ RunTime:0.000038s ]
INFO: [ app_init ] --END-- [ RunTime:0.001122s ]

[ 2017-04-28T12:01:48+08:00 ] ::1 /order/index.php
INFO: [ app_init ] --START--
INFO: Run Behavior\BuildLiteBehavior [ RunTime:0.000036s ]
INFO: [ app_init ] --END-- [ RunTime:0.001053s ]
INFO: [ app_begin ] --START--
INFO: Run Behavior\ReadHtmlCacheBehavior [ RunTime:0.001214s ]
INFO: [ app_begin ] --END-- [ RunTime:0.001359s ]
SQL: INSERT INTO `menu` (`dishes`,`price`) VALUES ('鱼香肉丝','8.00') [ RunTime:0.0016s ]

[ 2017-04-28T12:02:14+08:00 ] ::1 /order/index.php/Index/order/
INFO: [ app_init ] --START--
INFO: Run Behavior\BuildLiteBehavior [ RunTime:0.000032s ]
INFO: [ app_init ] --END-- [ RunTime:0.000831s ]

[ 2017-04-28T12:03:32+08:00 ] ::1 /order/index.php/Index/order/
INFO: [ app_init ] --START--
INFO: Run Behavior\BuildLiteBehavior [ RunTime:0.000037s ]
INFO: [ app_init ] --END-- [ RunTime:0.001094s ]

[ 2017-04-28T12:04:58+08:00 ] ::1 /order/index.php/Index/order/
INFO: [ app_init ] --START--
INFO: Run Behavior\BuildLiteBehavior [ RunTime:0.000038s ]
INFO: [ app_init ] --END-- [ RunTime:0.002741s ]

[ 2017-04-28T12:06:29+08:00 ] ::1 /order/index.php/Index/order/
INFO: [ app_init ] --START--
INFO: Run Behavior\BuildLiteBehavior [ RunTime:0.000038s ]
INFO: [ app_init ] --END-- [ RunTime:0.003456s ]

[ 2017-04-28T12:06:29+08:00 ] ::1 /order/index.php
INFO: [ app_init ] --START--
INFO: Run Behavior\BuildLiteBehavior [ RunTime:0.000037s ]
INFO: [ app_init ] --END-- [ RunTime:0.002992s ]
INFO: [ app_begin ] --START--
INFO: Run Behavior\ReadHtmlCacheBehavior [ RunTime:0.001319s ]
INFO: [ app_begin ] --END-- [ RunTime:0.001462s ]
SQL: INSERT INTO `menu` (`dishes`,`price`) VALUES ('鱼香肉丝','8.00') [ RunTime:0.0027s ]

[ 2017-04-28T12:34:56+08:00 ] ::1 /order/index.php/Index/login%E3%80%81
INFO: [ app_init ] --START--
INFO: Run Behavior\BuildLiteBehavior [ RunTime:0.000044s ]
INFO: [ app_init ] --END-- [ RunTime:0.011551s ]
ERR: 非法操作:login、

[ 2017-04-28T12:35:03+08:00 ] ::1 /order/index.php/Index/login
INFO: [ app_init ] --START--
INFO: Run Behavior\BuildLiteBehavior [ RunTime:0.000030s ]
INFO: [ app_init ] --END-- [ RunTime:0.000820s ]

[ 2017-04-28T12:35:20+08:00 ] ::1 /order/index.php/Index/order/
INFO: [ app_init ] --START--
INFO: Run Behavior\BuildLiteBehavior [ RunTime:0.000053s ]
INFO: [ app_init ] --END-- [ RunTime:0.003647s ]

[ 2017-04-28T12:35:21+08:00 ] ::1 /order/index.php
INFO: [ app_init ] --START--
INFO: Run Behavior\BuildLiteBehavior [ RunTime:0.000039s ]
INFO: [ app_init ] --END-- [ RunTime:0.001605s ]
INFO: [ app_begin ] --START--
INFO: Run Behavior\ReadHtmlCacheBehavior [ RunTime:0.001613s ]
INFO: [ app_begin ] --END-- [ RunTime:0.001933s ]
SQL: INSERT INTO `menu` (`dishes`,`price`) VALUES ('鱼香肉丝','8.00') [ RunTime:0.0007s ]

[ 2017-04-28T12:38:39+08:00 ] ::1 /order/index.php/Index/order/
INFO: [ app_init ] --START--
INFO: Run Behavior\BuildLiteBehavior [ RunTime:0.000032s ]
INFO: [ app_init ] --END-- [ RunTime:0.000957s ]

[ 2017-04-28T12:38:40+08:00 ] ::1 /order/index.php
INFO: [ app_init ] --START--
INFO: Run Behavior\BuildLiteBehavior [ RunTime:0.000032s ]
INFO: [ app_init ] --END-- [ RunTime:0.000963s ]
INFO: [ app_begin ] --START--
INFO: Run Behavior\ReadHtmlCacheBehavior [ RunTime:0.001480s ]
INFO: [ app_begin ] --END-- [ RunTime:0.001631s ]
SQL: INSERT INTO `menu` (`dishes`,`price`) VALUES ('鱼香肉丝','8.00') [ RunTime:0.0017s ]

[ 2017-04-28T12:40:18+08:00 ] ::1 /order/index.php/Index/order/
INFO: [ app_init ] --START--
INFO: Run Behavior\BuildLiteBehavior [ RunTime:0.000035s ]
INFO: [ app_init ] --END-- [ RunTime:0.030533s ]

[ 2017-04-28T12:40:20+08:00 ] ::1 /order/index.php
INFO: [ app_init ] --START--
INFO: Run Behavior\BuildLiteBehavior [ RunTime:0.000070s ]
INFO: [ app_init ] --END-- [ RunTime:0.001462s ]
INFO: [ app_begin ] --START--
INFO: Run Behavior\ReadHtmlCacheBehavior [ RunTime:0.001469s ]
INFO: [ app_begin ] --END-- [ RunTime:0.001620s ]
SQL: INSERT INTO `menu` (`dishes`,`price`) VALUES ('鱼香肉丝','8.00') [ RunTime:0.0014s ]

[ 2017-04-28T12:49:04+08:00 ] ::1 /order/index.php/Index/order/
INFO: [ app_init ] --START--
INFO: Run Behavior\BuildLiteBehavior [ RunTime:0.000036s ]
INFO: [ app_init ] --END-- [ RunTime:0.000917s ]

[ 2017-04-28T12:49:05+08:00 ] ::1 /order/index.php
INFO: [ app_init ] --START--
INFO: Run Behavior\BuildLiteBehavior [ RunTime:0.000041s ]
INFO: [ app_init ] --END-- [ RunTime:0.000982s ]
INFO: [ app_begin ] --START--
INFO: Run Behavior\ReadHtmlCacheBehavior [ RunTime:0.001262s ]
INFO: [ app_begin ] --END-- [ RunTime:0.001398s ]
SQL: INSERT INTO `menu` (`dishes`,`price`) VALUES ('鱼香肉丝','8.00') [ RunTime:0.0015s ]

[ 2017-04-28T12:49:40+08:00 ] ::1 /order/index.php/Index/order/
INFO: [ app_init ] --START--
INFO: Run Behavior\BuildLiteBehavior [ RunTime:0.000034s ]
INFO: [ app_init ] --END-- [ RunTime:0.000958s ]

[ 2017-04-28T12:49:40+08:00 ] ::1 /order/index.php
INFO: [ app_init ] --START--
INFO: Run Behavior\BuildLiteBehavior [ RunTime:0.000036s ]
INFO: [ app_init ] --END-- [ RunTime:0.001402s ]
INFO: [ app_begin ] --START--
INFO: Run Behavior\ReadHtmlCacheBehavior [ RunTime:0.002042s ]
INFO: [ app_begin ] --END-- [ RunTime:0.002190s ]
SQL: INSERT INTO `menu` (`dishes`,`price`) VALUES ('鱼香肉丝','8.00') [ RunTime:0.0012s ]

[ 2017-04-28T12:49:47+08:00 ] ::1 /order/index.php/Index/order/
INFO: [ app_init ] --START--
INFO: Run Behavior\BuildLiteBehavior [ RunTime:0.000040s ]
INFO: [ app_init ] --END-- [ RunTime:0.006113s ]

[ 2017-04-28T12:49:47+08:00 ] ::1 /order/index.php
INFO: [ app_init ] --START--
INFO: Run Behavior\BuildLiteBehavior [ RunTime:0.000033s ]
INFO: [ app_init ] --END-- [ RunTime:0.000904s ]
INFO: [ app_begin ] --START--
INFO: Run Behavior\ReadHtmlCacheBehavior [ RunTime:0.001490s ]
INFO: [ app_begin ] --END-- [ RunTime:0.001884s ]
SQL: INSERT INTO `menu` (`dishes`,`price`) VALUES ('鱼香肉丝','8.00') [ RunTime:0.0013s ]

[ 2017-04-28T12:50:50+08:00 ] ::1 /order/index.php/Index/order/
INFO: [ app_init ] --START--
INFO: Run Behavior\BuildLiteBehavior [ RunTime:0.000048s ]
INFO: [ app_init ] --END-- [ RunTime:0.022328s ]

[ 2017-04-28T12:50:50+08:00 ] ::1 /order/index.php
INFO: [ app_init ] --START--
INFO: Run Behavior\BuildLiteBehavior [ RunTime:0.000033s ]
INFO: [ app_init ] --END-- [ RunTime:0.000899s ]
INFO: [ app_begin ] --START--
INFO: Run Behavior\ReadHtmlCacheBehavior [ RunTime:0.003275s ]
INFO: [ app_begin ] --END-- [ RunTime:0.003455s ]
SQL: SELECT * FROM `user` WHERE ( username='hao' AND userpass='hao' )  [ RunTime:0.0023s ]

[ 2017-04-28T12:51:00+08:00 ] ::1 /order/index.php/Index/order/
INFO: [ app_init ] --START--
INFO: Run Behavior\BuildLiteBehavior [ RunTime:0.000034s ]
INFO: [ app_init ] --END-- [ RunTime:0.000899s ]

[ 2017-04-28T12:51:00+08:00 ] ::1 /order/index.php
INFO: [ app_init ] --START--
INFO: Run Behavior\BuildLiteBehavior [ RunTime:0.000038s ]
INFO: [ app_init ] --END-- [ RunTime:0.000903s ]
INFO: [ app_begin ] --START--
INFO: Run Behavior\ReadHtmlCacheBehavior [ RunTime:0.002098s ]
INFO: [ app_begin ] --END-- [ RunTime:0.002406s ]
SQL: SELECT * FROM `user` WHERE ( username='hao' AND userpass='hao' )  [ RunTime:0.0021s ]

[ 2017-04-28T12:55:53+08:00 ] ::1 /order/index.php/Index/order/
INFO: [ app_init ] --START--
INFO: Run Behavior\BuildLiteBehavior [ RunTime:0.000044s ]
INFO: [ app_init ] --END-- [ RunTime:0.001957s ]

[ 2017-04-28T12:55:53+08:00 ] ::1 /order/index.php
INFO: [ app_init ] --START--
INFO: Run Behavior\BuildLiteBehavior [ RunTime:0.000044s ]
INFO: [ app_init ] --END-- [ RunTime:0.001236s ]
INFO: [ app_begin ] --START--
INFO: Run Behavior\ReadHtmlCacheBehavior [ RunTime:0.001187s ]
INFO: [ app_begin ] --END-- [ RunTime:0.001331s ]
SQL: INSERT INTO `menu` (`dishes`,`price`) VALUES ('鱼香肉丝','8.00') [ RunTime:0.0014s ]

[ 2017-04-28T12:55:58+08:00 ] ::1 /order/index.php/Index/order/
INFO: [ app_init ] --START--
INFO: Run Behavior\BuildLiteBehavior [ RunTime:0.000041s ]
INFO: [ app_init ] --END-- [ RunTime:0.001826s ]

[ 2017-04-28T12:55:59+08:00 ] ::1 /order/index.php
INFO: [ app_init ] --START--
INFO: Run Behavior\BuildLiteBehavior [ RunTime:0.000040s ]
INFO: [ app_init ] --END-- [ RunTime:0.002223s ]
INFO: [ app_begin ] --START--
INFO: Run Behavior\ReadHtmlCacheBehavior [ RunTime:0.001205s ]
INFO: [ app_begin ] --END-- [ RunTime:0.001344s ]
SQL: INSERT INTO `menu` (`dishes`,`price`) VALUES ('鱼香肉丝','8.00') [ RunTime:0.0005s ]

[ 2017-04-28T12:59:02+08:00 ] ::1 /order/index.php/Index/order/
INFO: [ app_init ] --START--
INFO: Run Behavior\BuildLiteBehavior [ RunTime:0.000034s ]
INFO: [ app_init ] --END-- [ RunTime:0.001040s ]

[ 2017-04-28T12:59:02+08:00 ] ::1 /order/index.php
INFO: [ app_init ] --START--
INFO: Run Behavior\BuildLiteBehavior [ RunTime:0.000034s ]
INFO: [ app_init ] --END-- [ RunTime:0.000940s ]
INFO: [ app_begin ] --START--
INFO: Run Behavior\ReadHtmlCacheBehavior [ RunTime:0.001153s ]
INFO: [ app_begin ] --END-- [ RunTime:0.001287s ]
ERR: 1364:Field 'slave' doesn't have a default value
 [ SQL语句 ] : INSERT INTO `menu` (`dishes`,`price`) VALUES ('鱼香肉丝','8.00')
ERR: 1364:Field 'slave' doesn't have a default value
 [ SQL语句 ] : INSERT INTO `menu` (`dishes`,`price`) VALUES ('鱼香肉丝','8.00')

[ 2017-04-28T12:59:06+08:00 ] ::1 /order/index.php/Index/order/
INFO: [ app_init ] --START--
INFO: Run Behavior\BuildLiteBehavior [ RunTime:0.000035s ]
INFO: [ app_init ] --END-- [ RunTime:0.000913s ]

[ 2017-04-28T12:59:07+08:00 ] ::1 /order/index.php
INFO: [ app_init ] --START--
INFO: Run Behavior\BuildLiteBehavior [ RunTime:0.000032s ]
INFO: [ app_init ] --END-- [ RunTime:0.000884s ]
INFO: [ app_begin ] --START--
INFO: Run Behavior\ReadHtmlCacheBehavior [ RunTime:0.005114s ]
INFO: [ app_begin ] --END-- [ RunTime:0.005371s ]
ERR: 1364:Field 'slave' doesn't have a default value
 [ SQL语句 ] : INSERT INTO `menu` (`dishes`,`price`) VALUES ('鱼香肉丝','8.00')
ERR: 1364:Field 'slave' doesn't have a default value
 [ SQL语句 ] : INSERT INTO `menu` (`dishes`,`price`) VALUES ('鱼香肉丝','8.00')

[ 2017-04-28T13:05:50+08:00 ] ::1 /order/index.php/Index/order/
INFO: [ app_init ] --START--
INFO: Run Behavior\BuildLiteBehavior [ RunTime:0.000033s ]
INFO: [ app_init ] --END-- [ RunTime:0.000972s ]

[ 2017-04-28T13:05:51+08:00 ] ::1 /order/index.php
INFO: [ app_init ] --START--
INFO: Run Behavior\BuildLiteBehavior [ RunTime:0.000036s ]
INFO: [ app_init ] --END-- [ RunTime:0.000938s ]
INFO: [ app_begin ] --START--
INFO: Run Behavior\ReadHtmlCacheBehavior [ RunTime:0.001278s ]
INFO: [ app_begin ] --END-- [ RunTime:0.001417s ]
SQL: SELECT * FROM `user` WHERE ( username='hao' AND userpass='hao' )  [ RunTime:0.0022s ]

[ 2017-04-28T13:05:58+08:00 ] ::1 /order/index.php/Index/order/
INFO: [ app_init ] --START--
INFO: Run Behavior\BuildLiteBehavior [ RunTime:0.000033s ]
INFO: [ app_init ] --END-- [ RunTime:0.000959s ]

[ 2017-04-28T13:05:59+08:00 ] ::1 /order/index.php
INFO: [ app_init ] --START--
INFO: Run Behavior\BuildLiteBehavior [ RunTime:0.000036s ]
INFO: [ app_init ] --END-- [ RunTime:0.000999s ]
INFO: [ app_begin ] --START--
INFO: Run Behavior\ReadHtmlCacheBehavior [ RunTime:0.001315s ]
INFO: [ app_begin ] --END-- [ RunTime:0.001465s ]
SQL: SELECT * FROM `user` WHERE ( username='hao' AND userpass='hao' )  [ RunTime:0.0024s ]

[ 2017-04-28T13:06:45+08:00 ] ::1 /order/index.php/Index/order/
INFO: [ app_init ] --START--
INFO: Run Behavior\BuildLiteBehavior [ RunTime:0.000037s ]
INFO: [ app_init ] --END-- [ RunTime:0.005596s ]

[ 2017-04-28T13:06:46+08:00 ] ::1 /order/index.php
INFO: [ app_init ] --START--
INFO: Run Behavior\BuildLiteBehavior [ RunTime:0.000036s ]
INFO: [ app_init ] --END-- [ RunTime:0.000961s ]
INFO: [ app_begin ] --START--
INFO: Run Behavior\ReadHtmlCacheBehavior [ RunTime:0.001212s ]
INFO: [ app_begin ] --END-- [ RunTime:0.001363s ]
ERR: 1364:Field 'slave' doesn't have a default value
 [ SQL语句 ] : INSERT INTO `menu` (`dishes`,`price`) VALUES ('鱼香肉丝','8.00')
ERR: 1364:Field 'slave' doesn't have a default value
 [ SQL语句 ] : INSERT INTO `menu` (`dishes`,`price`) VALUES ('鱼香肉丝','8.00')

[ 2017-04-28T13:06:55+08:00 ] ::1 /order/index.php/Index/order/
INFO: [ app_init ] --START--
INFO: Run Behavior\BuildLiteBehavior [ RunTime:0.000036s ]
INFO: [ app_init ] --END-- [ RunTime:0.000966s ]

[ 2017-04-28T13:06:56+08:00 ] ::1 /order/index.php
INFO: [ app_init ] --START--
INFO: Run Behavior\BuildLiteBehavior [ RunTime:0.000040s ]
INFO: [ app_init ] --END-- [ RunTime:0.001299s ]
INFO: [ app_begin ] --START--
INFO: Run Behavior\ReadHtmlCacheBehavior [ RunTime:0.001529s ]
INFO: [ app_begin ] --END-- [ RunTime:0.001734s ]
ERR: 1364:Field 'slave' doesn't have a default value
 [ SQL语句 ] : INSERT INTO `menu` (`dishes`,`price`) VALUES ('鱼香肉丝','8.00')
ERR: 1364:Field 'slave' doesn't have a default value
 [ SQL语句 ] : INSERT INTO `menu` (`dishes`,`price`) VALUES ('鱼香肉丝','8.00')

[ 2017-04-28T13:27:04+08:00 ] ::1 /order/index.php/Index/order/
INFO: [ app_init ] --START--
INFO: Run Behavior\BuildLiteBehavior [ RunTime:0.000035s ]
INFO: [ app_init ] --END-- [ RunTime:0.001092s ]

[ 2017-04-28T13:27:04+08:00 ] ::1 /order/index.php
INFO: [ app_init ] --START--
INFO: Run Behavior\BuildLiteBehavior [ RunTime:0.000035s ]
INFO: [ app_init ] --END-- [ RunTime:0.000930s ]
INFO: [ app_begin ] --START--
INFO: Run Behavior\ReadHtmlCacheBehavior [ RunTime:0.001630s ]
INFO: [ app_begin ] --END-- [ RunTime:0.001781s ]
SQL: SELECT * FROM `user` WHERE ( username='hao' AND userpass='hao' )  [ RunTime:0.0018s ]

[ 2017-04-28T13:27:12+08:00 ] ::1 /order/index.php/Index/orderManagement/id/1
INFO: [ app_init ] --START--
INFO: Run Behavior\BuildLiteBehavior [ RunTime:0.000044s ]
INFO: [ app_init ] --END-- [ RunTime:0.008038s ]

[ 2017-04-28T13:27:13+08:00 ] ::1 /order/index.php/Index/orderManagement/id/2
INFO: [ app_init ] --START--
INFO: Run Behavior\BuildLiteBehavior [ RunTime:0.000038s ]
INFO: [ app_init ] --END-- [ RunTime:0.000955s ]

[ 2017-04-28T13:27:13+08:00 ] ::1 /order/index.php/Index/orderManagement/id/3
INFO: [ app_init ] --START--
INFO: Run Behavior\BuildLiteBehavior [ RunTime:0.000063s ]
INFO: [ app_init ] --END-- [ RunTime:0.002500s ]

[ 2017-04-28T13:27:16+08:00 ] ::1 /order/index.php/Index/orderManagement/id/3
INFO: [ app_init ] --START--
INFO: Run Behavior\BuildLiteBehavior [ RunTime:0.000032s ]
INFO: [ app_init ] --END-- [ RunTime:0.000855s ]

[ 2017-04-28T13:27:18+08:00 ] ::1 /order/index.php/Index/orderManagement/id/3
INFO: [ app_init ] --START--
INFO: Run Behavior\BuildLiteBehavior [ RunTime:0.000035s ]
INFO: [ app_init ] --END-- [ RunTime:0.001039s ]

[ 2017-04-28T13:31:52+08:00 ] ::1 /order/index.php/Index/orderManagement/id/3
INFO: [ app_init ] --START--
INFO: Run Behavior\BuildLiteBehavior [ RunTime:0.000034s ]
INFO: [ app_init ] --END-- [ RunTime:0.000947s ]

[ 2017-04-28T13:31:53+08:00 ] ::1 /order/index.php/Index/orderManagement/id/2
INFO: [ app_init ] --START--
INFO: Run Behavior\BuildLiteBehavior [ RunTime:0.000047s ]
INFO: [ app_init ] --END-- [ RunTime:0.007289s ]

[ 2017-04-28T13:31:54+08:00 ] ::1 /order/index.php/Index/orderManagement/id/1
INFO: [ app_init ] --START--
INFO: Run Behavior\BuildLiteBehavior [ RunTime:0.000036s ]
INFO: [ app_init ] --END-- [ RunTime:0.000936s ]

[ 2017-04-28T13:38:58+08:00 ] ::1 /order/index.php/Index/login
INFO: [ app_init ] --START--
INFO: Run Behavior\BuildLiteBehavior [ RunTime:0.000045s ]
INFO: [ app_init ] --END-- [ RunTime:0.001183s ]

[ 2017-04-28T14:03:08+08:00 ] ::1 /order/index.php/Index/login
INFO: [ app_init ] --START--
INFO: Run Behavior\BuildLiteBehavior [ RunTime:0.000042s ]
INFO: [ app_init ] --END-- [ RunTime:0.002159s ]

[ 2017-04-28T14:03:34+08:00 ] ::1 /order/index.php/Index/orderManagement/id/1
INFO: [ app_init ] --START--
INFO: Run Behavior\BuildLiteBehavior [ RunTime:0.000035s ]
INFO: [ app_init ] --END-- [ RunTime:0.001010s ]

[ 2017-04-28T14:03:43+08:00 ] ::1 /order/index.php/Index/orderManagement/id/2
INFO: [ app_init ] --START--
INFO: Run Behavior\BuildLiteBehavior [ RunTime:0.000032s ]
INFO: [ app_init ] --END-- [ RunTime:0.000876s ]

[ 2017-04-28T14:03:46+08:00 ] ::1 /order/index.php/Index/orderManagement/id/3
INFO: [ app_init ] --START--
INFO: Run Behavior\BuildLiteBehavior [ RunTime:0.000045s ]
INFO: [ app_init ] --END-- [ RunTime:0.001732s ]

[ 2017-04-28T14:03:52+08:00 ] ::1 /order/index.php/Index/login
INFO: [ app_init ] --START--
INFO: Run Behavior\BuildLiteBehavior [ RunTime:0.000035s ]
INFO: [ app_init ] --END-- [ RunTime:0.001206s ]

[ 2017-04-28T14:04:18+08:00 ] ::1 /order/index.php/Index/login
INFO: [ app_init ] --START--
INFO: Run Behavior\BuildLiteBehavior [ RunTime:0.000032s ]
INFO: [ app_init ] --END-- [ RunTime:0.000967s ]

[ 2017-04-28T14:07:27+08:00 ] ::1 /order/index.php/Index/login
INFO: [ app_init ] --START--
INFO: Run Behavior\BuildLiteBehavior [ RunTime:0.000037s ]
INFO: [ app_init ] --END-- [ RunTime:0.001135s ]

[ 2017-04-28T14:07:35+08:00 ] ::1 /order/index.php/Index/orderManagement/id/1
INFO: [ app_init ] --START--
INFO: Run Behavior\BuildLiteBehavior [ RunTime:0.000033s ]
INFO: [ app_init ] --END-- [ RunTime:0.000881s ]

[ 2017-04-28T14:07:38+08:00 ] ::1 /order/index.php/Index/orderManagement/id/3
INFO: [ app_init ] --START--
INFO: Run Behavior\BuildLiteBehavior [ RunTime:0.000035s ]
INFO: [ app_init ] --END-- [ RunTime:0.000952s ]

[ 2017-04-28T14:08:16+08:00 ] ::1 /order/index.php/Index/login
INFO: [ app_init ] --START--
INFO: Run Behavior\BuildLiteBehavior [ RunTime:0.000031s ]
INFO: [ app_init ] --END-- [ RunTime:0.000821s ]

[ 2017-04-28T14:08:34+08:00 ] ::1 /order/index.php/Index/orderManagement/id/1
INFO: [ app_init ] --START--
INFO: Run Behavior\BuildLiteBehavior [ RunTime:0.000037s ]
INFO: [ app_init ] --END-- [ RunTime:0.003185s ]

[ 2017-04-28T14:08:35+08:00 ] ::1 /order/index.php/Index/orderManagement/id/2
INFO: [ app_init ] --START--
INFO: Run Behavior\BuildLiteBehavior [ RunTime:0.000035s ]
INFO: [ app_init ] --END-- [ RunTime:0.001246s ]

[ 2017-04-28T14:08:36+08:00 ] ::1 /order/index.php/Index/orderManagement/id/3
INFO: [ app_init ] --START--
INFO: Run Behavior\BuildLiteBehavior [ RunTime:0.000036s ]
INFO: [ app_init ] --END-- [ RunTime:0.001012s ]

[ 2017-04-28T14:13:23+08:00 ] ::1 /order/index.php/Index/login
INFO: [ app_init ] --START--
INFO: Run Behavior\BuildLiteBehavior [ RunTime:0.000035s ]
INFO: [ app_init ] --END-- [ RunTime:0.000972s ]

[ 2017-04-28T14:21:00+08:00 ] ::1 /order/index.php/Index/login
INFO: [ app_init ] --START--
INFO: Run Behavior\BuildLiteBehavior [ RunTime:0.000044s ]
INFO: [ app_init ] --END-- [ RunTime:0.001161s ]

[ 2017-04-28T14:21:44+08:00 ] ::1 /order/index.php/Index/login
INFO: [ app_init ] --START--
INFO: Run Behavior\BuildLiteBehavior [ RunTime:0.000035s ]
INFO: [ app_init ] --END-- [ RunTime:0.001040s ]

[ 2017-04-28T14:49:34+08:00 ] ::1 /order/index.php/Index/login
INFO: [ app_init ] --START--
INFO: Run Behavior\BuildLiteBehavior [ RunTime:0.000031s ]
INFO: [ app_init ] --END-- [ RunTime:0.001113s ]

[ 2017-04-28T14:50:10+08:00 ] ::1 /order/index.php/Index/login
INFO: [ app_init ] --START--
INFO: Run Behavior\BuildLiteBehavior [ RunTime:0.000117s ]
INFO: [ app_init ] --END-- [ RunTime:0.003970s ]

[ 2017-04-28T14:51:22+08:00 ] ::1 /order/index.php/Index/login
INFO: [ app_init ] --START--
INFO: Run Behavior\BuildLiteBehavior [ RunTime:0.000032s ]
INFO: [ app_init ] --END-- [ RunTime:0.000899s ]

[ 2017-04-28T14:55:21+08:00 ] ::1 /order/index.php/Index/login
INFO: [ app_init ] --START--
INFO: Run Behavior\BuildLiteBehavior [ RunTime:0.000038s ]
INFO: [ app_init ] --END-- [ RunTime:0.001281s ]

[ 2017-04-28T14:56:49+08:00 ] ::1 /order/index.php/Index/orderManagement/id/1
INFO: [ app_init ] --START--
INFO: Run Behavior\BuildLiteBehavior [ RunTime:0.000032s ]
INFO: [ app_init ] --END-- [ RunTime:0.001197s ]

[ 2017-04-28T14:56:50+08:00 ] ::1 /order/index.php/Index/orderManagement/id/2
INFO: [ app_init ] --START--
INFO: Run Behavior\BuildLiteBehavior [ RunTime:0.000033s ]
INFO: [ app_init ] --END-- [ RunTime:0.000961s ]

[ 2017-04-28T14:56:50+08:00 ] ::1 /order/index.php/Index/orderManagement/id/3
INFO: [ app_init ] --START--
INFO: Run Behavior\BuildLiteBehavior [ RunTime:0.000036s ]
INFO: [ app_init ] --END-- [ RunTime:0.001226s ]

[ 2017-04-28T14:57:39+08:00 ] ::1 /order/index.php/Index/login
INFO: [ app_init ] --START--
INFO: Run Behavior\BuildLiteBehavior [ RunTime:0.000034s ]
INFO: [ app_init ] --END-- [ RunTime:0.001708s ]

[ 2017-04-28T14:58:53+08:00 ] ::1 /order/index.php/Index/login
INFO: [ app_init ] --START--
INFO: Run Behavior\BuildLiteBehavior [ RunTime:0.000032s ]
INFO: [ app_init ] --END-- [ RunTime:0.001045s ]

[ 2017-04-28T14:58:59+08:00 ] ::1 /order/index.php/Index/login
INFO: [ app_init ] --START--
INFO: Run Behavior\BuildLiteBehavior [ RunTime:0.000038s ]
INFO: [ app_init ] --END-- [ RunTime:0.001027s ]

[ 2017-04-28T14:59:01+08:00 ] ::1 /order/index.php/Index/login
INFO: [ app_init ] --START--
INFO: Run Behavior\BuildLiteBehavior [ RunTime:0.000039s ]
INFO: [ app_init ] --END-- [ RunTime:0.001110s ]

[ 2017-04-28T15:03:48+08:00 ] ::1 /order/index.php/Index/login
INFO: [ app_init ] --START--
INFO: Run Behavior\BuildLiteBehavior [ RunTime:0.000034s ]
INFO: [ app_init ] --END-- [ RunTime:0.000967s ]

[ 2017-04-28T15:04:11+08:00 ] ::1 /order/index.php/Index/login
INFO: [ app_init ] --START--
INFO: Run Behavior\BuildLiteBehavior [ RunTime:0.000033s ]
INFO: [ app_init ] --END-- [ RunTime:0.000943s ]

[ 2017-04-28T15:04:46+08:00 ] ::1 /order/index.php/Index/login
INFO: [ app_init ] --START--
INFO: Run Behavior\BuildLiteBehavior [ RunTime:0.000052s ]
INFO: [ app_init ] --END-- [ RunTime:0.001024s ]

[ 2017-04-28T15:06:04+08:00 ] ::1 /order/index.php/Index/login
INFO: [ app_init ] --START--
INFO: Run Behavior\BuildLiteBehavior [ RunTime:0.000031s ]
INFO: [ app_init ] --END-- [ RunTime:0.000802s ]

[ 2017-04-28T15:06:17+08:00 ] ::1 /order/index.php/Index/orderManagement/id/1
INFO: [ app_init ] --START--
INFO: Run Behavior\BuildLiteBehavior [ RunTime:0.000035s ]
INFO: [ app_init ] --END-- [ RunTime:0.001291s ]

[ 2017-04-28T15:06:18+08:00 ] ::1 /order/index.php/Index/orderManagement/id/2
INFO: [ app_init ] --START--
INFO: Run Behavior\BuildLiteBehavior [ RunTime:0.000037s ]
INFO: [ app_init ] --END-- [ RunTime:0.001244s ]

[ 2017-04-28T15:06:19+08:00 ] ::1 /order/index.php/Index/orderManagement/id/3
INFO: [ app_init ] --START--
INFO: Run Behavior\BuildLiteBehavior [ RunTime:0.000033s ]
INFO: [ app_init ] --END-- [ RunTime:0.000875s ]

[ 2017-04-28T15:07:03+08:00 ] ::1 /order/index.php/Index/login
INFO: [ app_init ] --START--
INFO: Run Behavior\BuildLiteBehavior [ RunTime:0.000038s ]
INFO: [ app_init ] --END-- [ RunTime:0.001036s ]

[ 2017-04-28T15:07:07+08:00 ] ::1 /order/index.php/Index/orderManagement/id/1
INFO: [ app_init ] --START--
INFO: Run Behavior\BuildLiteBehavior [ RunTime:0.000038s ]
INFO: [ app_init ] --END-- [ RunTime:0.001062s ]

[ 2017-04-28T15:07:08+08:00 ] ::1 /order/index.php/Index/orderManagement/id/2
INFO: [ app_init ] --START--
INFO: Run Behavior\BuildLiteBehavior [ RunTime:0.000032s ]
INFO: [ app_init ] --END-- [ RunTime:0.000832s ]

[ 2017-04-28T15:07:09+08:00 ] ::1 /order/index.php/Index/orderManagement/id/3
INFO: [ app_init ] --START--
INFO: Run Behavior\BuildLiteBehavior [ RunTime:0.000031s ]
INFO: [ app_init ] --END-- [ RunTime:0.000917s ]

[ 2017-04-28T15:07:54+08:00 ] ::1 /order/index.php/Index/login
INFO: [ app_init ] --START--
INFO: Run Behavior\BuildLiteBehavior [ RunTime:0.000038s ]
INFO: [ app_init ] --END-- [ RunTime:0.001079s ]

[ 2017-04-28T15:08:41+08:00 ] ::1 /order/index.php/Index/login
INFO: [ app_init ] --START--
INFO: Run Behavior\BuildLiteBehavior [ RunTime:0.000044s ]
INFO: [ app_init ] --END-- [ RunTime:0.001155s ]

[ 2017-04-28T15:08:59+08:00 ] ::1 /order/index.php/Index/login
INFO: [ app_init ] --START--
INFO: Run Behavior\BuildLiteBehavior [ RunTime:0.000036s ]
INFO: [ app_init ] --END-- [ RunTime:0.001014s ]

[ 2017-04-28T15:09:03+08:00 ] ::1 /order/index.php/Index/orderManagement/id/1
INFO: [ app_init ] --START--
INFO: Run Behavior\BuildLiteBehavior [ RunTime:0.000037s ]
INFO: [ app_init ] --END-- [ RunTime:0.001048s ]

[ 2017-04-28T15:09:24+08:00 ] ::1 /order/index.php/Index/login
INFO: [ app_init ] --START--
INFO: Run Behavior\BuildLiteBehavior [ RunTime:0.000048s ]
INFO: [ app_init ] --END-- [ RunTime:0.001046s ]

[ 2017-04-28T15:11:27+08:00 ] ::1 /order/index.php/Index/login
INFO: [ app_init ] --START--
INFO: Run Behavior\BuildLiteBehavior [ RunTime:0.000036s ]
INFO: [ app_init ] --END-- [ RunTime:0.010631s ]

[ 2017-04-28T15:11:37+08:00 ] ::1 /order/index.php/Index/login
INFO: [ app_init ] --START--
INFO: Run Behavior\BuildLiteBehavior [ RunTime:0.000034s ]
INFO: [ app_init ] --END-- [ RunTime:0.000895s ]

[ 2017-04-28T15:11:58+08:00 ] ::1 /order/index.php/Index/login
INFO: [ app_init ] --START--
INFO: Run Behavior\BuildLiteBehavior [ RunTime:0.000039s ]
INFO: [ app_init ] --END-- [ RunTime:0.001492s ]

[ 2017-04-28T15:12:02+08:00 ] ::1 /order/index.php/Index/orderManagement/id/1
INFO: [ app_init ] --START--
INFO: Run Behavior\BuildLiteBehavior [ RunTime:0.000038s ]
INFO: [ app_init ] --END-- [ RunTime:0.013503s ]

[ 2017-04-28T15:12:02+08:00 ] ::1 /order/index.php/Index/orderManagement/id/2
INFO: [ app_init ] --START--
INFO: Run Behavior\BuildLiteBehavior [ RunTime:0.000035s ]
INFO: [ app_init ] --END-- [ RunTime:0.000914s ]

[ 2017-04-28T15:12:03+08:00 ] ::1 /order/index.php/Index/orderManagement/id/3
INFO: [ app_init ] --START--
INFO: Run Behavior\BuildLiteBehavior [ RunTime:0.000035s ]
INFO: [ app_init ] --END-- [ RunTime:0.000940s ]

[ 2017-04-28T15:12:09+08:00 ] ::1 /order/index.php/Index/orderManagement/id/1
INFO: [ app_init ] --START--
INFO: Run Behavior\BuildLiteBehavior [ RunTime:0.000032s ]
INFO: [ app_init ] --END-- [ RunTime:0.000939s ]

[ 2017-04-28T15:12:09+08:00 ] ::1 /order/index.php/Index/orderManagement/id/2
INFO: [ app_init ] --START--
INFO: Run Behavior\BuildLiteBehavior [ RunTime:0.000032s ]
INFO: [ app_init ] --END-- [ RunTime:0.000860s ]

[ 2017-04-28T15:12:09+08:00 ] ::1 /order/index.php/Index/orderManagement/id/3
INFO: [ app_init ] --START--
INFO: Run Behavior\BuildLiteBehavior [ RunTime:0.000032s ]
INFO: [ app_init ] --END-- [ RunTime:0.000887s ]

[ 2017-04-28T15:12:11+08:00 ] ::1 /order/index.php/Index/orderManagement/id/2
INFO: [ app_init ] --START--
INFO: Run Behavior\BuildLiteBehavior [ RunTime:0.000033s ]
INFO: [ app_init ] --END-- [ RunTime:0.001129s ]

[ 2017-04-28T15:12:12+08:00 ] ::1 /order/index.php/Index/orderManagement/id/1
INFO: [ app_init ] --START--
INFO: Run Behavior\BuildLiteBehavior [ RunTime:0.000031s ]
INFO: [ app_init ] --END-- [ RunTime:0.000821s ]

[ 2017-04-28T15:13:05+08:00 ] ::1 /order/index.php/Index/login
INFO: [ app_init ] --START--
INFO: Run Behavior\BuildLiteBehavior [ RunTime:0.000159s ]
INFO: [ app_init ] --END-- [ RunTime:0.001150s ]

[ 2017-04-28T15:13:09+08:00 ] ::1 /order/index.php/Index/orderManagement/id/1
INFO: [ app_init ] --START--
INFO: Run Behavior\BuildLiteBehavior [ RunTime:0.000035s ]
INFO: [ app_init ] --END-- [ RunTime:0.001043s ]

[ 2017-04-28T15:13:09+08:00 ] ::1 /order/index.php/Index/orderManagement/id/2
INFO: [ app_init ] --START--
INFO: Run Behavior\BuildLiteBehavior [ RunTime:0.000034s ]
INFO: [ app_init ] --END-- [ RunTime:0.001681s ]

[ 2017-04-28T15:13:10+08:00 ] ::1 /order/index.php/Index/orderManagement/id/3
INFO: [ app_init ] --START--
INFO: Run Behavior\BuildLiteBehavior [ RunTime:0.000033s ]
INFO: [ app_init ] --END-- [ RunTime:0.000879s ]

[ 2017-04-28T15:13:11+08:00 ] ::1 /order/index.php/Index/orderManagement/id/1
INFO: [ app_init ] --START--
INFO: Run Behavior\BuildLiteBehavior [ RunTime:0.000035s ]
INFO: [ app_init ] --END-- [ RunTime:0.001001s ]

[ 2017-04-28T15:16:43+08:00 ] ::1 /order/index.php/Index/login
INFO: [ app_init ] --START--
INFO: Run Behavior\BuildLiteBehavior [ RunTime:0.000032s ]
INFO: [ app_init ] --END-- [ RunTime:0.000925s ]

[ 2017-04-28T15:16:49+08:00 ] ::1 /order/index.php/Index/login
INFO: [ app_init ] --START--
INFO: Run Behavior\BuildLiteBehavior [ RunTime:0.000032s ]
INFO: [ app_init ] --END-- [ RunTime:0.000903s ]

[ 2017-04-28T15:16:54+08:00 ] ::1 /order/index.php/Index/orderManagement/id/1
INFO: [ app_init ] --START--
INFO: Run Behavior\BuildLiteBehavior [ RunTime:0.000034s ]
INFO: [ app_init ] --END-- [ RunTime:0.000916s ]

[ 2017-04-28T15:16:55+08:00 ] ::1 /order/index.php/Index/orderManagement/id/2
INFO: [ app_init ] --START--
INFO: Run Behavior\BuildLiteBehavior [ RunTime:0.000032s ]
INFO: [ app_init ] --END-- [ RunTime:0.000873s ]

[ 2017-04-28T15:16:55+08:00 ] ::1 /order/index.php/Index/orderManagement/id/3
INFO: [ app_init ] --START--
INFO: Run Behavior\BuildLiteBehavior [ RunTime:0.000034s ]
INFO: [ app_init ] --END-- [ RunTime:0.001183s ]

[ 2017-04-28T15:17:48+08:00 ] ::1 /order/index.php/Index/login
INFO: [ app_init ] --START--
INFO: Run Behavior\BuildLiteBehavior [ RunTime:0.000035s ]
INFO: [ app_init ] --END-- [ RunTime:0.002347s ]

[ 2017-04-28T15:17:52+08:00 ] ::1 /order/index.php/Index/orderManagement/id/1
INFO: [ app_init ] --START--
INFO: Run Behavior\BuildLiteBehavior [ RunTime:0.000043s ]
INFO: [ app_init ] --END-- [ RunTime:0.001012s ]

[ 2017-04-28T15:17:52+08:00 ] ::1 /order/index.php/Index/orderManagement/id/2
INFO: [ app_init ] --START--
INFO: Run Behavior\BuildLiteBehavior [ RunTime:0.000032s ]
INFO: [ app_init ] --END-- [ RunTime:0.000936s ]

[ 2017-04-28T15:17:53+08:00 ] ::1 /order/index.php/Index/orderManagement/id/3
INFO: [ app_init ] --START--
INFO: Run Behavior\BuildLiteBehavior [ RunTime:0.000035s ]
INFO: [ app_init ] --END-- [ RunTime:0.001593s ]

[ 2017-04-28T15:17:57+08:00 ] ::1 /order/index.php/Index/login
INFO: [ app_init ] --START--
INFO: Run Behavior\BuildLiteBehavior [ RunTime:0.000033s ]
INFO: [ app_init ] --END-- [ RunTime:0.000918s ]

[ 2017-04-28T15:19:24+08:00 ] ::1 /order/index.php/Index/login
INFO: [ app_init ] --START--
INFO: Run Behavior\BuildLiteBehavior [ RunTime:0.000032s ]
INFO: [ app_init ] --END-- [ RunTime:0.000967s ]

[ 2017-04-28T15:19:29+08:00 ] ::1 /order/index.php/Index/orderManagement/id/2
INFO: [ app_init ] --START--
INFO: Run Behavior\BuildLiteBehavior [ RunTime:0.000032s ]
INFO: [ app_init ] --END-- [ RunTime:0.000873s ]

[ 2017-04-28T15:19:30+08:00 ] ::1 /order/index.php/Index/orderManagement/id/3
INFO: [ app_init ] --START--
INFO: Run Behavior\BuildLiteBehavior [ RunTime:0.000034s ]
INFO: [ app_init ] --END-- [ RunTime:0.001006s ]

[ 2017-04-28T15:21:23+08:00 ] ::1 /order/index.php/Index/login
INFO: [ app_init ] --START--
INFO: Run Behavior\BuildLiteBehavior [ RunTime:0.000058s ]
INFO: [ app_init ] --END-- [ RunTime:0.001016s ]

[ 2017-04-28T15:22:05+08:00 ] ::1 /order/index.php/Index/login
INFO: [ app_init ] --START--
INFO: Run Behavior\BuildLiteBehavior [ RunTime:0.000034s ]
INFO: [ app_init ] --END-- [ RunTime:0.000970s ]

[ 2017-04-28T15:22:36+08:00 ] ::1 /order/index.php/Index/login
INFO: [ app_init ] --START--
INFO: Run Behavior\BuildLiteBehavior [ RunTime:0.000035s ]
INFO: [ app_init ] --END-- [ RunTime:0.002880s ]

[ 2017-04-28T15:23:41+08:00 ] ::1 /order/index.php/Index/login
INFO: [ app_init ] --START--
INFO: Run Behavior\BuildLiteBehavior [ RunTime:0.000036s ]
INFO: [ app_init ] --END-- [ RunTime:0.001058s ]

[ 2017-04-28T15:24:22+08:00 ] ::1 /order/index.php/Index/login
INFO: [ app_init ] --START--
INFO: Run Behavior\BuildLiteBehavior [ RunTime:0.000036s ]
INFO: [ app_init ] --END-- [ RunTime:0.001188s ]

[ 2017-04-28T15:24:30+08:00 ] ::1 /order/index.php/Index/login
INFO: [ app_init ] --START--
INFO: Run Behavior\BuildLiteBehavior [ RunTime:0.000036s ]
INFO: [ app_init ] --END-- [ RunTime:0.001433s ]

[ 2017-04-28T15:27:47+08:00 ] ::1 /order/index.php/Index/login
INFO: [ app_init ] --START--
INFO: Run Behavior\BuildLiteBehavior [ RunTime:0.000062s ]
INFO: [ app_init ] --END-- [ RunTime:0.002842s ]

[ 2017-04-28T15:28:00+08:00 ] ::1 /order/index.php/Index/login
INFO: [ app_init ] --START--
INFO: Run Behavior\BuildLiteBehavior [ RunTime:0.000067s ]
INFO: [ app_init ] --END-- [ RunTime:0.002665s ]

[ 2017-04-28T15:28:07+08:00 ] ::1 /order/index.php/Index/orderManagement/id/1
INFO: [ app_init ] --START--
INFO: Run Behavior\BuildLiteBehavior [ RunTime:0.000036s ]
INFO: [ app_init ] --END-- [ RunTime:0.001392s ]

[ 2017-04-28T15:31:25+08:00 ] ::1 /order/index.php/Index/login
INFO: [ app_init ] --START--
INFO: Run Behavior\BuildLiteBehavior [ RunTime:0.000037s ]
INFO: [ app_init ] --END-- [ RunTime:0.001703s ]

[ 2017-04-28T15:31:34+08:00 ] ::1 /order/index.php/Index/orderManagement/id/2
INFO: [ app_init ] --START--
INFO: Run Behavior\BuildLiteBehavior [ RunTime:0.000039s ]
INFO: [ app_init ] --END-- [ RunTime:0.001135s ]

[ 2017-04-28T15:32:26+08:00 ] ::1 /order/index.php/Index/login
INFO: [ app_init ] --START--
INFO: Run Behavior\BuildLiteBehavior [ RunTime:0.000041s ]
INFO: [ app_init ] --END-- [ RunTime:0.001217s ]

[ 2017-04-28T15:32:37+08:00 ] ::1 /order/index.php/Index/orderManagement/id/1
INFO: [ app_init ] --START--
INFO: Run Behavior\BuildLiteBehavior [ RunTime:0.000037s ]
INFO: [ app_init ] --END-- [ RunTime:0.001450s ]

[ 2017-04-28T15:32:37+08:00 ] ::1 /order/index.php/Index/orderManagement/id/2
INFO: [ app_init ] --START--
INFO: Run Behavior\BuildLiteBehavior [ RunTime:0.000034s ]
INFO: [ app_init ] --END-- [ RunTime:0.001021s ]

[ 2017-04-28T15:32:37+08:00 ] ::1 /order/index.php/Index/orderManagement/id/3
INFO: [ app_init ] --START--
INFO: Run Behavior\BuildLiteBehavior [ RunTime:0.000035s ]
INFO: [ app_init ] --END-- [ RunTime:0.001379s ]

[ 2017-04-28T15:41:57+08:00 ] ::1 /order/index.php/Index/login
INFO: [ app_init ] --START--
INFO: Run Behavior\BuildLiteBehavior [ RunTime:0.000070s ]
INFO: [ app_init ] --END-- [ RunTime:0.006290s ]

[ 2017-04-28T15:42:02+08:00 ] ::1 /order/index.php/Index/orderManagement/id/1
INFO: [ app_init ] --START--
INFO: Run Behavior\BuildLiteBehavior [ RunTime:0.000097s ]
INFO: [ app_init ] --END-- [ RunTime:0.004856s ]

[ 2017-04-28T15:42:02+08:00 ] ::1 /order/index.php/Index/orderManagement/id/2
INFO: [ app_init ] --START--
INFO: Run Behavior\BuildLiteBehavior [ RunTime:0.000048s ]
INFO: [ app_init ] --END-- [ RunTime:0.001158s ]

[ 2017-04-28T15:42:02+08:00 ] ::1 /order/index.php/Index/orderManagement/id/3
INFO: [ app_init ] --START--
INFO: Run Behavior\BuildLiteBehavior [ RunTime:0.000034s ]
INFO: [ app_init ] --END-- [ RunTime:0.000930s ]

[ 2017-04-28T15:42:06+08:00 ] ::1 /order/index.php/Index/login
INFO: [ app_init ] --START--
INFO: Run Behavior\BuildLiteBehavior [ RunTime:0.000035s ]
INFO: [ app_init ] --END-- [ RunTime:0.001029s ]

[ 2017-04-28T15:46:47+08:00 ] ::1 /order/index.php/Index/login
INFO: [ app_init ] --START--
INFO: Run Behavior\BuildLiteBehavior [ RunTime:0.000035s ]
INFO: [ app_init ] --END-- [ RunTime:0.004416s ]

[ 2017-04-28T15:50:11+08:00 ] ::1 /order/index.php/Index/login
INFO: [ app_init ] --START--
INFO: Run Behavior\BuildLiteBehavior [ RunTime:0.000035s ]
INFO: [ app_init ] --END-- [ RunTime:0.001781s ]

[ 2017-04-28T15:51:47+08:00 ] ::1 /order/index.php/Index/login
INFO: [ app_init ] --START--
INFO: Run Behavior\BuildLiteBehavior [ RunTime:0.000035s ]
INFO: [ app_init ] --END-- [ RunTime:0.009818s ]

[ 2017-04-28T15:51:52+08:00 ] ::1 /order/index.php/Index/login
INFO: [ app_init ] --START--
INFO: Run Behavior\BuildLiteBehavior [ RunTime:0.000033s ]
INFO: [ app_init ] --END-- [ RunTime:0.000929s ]

[ 2017-04-28T15:52:34+08:00 ] ::1 /order/index.php/Index/login
INFO: [ app_init ] --START--
INFO: Run Behavior\BuildLiteBehavior [ RunTime:0.000034s ]
INFO: [ app_init ] --END-- [ RunTime:0.000991s ]

[ 2017-04-28T15:54:33+08:00 ] ::1 /order/index.php/Index/login
INFO: [ app_init ] --START--
INFO: Run Behavior\BuildLiteBehavior [ RunTime:0.000034s ]
INFO: [ app_init ] --END-- [ RunTime:0.001181s ]

[ 2017-04-28T15:56:25+08:00 ] ::1 /order/index.php/Index/login
INFO: [ app_init ] --START--
INFO: Run Behavior\BuildLiteBehavior [ RunTime:0.000041s ]
INFO: [ app_init ] --END-- [ RunTime:0.002536s ]

[ 2017-04-28T15:56:32+08:00 ] ::1 /order/index.php/Index/orderManagement/id/2
INFO: [ app_init ] --START--
INFO: Run Behavior\BuildLiteBehavior [ RunTime:0.000033s ]
INFO: [ app_init ] --END-- [ RunTime:0.001615s ]

[ 2017-04-28T15:56:35+08:00 ] ::1 /order/index.php/Index/orderManagement/id/2
INFO: [ app_init ] --START--
INFO: Run Behavior\BuildLiteBehavior [ RunTime:0.000031s ]
INFO: [ app_init ] --END-- [ RunTime:0.000819s ]

[ 2017-04-28T15:56:37+08:00 ] ::1 /order/index.php/Index/orderManagement/id/3
INFO: [ app_init ] --START--
INFO: Run Behavior\BuildLiteBehavior [ RunTime:0.000080s ]
INFO: [ app_init ] --END-- [ RunTime:0.001531s ]

[ 2017-04-28T15:56:39+08:00 ] ::1 /order/index.php/Index/orderManagement/id/1
INFO: [ app_init ] --START--
INFO: Run Behavior\BuildLiteBehavior [ RunTime:0.000033s ]
INFO: [ app_init ] --END-- [ RunTime:0.000905s ]

[ 2017-04-28T15:56:41+08:00 ] ::1 /order/index.php/Index/orderManagement/id/2
INFO: [ app_init ] --START--
INFO: Run Behavior\BuildLiteBehavior [ RunTime:0.000033s ]
INFO: [ app_init ] --END-- [ RunTime:0.000915s ]

[ 2017-04-28T15:56:44+08:00 ] ::1 /order/index.php/Index/orderManagement/id/3
INFO: [ app_init ] --START--
INFO: Run Behavior\BuildLiteBehavior [ RunTime:0.000066s ]
INFO: [ app_init ] --END-- [ RunTime:0.003863s ]

[ 2017-04-28T15:59:41+08:00 ] ::1 /order/index.php/Index/login
INFO: [ app_init ] --START--
INFO: Run Behavior\BuildLiteBehavior [ RunTime:0.000038s ]
INFO: [ app_init ] --END-- [ RunTime:0.001080s ]

[ 2017-04-28T16:00:05+08:00 ] ::1 /order/index.php/Index/login
INFO: [ app_init ] --START--
INFO: Run Behavior\BuildLiteBehavior [ RunTime:0.000041s ]
INFO: [ app_init ] --END-- [ RunTime:0.007816s ]

[ 2017-04-28T16:00:10+08:00 ] ::1 /order/index.php/Index/orderManagement/id/2
INFO: [ app_init ] --START--
INFO: Run Behavior\BuildLiteBehavior [ RunTime:0.000033s ]
INFO: [ app_init ] --END-- [ RunTime:0.000907s ]

[ 2017-04-28T16:00:11+08:00 ] ::1 /order/index.php/Index/orderManagement/id/3
INFO: [ app_init ] --START--
INFO: Run Behavior\BuildLiteBehavior [ RunTime:0.000038s ]
INFO: [ app_init ] --END-- [ RunTime:0.000909s ]

[ 2017-04-28T16:00:14+08:00 ] ::1 /order/index.php/Index/orderManagement/id/1
INFO: [ app_init ] --START--
INFO: Run Behavior\BuildLiteBehavior [ RunTime:0.000031s ]
INFO: [ app_init ] --END-- [ RunTime:0.000871s ]

[ 2017-04-28T16:00:18+08:00 ] ::1 /order/index.php/Index/orderManagement/id/2
INFO: [ app_init ] --START--
INFO: Run Behavior\BuildLiteBehavior [ RunTime:0.000036s ]
INFO: [ app_init ] --END-- [ RunTime:0.001203s ]

[ 2017-04-28T16:00:20+08:00 ] ::1 /order/index.php/Index/orderManagement/id/2
INFO: [ app_init ] --START--
INFO: Run Behavior\BuildLiteBehavior [ RunTime:0.000038s ]
INFO: [ app_init ] --END-- [ RunTime:0.000907s ]

[ 2017-04-28T16:00:24+08:00 ] ::1 /order/index.php/Index/orderManagement/id/2
INFO: [ app_init ] --START--
INFO: Run Behavior\BuildLiteBehavior [ RunTime:0.000037s ]
INFO: [ app_init ] --END-- [ RunTime:0.001243s ]

[ 2017-04-28T16:04:59+08:00 ] ::1 /order/index.php/Index/login
INFO: [ app_init ] --START--
INFO: Run Behavior\BuildLiteBehavior [ RunTime:0.000031s ]
INFO: [ app_init ] --END-- [ RunTime:0.000911s ]

[ 2017-04-28T16:08:57+08:00 ] ::1 /order/index.php/Index/login
INFO: [ app_init ] --START--
INFO: Run Behavior\BuildLiteBehavior [ RunTime:0.000039s ]
INFO: [ app_init ] --END-- [ RunTime:0.017402s ]

[ 2017-04-28T16:09:05+08:00 ] ::1 /order/index.php/Index/login
INFO: [ app_init ] --START--
INFO: Run Behavior\BuildLiteBehavior [ RunTime:0.000093s ]
INFO: [ app_init ] --END-- [ RunTime:0.001040s ]

[ 2017-04-28T16:10:04+08:00 ] ::1 /order/index.php/Index/login
INFO: [ app_init ] --START--
INFO: Run Behavior\BuildLiteBehavior [ RunTime:0.000033s ]
INFO: [ app_init ] --END-- [ RunTime:0.000911s ]

[ 2017-04-28T16:12:02+08:00 ] ::1 /order/index.php/Index/login
INFO: [ app_init ] --START--
INFO: Run Behavior\BuildLiteBehavior [ RunTime:0.000048s ]
INFO: [ app_init ] --END-- [ RunTime:0.033592s ]

[ 2017-04-28T16:13:55+08:00 ] ::1 /order/index.php/Index/login
INFO: [ app_init ] --START--
INFO: Run Behavior\BuildLiteBehavior [ RunTime:0.000035s ]
INFO: [ app_init ] --END-- [ RunTime:0.001028s ]

[ 2017-04-28T16:15:36+08:00 ] ::1 /order/index.php/Index/login
INFO: [ app_init ] --START--
INFO: Run Behavior\BuildLiteBehavior [ RunTime:0.000030s ]
INFO: [ app_init ] --END-- [ RunTime:0.005081s ]

[ 2017-04-28T16:16:19+08:00 ] ::1 /order/index.php/Index/login
INFO: [ app_init ] --START--
INFO: Run Behavior\BuildLiteBehavior [ RunTime:0.000036s ]
INFO: [ app_init ] --END-- [ RunTime:0.001025s ]

[ 2017-04-28T16:18:22+08:00 ] ::1 /order/index.php/Index/login
INFO: [ app_init ] --START--
INFO: Run Behavior\BuildLiteBehavior [ RunTime:0.000043s ]
INFO: [ app_init ] --END-- [ RunTime:0.019213s ]

[ 2017-04-28T16:19:26+08:00 ] ::1 /order/index.php/Index/login
INFO: [ app_init ] --START--
INFO: Run Behavior\BuildLiteBehavior [ RunTime:0.000039s ]
INFO: [ app_init ] --END-- [ RunTime:0.020526s ]

[ 2017-04-28T16:19:34+08:00 ] ::1 /order/index.php/Index/login
INFO: [ app_init ] --START--
INFO: Run Behavior\BuildLiteBehavior [ RunTime:0.000037s ]
INFO: [ app_init ] --END-- [ RunTime:0.001102s ]

[ 2017-04-28T16:19:36+08:00 ] ::1 /order/index.php/Index/login
INFO: [ app_init ] --START--
INFO: Run Behavior\BuildLiteBehavior [ RunTime:0.000041s ]
INFO: [ app_init ] --END-- [ RunTime:0.001595s ]

[ 2017-04-28T16:20:51+08:00 ] ::1 /order/index.php/Index/login
INFO: [ app_init ] --START--
INFO: Run Behavior\BuildLiteBehavior [ RunTime:0.000040s ]
INFO: [ app_init ] --END-- [ RunTime:0.003672s ]

[ 2017-04-28T16:23:57+08:00 ] ::1 /order/index.php/Index/login
INFO: [ app_init ] --START--
INFO: Run Behavior\BuildLiteBehavior [ RunTime:0.000032s ]
INFO: [ app_init ] --END-- [ RunTime:0.000920s ]

[ 2017-04-28T16:24:30+08:00 ] ::1 /order/index.php/Index/login
INFO: [ app_init ] --START--
INFO: Run Behavior\BuildLiteBehavior [ RunTime:0.000032s ]
INFO: [ app_init ] --END-- [ RunTime:0.000973s ]

[ 2017-04-28T16:24:56+08:00 ] ::1 /order/index.php/Index/login
INFO: [ app_init ] --START--
INFO: Run Behavior\BuildLiteBehavior [ RunTime:0.000037s ]
INFO: [ app_init ] --END-- [ RunTime:0.002628s ]

[ 2017-04-28T16:25:07+08:00 ] ::1 /order/index.php/Index/orderManagement/id/2
INFO: [ app_init ] --START--
INFO: Run Behavior\BuildLiteBehavior [ RunTime:0.000036s ]
INFO: [ app_init ] --END-- [ RunTime:0.004289s ]

[ 2017-04-28T16:27:14+08:00 ] ::1 /order/index.php/Index/login
INFO: [ app_init ] --START--
INFO: Run Behavior\BuildLiteBehavior [ RunTime:0.000038s ]
INFO: [ app_init ] --END-- [ RunTime:0.001168s ]

[ 2017-04-28T16:27:19+08:00 ] ::1 /order/index.php/Index/orderManagement/id/3
INFO: [ app_init ] --START--
INFO: Run Behavior\BuildLiteBehavior [ RunTime:0.000057s ]
INFO: [ app_init ] --END-- [ RunTime:0.001692s ]

[ 2017-04-28T16:30:14+08:00 ] ::1 /order/index.php/Index/login
INFO: [ app_init ] --START--
INFO: Run Behavior\BuildLiteBehavior [ RunTime:0.000034s ]
INFO: [ app_init ] --END-- [ RunTime:0.001297s ]

[ 2017-04-28T16:30:18+08:00 ] ::1 /order/index.php/Index/orderManagement/id/2
INFO: [ app_init ] --START--
INFO: Run Behavior\BuildLiteBehavior [ RunTime:0.000031s ]
INFO: [ app_init ] --END-- [ RunTime:0.000878s ]

[ 2017-04-28T16:30:19+08:00 ] ::1 /order/index.php/Index/orderManagement/id/1
INFO: [ app_init ] --START--
INFO: Run Behavior\BuildLiteBehavior [ RunTime:0.000031s ]
INFO: [ app_init ] --END-- [ RunTime:0.000842s ]

[ 2017-04-28T16:30:20+08:00 ] ::1 /order/index.php/Index/orderManagement/id/2
INFO: [ app_init ] --START--
INFO: Run Behavior\BuildLiteBehavior [ RunTime:0.000034s ]
INFO: [ app_init ] --END-- [ RunTime:0.000887s ]

[ 2017-04-28T16:30:21+08:00 ] ::1 /order/index.php/Index/orderManagement/id/3
INFO: [ app_init ] --START--
INFO: Run Behavior\BuildLiteBehavior [ RunTime:0.000031s ]
INFO: [ app_init ] --END-- [ RunTime:0.000868s ]

[ 2017-04-28T16:30:30+08:00 ] ::1 /order/index.php/Index/login
INFO: [ app_init ] --START--
INFO: Run Behavior\BuildLiteBehavior [ RunTime:0.000030s ]
INFO: [ app_init ] --END-- [ RunTime:0.000879s ]

[ 2017-04-28T16:30:35+08:00 ] ::1 /order/index.php/Index/orderManagement/id/2
INFO: [ app_init ] --START--
INFO: Run Behavior\BuildLiteBehavior [ RunTime:0.000033s ]
INFO: [ app_init ] --END-- [ RunTime:0.000949s ]

[ 2017-04-28T16:30:36+08:00 ] ::1 /order/index.php/Index/orderManagement/id/3
INFO: [ app_init ] --START--
INFO: Run Behavior\BuildLiteBehavior [ RunTime:0.000032s ]
INFO: [ app_init ] --END-- [ RunTime:0.000941s ]

[ 2017-04-28T16:50:00+08:00 ] ::1 /order/index.php/Index/order/
INFO: [ app_init ] --START--
INFO: Run Behavior\BuildLiteBehavior [ RunTime:0.000040s ]
INFO: [ app_init ] --END-- [ RunTime:0.024505s ]

[ 2017-04-28T16:51:00+08:00 ] ::1 /order/index.php/Index/order/
INFO: [ app_init ] --START--
INFO: Run Behavior\BuildLiteBehavior [ RunTime:0.000052s ]
INFO: [ app_init ] --END-- [ RunTime:0.001471s ]

[ 2017-04-28T16:51:15+08:00 ] ::1 /order/index.php/Index/order/
INFO: [ app_init ] --START--
INFO: Run Behavior\BuildLiteBehavior [ RunTime:0.000037s ]
INFO: [ app_init ] --END-- [ RunTime:0.001143s ]

[ 2017-04-28T16:56:53+08:00 ] ::1 /order/index.php/Index/order/
INFO: [ app_init ] --START--
INFO: Run Behavior\BuildLiteBehavior [ RunTime:0.000033s ]
INFO: [ app_init ] --END-- [ RunTime:0.001006s ]

[ 2017-04-28T16:57:41+08:00 ] ::1 /order/index.php/Index/order/
INFO: [ app_init ] --START--
INFO: Run Behavior\BuildLiteBehavior [ RunTime:0.000035s ]
INFO: [ app_init ] --END-- [ RunTime:0.001208s ]

[ 2017-04-28T16:57:53+08:00 ] ::1 /order/index.php/Index/order/
INFO: [ app_init ] --START--
INFO: Run Behavior\BuildLiteBehavior [ RunTime:0.000033s ]
INFO: [ app_init ] --END-- [ RunTime:0.011530s ]

[ 2017-04-28T16:58:01+08:00 ] ::1 /order/index.php/Index/order/
INFO: [ app_init ] --START--
INFO: Run Behavior\BuildLiteBehavior [ RunTime:0.000040s ]
INFO: [ app_init ] --END-- [ RunTime:0.001056s ]

[ 2017-04-28T16:58:08+08:00 ] ::1 /order/index.php/Index/order/
INFO: [ app_init ] --START--
INFO: Run Behavior\BuildLiteBehavior [ RunTime:0.000098s ]
INFO: [ app_init ] --END-- [ RunTime:0.025760s ]

[ 2017-04-28T16:59:11+08:00 ] ::1 /order/index.php/Index/order/
INFO: [ app_init ] --START--
INFO: Run Behavior\BuildLiteBehavior [ RunTime:0.000032s ]
INFO: [ app_init ] --END-- [ RunTime:0.000834s ]

[ 2017-04-28T16:59:19+08:00 ] ::1 /order/index.php/Index/order/
INFO: [ app_init ] --START--
INFO: Run Behavior\BuildLiteBehavior [ RunTime:0.000035s ]
INFO: [ app_init ] --END-- [ RunTime:0.000986s ]

[ 2017-04-28T16:59:25+08:00 ] ::1 /order/index.php/Index/order/
INFO: [ app_init ] --START--
INFO: Run Behavior\BuildLiteBehavior [ RunTime:0.000037s ]
INFO: [ app_init ] --END-- [ RunTime:0.001413s ]

[ 2017-04-28T17:24:00+08:00 ] ::1 /order/index.php/Index/order/
INFO: [ app_init ] --START--
INFO: Run Behavior\BuildLiteBehavior [ RunTime:0.000043s ]
INFO: [ app_init ] --END-- [ RunTime:0.004390s ]

[ 2017-04-28T17:24:05+08:00 ] ::1 /order/index.php/Index/order/
INFO: [ app_init ] --START--
INFO: Run Behavior\BuildLiteBehavior [ RunTime:0.000038s ]
INFO: [ app_init ] --END-- [ RunTime:0.002858s ]

[ 2017-04-28T17:24:13+08:00 ] ::1 /order/index.php/Index/order/
INFO: [ app_init ] --START--
INFO: Run Behavior\BuildLiteBehavior [ RunTime:0.000038s ]
INFO: [ app_init ] --END-- [ RunTime:0.001184s ]

[ 2017-04-28T17:25:08+08:00 ] ::1 /order/index.php/Index/order/
INFO: [ app_init ] --START--
INFO: Run Behavior\BuildLiteBehavior [ RunTime:0.000038s ]
INFO: [ app_init ] --END-- [ RunTime:0.001229s ]

[ 2017-04-28T17:25:13+08:00 ] ::1 /order/index.php/Index/order/
INFO: [ app_init ] --START--
INFO: Run Behavior\BuildLiteBehavior [ RunTime:0.000035s ]
INFO: [ app_init ] --END-- [ RunTime:0.000989s ]

[ 2017-04-28T17:25:17+08:00 ] ::1 /order/index.php/Index/order/
INFO: [ app_init ] --START--
INFO: Run Behavior\BuildLiteBehavior [ RunTime:0.000056s ]
INFO: [ app_init ] --END-- [ RunTime:0.024460s ]

[ 2017-04-28T17:25:21+08:00 ] ::1 /order/index.php/Index/order/
INFO: [ app_init ] --START--
INFO: Run Behavior\BuildLiteBehavior [ RunTime:0.000034s ]
INFO: [ app_init ] --END-- [ RunTime:0.000887s ]

[ 2017-04-28T17:25:30+08:00 ] ::1 /order/index.php/Index/order/
INFO: [ app_init ] --START--
INFO: Run Behavior\BuildLiteBehavior [ RunTime:0.000040s ]
INFO: [ app_init ] --END-- [ RunTime:0.001162s ]

[ 2017-04-28T17:25:36+08:00 ] ::1 /order/index.php/Index/order/
INFO: [ app_init ] --START--
INFO: Run Behavior\BuildLiteBehavior [ RunTime:0.000032s ]
INFO: [ app_init ] --END-- [ RunTime:0.000899s ]

[ 2017-04-28T18:02:53+08:00 ] ::1 /order/index.php/Index/order/
INFO: [ app_init ] --START--
INFO: Run Behavior\BuildLiteBehavior [ RunTime:0.000081s ]
INFO: [ app_init ] --END-- [ RunTime:0.013182s ]

[ 2017-04-28T18:03:47+08:00 ] ::1 /order/index.php/Index/order/
INFO: [ app_init ] --START--
INFO: Run Behavior\BuildLiteBehavior [ RunTime:0.000042s ]
INFO: [ app_init ] --END-- [ RunTime:0.001719s ]

[ 2017-04-28T18:04:09+08:00 ] ::1 /order/index.php/Index/order/
INFO: [ app_init ] --START--
INFO: Run Behavior\BuildLiteBehavior [ RunTime:0.000152s ]
INFO: [ app_init ] --END-- [ RunTime:0.002323s ]

[ 2017-04-28T18:04:23+08:00 ] ::1 /order/index.php/Index/order/
INFO: [ app_init ] --START--
INFO: Run Behavior\BuildLiteBehavior [ RunTime:0.000031s ]
INFO: [ app_init ] --END-- [ RunTime:0.000875s ]

[ 2017-04-28T18:18:46+08:00 ] ::1 /order/index.php/Index/order/
INFO: [ app_init ] --START--
INFO: Run Behavior\BuildLiteBehavior [ RunTime:0.000038s ]
INFO: [ app_init ] --END-- [ RunTime:0.001005s ]

[ 2017-04-28T18:19:07+08:00 ] ::1 /order/index.php/Index/order/
INFO: [ app_init ] --START--
INFO: Run Behavior\BuildLiteBehavior [ RunTime:0.000035s ]
INFO: [ app_init ] --END-- [ RunTime:0.006532s ]

[ 2017-04-28T18:20:20+08:00 ] ::1 /order/index.php/Index/order/
INFO: [ app_init ] --START--
INFO: Run Behavior\BuildLiteBehavior [ RunTime:0.000046s ]
INFO: [ app_init ] --END-- [ RunTime:0.001324s ]

[ 2017-04-28T18:20:58+08:00 ] ::1 /order/index.php/Index/order/
INFO: [ app_init ] --START--
INFO: Run Behavior\BuildLiteBehavior [ RunTime:0.000085s ]
INFO: [ app_init ] --END-- [ RunTime:0.001807s ]

[ 2017-04-28T18:25:29+08:00 ] ::1 /order/index.php/Index/order/
INFO: [ app_init ] --START--
INFO: Run Behavior\BuildLiteBehavior [ RunTime:0.000038s ]
INFO: [ app_init ] --END-- [ RunTime:0.001146s ]

[ 2017-04-28T18:25:42+08:00 ] ::1 /order/index.php/Index/order/
INFO: [ app_init ] --START--
INFO: Run Behavior\BuildLiteBehavior [ RunTime:0.000062s ]
INFO: [ app_init ] --END-- [ RunTime:0.001817s ]

[ 2017-04-28T18:34:40+08:00 ] ::1 /order/index.php/Index/order/
INFO: [ app_init ] --START--
INFO: Run Behavior\BuildLiteBehavior [ RunTime:0.000035s ]
INFO: [ app_init ] --END-- [ RunTime:0.001856s ]

[ 2017-04-28T18:50:58+08:00 ] ::1 /order/index.php/Index/order/
INFO: [ app_init ] --START--
INFO: Run Behavior\BuildLiteBehavior [ RunTime:0.000031s ]
INFO: [ app_init ] --END-- [ RunTime:0.000975s ]

[ 2017-04-28T19:07:32+08:00 ] ::1 /order/index.php/Index/order/
INFO: [ app_init ] --START--
INFO: Run Behavior\BuildLiteBehavior [ RunTime:0.000031s ]
INFO: [ app_init ] --END-- [ RunTime:0.000921s ]

[ 2017-04-28T19:08:01+08:00 ] ::1 /order/index.php/Index/order/
INFO: [ app_init ] --START--
INFO: Run Behavior\BuildLiteBehavior [ RunTime:0.000034s ]
INFO: [ app_init ] --END-- [ RunTime:0.000978s ]

[ 2017-04-28T19:08:37+08:00 ] ::1 /order/index.php/Index/order/
INFO: [ app_init ] --START--
INFO: Run Behavior\BuildLiteBehavior [ RunTime:0.000033s ]
INFO: [ app_init ] --END-- [ RunTime:0.000935s ]

[ 2017-04-28T19:08:41+08:00 ] ::1 /order/index.php/Index/order/
INFO: [ app_init ] --START--
INFO: Run Behavior\BuildLiteBehavior [ RunTime:0.000034s ]
INFO: [ app_init ] --END-- [ RunTime:0.001276s ]

[ 2017-04-28T19:09:05+08:00 ] ::1 /order/index.php/Index/order/
INFO: [ app_init ] --START--
INFO: Run Behavior\BuildLiteBehavior [ RunTime:0.000036s ]
INFO: [ app_init ] --END-- [ RunTime:0.001491s ]

[ 2017-04-28T19:09:52+08:00 ] ::1 /order/index.php/Index/order/
INFO: [ app_init ] --START--
INFO: Run Behavior\BuildLiteBehavior [ RunTime:0.000032s ]
INFO: [ app_init ] --END-- [ RunTime:0.000907s ]

[ 2017-04-28T19:10:35+08:00 ] ::1 /order/index.php/Index/order/
INFO: [ app_init ] --START--
INFO: Run Behavior\BuildLiteBehavior [ RunTime:0.000085s ]
INFO: [ app_init ] --END-- [ RunTime:0.002211s ]

[ 2017-04-28T19:11:06+08:00 ] ::1 /order/index.php/Index/order/
INFO: [ app_init ] --START--
INFO: Run Behavior\BuildLiteBehavior [ RunTime:0.000042s ]
INFO: [ app_init ] --END-- [ RunTime:0.001107s ]

[ 2017-04-28T19:12:12+08:00 ] ::1 /order/index.php/Index/order/
INFO: [ app_init ] --START--
INFO: Run Behavior\BuildLiteBehavior [ RunTime:0.000071s ]
INFO: [ app_init ] --END-- [ RunTime:0.001789s ]

[ 2017-04-28T19:12:25+08:00 ] ::1 /order/index.php/Index/order/
INFO: [ app_init ] --START--
INFO: Run Behavior\BuildLiteBehavior [ RunTime:0.000131s ]
INFO: [ app_init ] --END-- [ RunTime:0.002017s ]

[ 2017-04-28T19:12:36+08:00 ] ::1 /order/index.php/Index/order/
INFO: [ app_init ] --START--
INFO: Run Behavior\BuildLiteBehavior [ RunTime:0.000036s ]
INFO: [ app_init ] --END-- [ RunTime:0.001389s ]

[ 2017-04-28T19:23:39+08:00 ] ::1 /order/index.php/Index/order/
INFO: [ app_init ] --START--
INFO: Run Behavior\BuildLiteBehavior [ RunTime:0.000043s ]
INFO: [ app_init ] --END-- [ RunTime:0.001973s ]

[ 2017-04-28T19:24:28+08:00 ] ::1 /order/index.php/Index/order/
INFO: [ app_init ] --START--
INFO: Run Behavior\BuildLiteBehavior [ RunTime:0.000033s ]
INFO: [ app_init ] --END-- [ RunTime:0.002330s ]

[ 2017-04-28T19:25:02+08:00 ] ::1 /order/index.php/Index/order/
INFO: [ app_init ] --START--
INFO: Run Behavior\BuildLiteBehavior [ RunTime:0.000037s ]
INFO: [ app_init ] --END-- [ RunTime:0.010683s ]

[ 2017-04-28T19:31:47+08:00 ] ::1 /order/index.php/Index/order/
INFO: [ app_init ] --START--
INFO: Run Behavior\BuildLiteBehavior [ RunTime:0.000033s ]
INFO: [ app_init ] --END-- [ RunTime:0.000934s ]

[ 2017-04-28T20:38:36+08:00 ] ::1 /order/index.php/Index/order/
INFO: [ app_init ] --START--
INFO: Run Behavior\BuildLiteBehavior [ RunTime:0.000075s ]
INFO: [ app_init ] --END-- [ RunTime:0.001743s ]

[ 2017-04-28T20:41:23+08:00 ] ::1 /order/index.php/Index/order/
INFO: [ app_init ] --START--
INFO: Run Behavior\BuildLiteBehavior [ RunTime:0.000078s ]
INFO: [ app_init ] --END-- [ RunTime:0.001990s ]

[ 2017-04-28T20:45:43+08:00 ] ::1 /order/index.php/Index/order/
INFO: [ app_init ] --START--
INFO: Run Behavior\BuildLiteBehavior [ RunTime:0.000034s ]
INFO: [ app_init ] --END-- [ RunTime:0.001642s ]

[ 2017-04-28T20:52:37+08:00 ] ::1 /order/index.php/Index/order/
INFO: [ app_init ] --START--
INFO: Run Behavior\BuildLiteBehavior [ RunTime:0.000183s ]
INFO: [ app_init ] --END-- [ RunTime:0.004211s ]

[ 2017-04-28T20:54:50+08:00 ] ::1 /order/index.php/Index/order/
INFO: [ app_init ] --START--
INFO: Run Behavior\BuildLiteBehavior [ RunTime:0.000250s ]
INFO: [ app_init ] --END-- [ RunTime:0.001575s ]

[ 2017-04-28T20:58:46+08:00 ] ::1 /order/index.php/Index/order/
INFO: [ app_init ] --START--
INFO: Run Behavior\BuildLiteBehavior [ RunTime:0.000073s ]
INFO: [ app_init ] --END-- [ RunTime:0.002588s ]

[ 2017-04-28T20:59:33+08:00 ] ::1 /order/index.php/Index/order/
INFO: [ app_init ] --START--
INFO: Run Behavior\BuildLiteBehavior [ RunTime:0.000033s ]
INFO: [ app_init ] --END-- [ RunTime:0.001083s ]

[ 2017-04-28T21:10:49+08:00 ] ::1 /order/index.php/Index/order/
INFO: [ app_init ] --START--
INFO: Run Behavior\BuildLiteBehavior [ RunTime:0.000036s ]
INFO: [ app_init ] --END-- [ RunTime:0.000966s ]

[ 2017-04-28T21:11:26+08:00 ] ::1 /order/index.php/Index/order/
INFO: [ app_init ] --START--
INFO: Run Behavior\BuildLiteBehavior [ RunTime:0.000038s ]
INFO: [ app_init ] --END-- [ RunTime:0.002255s ]

[ 2017-04-28T21:13:51+08:00 ] ::1 /order/index.php/Index/order/
INFO: [ app_init ] --START--
INFO: Run Behavior\BuildLiteBehavior [ RunTime:0.000037s ]
INFO: [ app_init ] --END-- [ RunTime:0.001534s ]

[ 2017-04-28T21:15:23+08:00 ] ::1 /order/index.php/Index/order/
INFO: [ app_init ] --START--
INFO: Run Behavior\BuildLiteBehavior [ RunTime:0.000035s ]
INFO: [ app_init ] --END-- [ RunTime:0.001252s ]

[ 2017-04-28T21:20:42+08:00 ] ::1 /order/index.php/Index/order/
INFO: [ app_init ] --START--
INFO: Run Behavior\BuildLiteBehavior [ RunTime:0.000037s ]
INFO: [ app_init ] --END-- [ RunTime:0.001782s ]

[ 2017-04-28T21:23:04+08:00 ] ::1 /order/index.php/Index/order/
INFO: [ app_init ] --START--
INFO: Run Behavior\BuildLiteBehavior [ RunTime:0.000041s ]
INFO: [ app_init ] --END-- [ RunTime:0.002459s ]

[ 2017-04-28T21:29:47+08:00 ] ::1 /order/index.php/Index/login/
INFO: [ app_init ] --START--
INFO: Run Behavior\BuildLiteBehavior [ RunTime:0.000037s ]
INFO: [ app_init ] --END-- [ RunTime:0.001854s ]

[ 2017-04-28T21:30:07+08:00 ] ::1 /order/index.php/Index/login/
INFO: [ app_init ] --START--
INFO: Run Behavior\BuildLiteBehavior [ RunTime:0.000034s ]
INFO: [ app_init ] --END-- [ RunTime:0.001308s ]

[ 2017-04-28T21:30:10+08:00 ] ::1 /order/index.php/Index/orderManagement/id/1
INFO: [ app_init ] --START--
INFO: Run Behavior\BuildLiteBehavior [ RunTime:0.000050s ]
INFO: [ app_init ] --END-- [ RunTime:0.001117s ]

[ 2017-04-28T21:30:10+08:00 ] ::1 /order/index.php/Index/orderManagement/id/2
INFO: [ app_init ] --START--
INFO: Run Behavior\BuildLiteBehavior [ RunTime:0.000031s ]
INFO: [ app_init ] --END-- [ RunTime:0.000879s ]

[ 2017-04-28T21:30:11+08:00 ] ::1 /order/index.php/Index/orderManagement/id/3
INFO: [ app_init ] --START--
INFO: Run Behavior\BuildLiteBehavior [ RunTime:0.000032s ]
INFO: [ app_init ] --END-- [ RunTime:0.000846s ]

[ 2017-04-28T21:30:17+08:00 ] ::1 /order/index.php/Index/orderManagement/id/3
INFO: [ app_init ] --START--
INFO: Run Behavior\BuildLiteBehavior [ RunTime:0.000036s ]
INFO: [ app_init ] --END-- [ RunTime:0.001015s ]

[ 2017-04-28T21:30:18+08:00 ] ::1 /order/index.php/Index/orderManagement/id/1
INFO: [ app_init ] --START--
INFO: Run Behavior\BuildLiteBehavior [ RunTime:0.000039s ]
INFO: [ app_init ] --END-- [ RunTime:0.001254s ]

[ 2017-04-28T21:30:18+08:00 ] ::1 /order/index.php/Index/orderManagement/id/2
INFO: [ app_init ] --START--
INFO: Run Behavior\BuildLiteBehavior [ RunTime:0.000034s ]
INFO: [ app_init ] --END-- [ RunTime:0.001040s ]

[ 2017-04-28T21:30:46+08:00 ] ::1 /order/index.php/Index/login/
INFO: [ app_init ] --START--
INFO: Run Behavior\BuildLiteBehavior [ RunTime:0.000030s ]
INFO: [ app_init ] --END-- [ RunTime:0.000858s ]

[ 2017-04-28T21:31:24+08:00 ] ::1 /order/index.php/Index/login/
INFO: [ app_init ] --START--
INFO: Run Behavior\BuildLiteBehavior [ RunTime:0.000032s ]
INFO: [ app_init ] --END-- [ RunTime:0.000897s ]

[ 2017-04-28T21:33:52+08:00 ] ::1 /order/index.php/Index/login/
INFO: [ app_init ] --START--
INFO: Run Behavior\BuildLiteBehavior [ RunTime:0.000156s ]
INFO: [ app_init ] --END-- [ RunTime:0.002296s ]

[ 2017-04-28T21:35:16+08:00 ] ::1 /order/index.php/Index/login/
INFO: [ app_init ] --START--
INFO: Run Behavior\BuildLiteBehavior [ RunTime:0.000031s ]
INFO: [ app_init ] --END-- [ RunTime:0.000899s ]

[ 2017-04-28T21:35:19+08:00 ] ::1 /order/index.php/Index/login/
INFO: [ app_init ] --START--
INFO: Run Behavior\BuildLiteBehavior [ RunTime:0.000031s ]
INFO: [ app_init ] --END-- [ RunTime:0.000863s ]

[ 2017-04-28T21:38:20+08:00 ] ::1 /order/index.php/Index/login/
INFO: [ app_init ] --START--
INFO: Run Behavior\BuildLiteBehavior [ RunTime:0.000034s ]
INFO: [ app_init ] --END-- [ RunTime:0.001664s ]

[ 2017-04-28T21:38:24+08:00 ] ::1 /order/index.php/Index/orderManagement/id/1
INFO: [ app_init ] --START--
INFO: Run Behavior\BuildLiteBehavior [ RunTime:0.000034s ]
INFO: [ app_init ] --END-- [ RunTime:0.001049s ]

[ 2017-04-28T21:38:59+08:00 ] ::1 /order/index.php/Index/login/
INFO: [ app_init ] --START--
INFO: Run Behavior\BuildLiteBehavior [ RunTime:0.000038s ]
INFO: [ app_init ] --END-- [ RunTime:0.002316s ]

[ 2017-04-28T21:39:02+08:00 ] ::1 /order/index.php/Index/orderManagement/id/1
INFO: [ app_init ] --START--
INFO: Run Behavior\BuildLiteBehavior [ RunTime:0.000033s ]
INFO: [ app_init ] --END-- [ RunTime:0.000969s ]

[ 2017-04-28T21:39:03+08:00 ] ::1 /order/index.php/Index/orderManagement/id/2
INFO: [ app_init ] --START--
INFO: Run Behavior\BuildLiteBehavior [ RunTime:0.000035s ]
INFO: [ app_init ] --END-- [ RunTime:0.000968s ]

[ 2017-04-28T21:39:54+08:00 ] ::1 /order/index.php/Index/login/
INFO: [ app_init ] --START--
INFO: Run Behavior\BuildLiteBehavior [ RunTime:0.000036s ]
INFO: [ app_init ] --END-- [ RunTime:0.000950s ]

[ 2017-04-28T21:40:29+08:00 ] ::1 /order/index.php/Index/login/
INFO: [ app_init ] --START--
INFO: Run Behavior\BuildLiteBehavior [ RunTime:0.000030s ]
INFO: [ app_init ] --END-- [ RunTime:0.000882s ]

[ 2017-04-28T21:40:59+08:00 ] ::1 /order/index.php/Index/login/
INFO: [ app_init ] --START--
INFO: Run Behavior\BuildLiteBehavior [ RunTime:0.000030s ]
INFO: [ app_init ] --END-- [ RunTime:0.000879s ]

[ 2017-04-28T21:41:42+08:00 ] ::1 /order/index.php/Index/login/
INFO: [ app_init ] --START--
INFO: Run Behavior\BuildLiteBehavior [ RunTime:0.000031s ]
INFO: [ app_init ] --END-- [ RunTime:0.000956s ]

[ 2017-04-28T21:41:45+08:00 ] ::1 /order/index.php/Index/orderManagement/id/1
INFO: [ app_init ] --START--
INFO: Run Behavior\BuildLiteBehavior [ RunTime:0.000032s ]
INFO: [ app_init ] --END-- [ RunTime:0.000907s ]

[ 2017-04-28T21:41:45+08:00 ] ::1 /order/index.php/Index/orderManagement/id/2
INFO: [ app_init ] --START--
INFO: Run Behavior\BuildLiteBehavior [ RunTime:0.000033s ]
INFO: [ app_init ] --END-- [ RunTime:0.001187s ]

[ 2017-04-28T21:41:52+08:00 ] ::1 /order/index.php/Index/login/
INFO: [ app_init ] --START--
INFO: Run Behavior\BuildLiteBehavior [ RunTime:0.000034s ]
INFO: [ app_init ] --END-- [ RunTime:0.001147s ]

[ 2017-04-28T21:50:06+08:00 ] ::1 /order/index.php/Index/orderManagement/id/1
INFO: [ app_init ] --START--
INFO: Run Behavior\BuildLiteBehavior [ RunTime:0.000037s ]
INFO: [ app_init ] --END-- [ RunTime:0.001010s ]

[ 2017-04-28T21:50:13+08:00 ] ::1 /order/index.php/Index/orderManagement/id/2
INFO: [ app_init ] --START--
INFO: Run Behavior\BuildLiteBehavior [ RunTime:0.000030s ]
INFO: [ app_init ] --END-- [ RunTime:0.001000s ]

[ 2017-04-28T21:50:15+08:00 ] ::1 /order/index.php/Index/orderManagement/id/2
INFO: [ app_init ] --START--
INFO: Run Behavior\BuildLiteBehavior [ RunTime:0.000037s ]
INFO: [ app_init ] --END-- [ RunTime:0.001013s ]

