[ 2017-05-01T10:37:42+08:00 ] ::1 /order/
INFO: [ app_init ] --START--
INFO: Run Behavior\BuildLiteBehavior [ RunTime:0.000129s ]
INFO: [ app_init ] --END-- [ RunTime:0.004994s ]

[ 2017-05-01T10:42:35+08:00 ] ::1 /order/index.php/Index/index
INFO: [ app_init ] --START--
INFO: Run Behavior\BuildLiteBehavior [ RunTime:0.000036s ]
INFO: [ app_init ] --END-- [ RunTime:0.010812s ]

[ 2017-05-01T10:42:37+08:00 ] ::1 /order/index.php/Index/index
INFO: [ app_init ] --START--
INFO: Run Behavior\BuildLiteBehavior [ RunTime:0.000032s ]
INFO: [ app_init ] --END-- [ RunTime:0.001191s ]

[ 2017-05-01T10:43:15+08:00 ] ::1 /order/index.php/Index/index
INFO: [ app_init ] --START--
INFO: Run Behavior\BuildLiteBehavior [ RunTime:0.000037s ]
INFO: [ app_init ] --END-- [ RunTime:0.002028s ]

[ 2017-05-01T10:43:16+08:00 ] ::1 /order/index.php/Index/index
INFO: [ app_init ] --START--
INFO: Run Behavior\BuildLiteBehavior [ RunTime:0.000035s ]
INFO: [ app_init ] --END-- [ RunTime:0.001378s ]

[ 2017-05-01T10:43:47+08:00 ] ::1 /order/index.php/Index/index
INFO: [ app_init ] --START--
INFO: Run Behavior\BuildLiteBehavior [ RunTime:0.000043s ]
INFO: [ app_init ] --END-- [ RunTime:0.000905s ]

[ 2017-05-01T10:43:50+08:00 ] ::1 /order/index.php/Index/index
INFO: [ app_init ] --START--
INFO: Run Behavior\BuildLiteBehavior [ RunTime:0.000033s ]
INFO: [ app_init ] --END-- [ RunTime:0.001002s ]

[ 2017-05-01T10:55:57+08:00 ] ::1 /order/index.php/Index/index
INFO: [ app_init ] --START--
INFO: Run Behavior\BuildLiteBehavior [ RunTime:0.000043s ]
INFO: [ app_init ] --END-- [ RunTime:0.004989s ]

[ 2017-05-01T10:56:19+08:00 ] ::1 /order/index.php/Index/index
INFO: [ app_init ] --START--
INFO: Run Behavior\BuildLiteBehavior [ RunTime:0.000032s ]
INFO: [ app_init ] --END-- [ RunTime:0.001036s ]

[ 2017-05-01T10:57:31+08:00 ] ::1 /order/index.php/Index/index
INFO: [ app_init ] --START--
INFO: Run Behavior\BuildLiteBehavior [ RunTime:0.000032s ]
INFO: [ app_init ] --END-- [ RunTime:0.001160s ]

[ 2017-05-01T11:09:37+08:00 ] ::1 /order/index.php/Index/index
INFO: [ app_init ] --START--
INFO: Run Behavior\BuildLiteBehavior [ RunTime:0.000035s ]
INFO: [ app_init ] --END-- [ RunTime:0.006029s ]

[ 2017-05-01T11:09:52+08:00 ] ::1 /order/index.php/Index/index
INFO: [ app_init ] --START--
INFO: Run Behavior\BuildLiteBehavior [ RunTime:0.000030s ]
INFO: [ app_init ] --END-- [ RunTime:0.000916s ]

[ 2017-05-01T11:10:17+08:00 ] ::1 /order/index.php/Index/index
INFO: [ app_init ] --START--
INFO: Run Behavior\BuildLiteBehavior [ RunTime:0.000032s ]
INFO: [ app_init ] --END-- [ RunTime:0.001092s ]

[ 2017-05-01T11:10:19+08:00 ] ::1 /order/index.php/Index/login
INFO: [ app_init ] --START--
INFO: Run Behavior\BuildLiteBehavior [ RunTime:0.000036s ]
INFO: [ app_init ] --END-- [ RunTime:0.001150s ]

[ 2017-05-01T11:11:34+08:00 ] ::1 /order/index.php/Index/login
INFO: [ app_init ] --START--
INFO: Run Behavior\BuildLiteBehavior [ RunTime:0.000035s ]
INFO: [ app_init ] --END-- [ RunTime:0.001600s ]

[ 2017-05-01T11:11:36+08:00 ] ::1 /order/index.php/Index/login
INFO: [ app_init ] --START--
INFO: Run Behavior\BuildLiteBehavior [ RunTime:0.000032s ]
INFO: [ app_init ] --END-- [ RunTime:0.000970s ]

[ 2017-05-01T11:12:29+08:00 ] ::1 /order/index.php/Index/login
INFO: [ app_init ] --START--
INFO: Run Behavior\BuildLiteBehavior [ RunTime:0.000343s ]
INFO: [ app_init ] --END-- [ RunTime:0.001704s ]

[ 2017-05-01T11:12:32+08:00 ] ::1 /order/index.php/Index/login
INFO: [ app_init ] --START--
INFO: Run Behavior\BuildLiteBehavior [ RunTime:0.000038s ]
INFO: [ app_init ] --END-- [ RunTime:0.001231s ]

[ 2017-05-01T11:13:56+08:00 ] ::1 /order/index.php/Index/login
INFO: [ app_init ] --START--
INFO: Run Behavior\BuildLiteBehavior [ RunTime:0.000035s ]
INFO: [ app_init ] --END-- [ RunTime:0.001240s ]

[ 2017-05-01T11:14:07+08:00 ] ::1 /order/index.php/Index/login
INFO: [ app_init ] --START--
INFO: Run Behavior\BuildLiteBehavior [ RunTime:0.000032s ]
INFO: [ app_init ] --END-- [ RunTime:0.000920s ]

[ 2017-05-01T11:14:23+08:00 ] ::1 /order/index.php/Index/login
INFO: [ app_init ] --START--
INFO: Run Behavior\BuildLiteBehavior [ RunTime:0.000034s ]
INFO: [ app_init ] --END-- [ RunTime:0.001099s ]

[ 2017-05-01T11:14:25+08:00 ] ::1 /order/index.php/Index/login
INFO: [ app_init ] --START--
INFO: Run Behavior\BuildLiteBehavior [ RunTime:0.000040s ]
INFO: [ app_init ] --END-- [ RunTime:0.002011s ]

[ 2017-05-01T11:32:07+08:00 ] ::1 /order/index.php/Index/login
INFO: [ app_init ] --START--
INFO: Run Behavior\BuildLiteBehavior [ RunTime:0.000038s ]
INFO: [ app_init ] --END-- [ RunTime:0.005793s ]

[ 2017-05-01T11:32:10+08:00 ] ::1 /order/index.php/Index/login
INFO: [ app_init ] --START--
INFO: Run Behavior\BuildLiteBehavior [ RunTime:0.000102s ]
INFO: [ app_init ] --END-- [ RunTime:0.001014s ]

[ 2017-05-01T11:33:06+08:00 ] ::1 /order/index.php/Index/login
INFO: [ app_init ] --START--
INFO: Run Behavior\BuildLiteBehavior [ RunTime:0.000033s ]
INFO: [ app_init ] --END-- [ RunTime:0.001388s ]

[ 2017-05-01T11:39:02+08:00 ] ::1 /order/index.php/Index/login
INFO: [ app_init ] --START--
INFO: Run Behavior\BuildLiteBehavior [ RunTime:0.000040s ]
INFO: [ app_init ] --END-- [ RunTime:0.001853s ]

[ 2017-05-01T11:39:09+08:00 ] ::1 /order/index.php/Index/login
INFO: [ app_init ] --START--
INFO: Run Behavior\BuildLiteBehavior [ RunTime:0.000033s ]
INFO: [ app_init ] --END-- [ RunTime:0.000921s ]

[ 2017-05-01T11:39:48+08:00 ] ::1 /order/index.php/Index/login
INFO: [ app_init ] --START--
INFO: Run Behavior\BuildLiteBehavior [ RunTime:0.000033s ]
INFO: [ app_init ] --END-- [ RunTime:0.000949s ]

[ 2017-05-01T11:41:13+08:00 ] ::1 /order/index.php/Index/login
INFO: [ app_init ] --START--
INFO: Run Behavior\BuildLiteBehavior [ RunTime:0.000067s ]
INFO: [ app_init ] --END-- [ RunTime:0.001258s ]

[ 2017-05-01T11:43:22+08:00 ] ::1 /order/index.php/Index/login
INFO: [ app_init ] --START--
INFO: Run Behavior\BuildLiteBehavior [ RunTime:0.000042s ]
INFO: [ app_init ] --END-- [ RunTime:0.007466s ]
ERR: 模板不存在:app/Home/View/Index/index.html

[ 2017-05-01T11:43:42+08:00 ] ::1 /order/index.php/Index/login
INFO: [ app_init ] --START--
INFO: Run Behavior\BuildLiteBehavior [ RunTime:0.000033s ]
INFO: [ app_init ] --END-- [ RunTime:0.001051s ]
ERR: 模板不存在:app/Home/View/Index/index.html

[ 2017-05-01T11:44:03+08:00 ] ::1 /order/index.php/Index/login
INFO: [ app_init ] --START--
INFO: Run Behavior\BuildLiteBehavior [ RunTime:0.000038s ]
INFO: [ app_init ] --END-- [ RunTime:0.001131s ]

[ 2017-05-01T11:44:18+08:00 ] ::1 /order/index.php/Index/login
INFO: [ app_init ] --START--
INFO: Run Behavior\BuildLiteBehavior [ RunTime:0.000038s ]
INFO: [ app_init ] --END-- [ RunTime:0.001593s ]

[ 2017-05-01T11:48:52+08:00 ] ::1 /order/index.php/Index/login
INFO: [ app_init ] --START--
INFO: Run Behavior\BuildLiteBehavior [ RunTime:0.000034s ]
INFO: [ app_init ] --END-- [ RunTime:0.001888s ]

[ 2017-05-01T11:48:54+08:00 ] ::1 /order/index.php/Index/adduser
INFO: [ app_init ] --START--
INFO: Run Behavior\BuildLiteBehavior [ RunTime:0.000041s ]
INFO: [ app_init ] --END-- [ RunTime:0.001266s ]

[ 2017-05-01T11:49:02+08:00 ] ::1 /order/index.php/Index/oneuser/id/1
INFO: [ app_init ] --START--
INFO: Run Behavior\BuildLiteBehavior [ RunTime:0.000039s ]
INFO: [ app_init ] --END-- [ RunTime:0.001623s ]

[ 2017-05-01T11:53:41+08:00 ] ::1 /order/index.php/Index/login
INFO: [ app_init ] --START--
INFO: Run Behavior\BuildLiteBehavior [ RunTime:0.000035s ]
INFO: [ app_init ] --END-- [ RunTime:0.001452s ]

[ 2017-05-01T11:53:44+08:00 ] ::1 /order/index.php/Index/login
INFO: [ app_init ] --START--
INFO: Run Behavior\BuildLiteBehavior [ RunTime:0.000037s ]
INFO: [ app_init ] --END-- [ RunTime:0.001179s ]

[ 2017-05-01T11:53:49+08:00 ] ::1 /order/index.php/Index/index
INFO: [ app_init ] --START--
INFO: Run Behavior\BuildLiteBehavior [ RunTime:0.000104s ]
INFO: [ app_init ] --END-- [ RunTime:0.001102s ]
ERR: 系统不支持:Xcache

[ 2017-05-01T11:53:49+08:00 ] ::1 /order/index.php/Index/index
INFO: [ app_init ] --START--
INFO: Run Behavior\BuildLiteBehavior [ RunTime:0.000041s ]
INFO: [ app_init ] --END-- [ RunTime:0.001203s ]
ERR: 系统不支持:Xcache

[ 2017-05-01T11:53:52+08:00 ] ::1 /order/index.php/Index/index
INFO: [ app_init ] --START--
INFO: Run Behavior\BuildLiteBehavior [ RunTime:0.000039s ]
INFO: [ app_init ] --END-- [ RunTime:0.001323s ]
ERR: 系统不支持:Xcache

[ 2017-05-01T11:57:36+08:00 ] ::1 /order/index.php/Index/index
INFO: [ app_init ] --START--
INFO: Run Behavior\BuildLiteBehavior [ RunTime:0.000033s ]
INFO: [ app_init ] --END-- [ RunTime:0.005220s ]
ERR: 系统不支持:Xcache

[ 2017-05-01T11:58:17+08:00 ] ::1 /order/index.php/Index/index
INFO: [ app_init ] --START--
INFO: Run Behavior\BuildLiteBehavior [ RunTime:0.000031s ]
INFO: [ app_init ] --END-- [ RunTime:0.000877s ]
ERR: 无法加载缓存类型:cache

[ 2017-05-01T11:58:29+08:00 ] ::1 /order/index.php/Index/index
INFO: [ app_init ] --START--
INFO: Run Behavior\BuildLiteBehavior [ RunTime:0.000031s ]
INFO: [ app_init ] --END-- [ RunTime:0.000922s ]
ERR: 系统不支持:Xcache

[ 2017-05-01T11:59:32+08:00 ] ::1 /order/index.php/Index/index
INFO: [ app_init ] --START--
INFO: Run Behavior\BuildLiteBehavior [ RunTime:0.000033s ]
INFO: [ app_init ] --END-- [ RunTime:0.022151s ]
ERR: 1103:Incorrect table name ''
 [ SQL语句 ] : select `cachekey` from `` where `cachekey`='a' limit 0,1

[ 2017-05-01T16:01:41+08:00 ] ::1 /order/index.php/Index/index
INFO: [ app_init ] --START--
INFO: Run Behavior\BuildLiteBehavior [ RunTime:0.000359s ]
INFO: [ app_init ] --END-- [ RunTime:0.104310s ]

[ 2017-05-01T16:40:52+08:00 ] ::1 /order/index.php/Index/index
INFO: [ app_init ] --START--
INFO: Run Behavior\BuildLiteBehavior [ RunTime:0.000047s ]
INFO: [ app_init ] --END-- [ RunTime:0.011476s ]

